2015-03-19 17:49:05,601 [11] TREC.Web.Global DEBUG - 家具快搜启动
2015-03-19 17:49:10,084 [14] TREC.Web.Global ERROR - 错误:
UrlReferrer:
http://localhost:10080/index.aspx
UserAgent:
Mozilla/5.0 (Windows NT 6.1; WOW64; Trident/7.0; rv:11.0) like Gecko
UserHostName:
127.0.0.1
UserHostAddress:
127.0.0.1

System.Web.HttpException: 文件不存在。
   在 System.Web.StaticFileHandler.GetFileInfo(String virtualPathWithPathInfo, String physicalPath, HttpResponse response)
   在 System.Web.StaticFileHandler.ProcessRequestInternal(HttpContext context)
   在 System.Web.DefaultHttpHandler.BeginProcessRequest(HttpContext context, AsyncCallback callback, Object state)
   在 System.Web.HttpApplication.CallHandlerExecutionStep.System.Web.HttpApplication.IExecutionStep.Execute()
   在 System.Web.HttpApplication.ExecuteStep(IExecutionStep step, Boolean& completedSynchronously)
2015-03-19 17:49:10,095 [14] TREC.Web.Global ERROR - 错误:
UrlReferrer:
http://localhost:10080/index.aspx
UserAgent:
Mozilla/5.0 (Windows NT 6.1; WOW64; Trident/7.0; rv:11.0) like Gecko
UserHostName:
127.0.0.1
UserHostAddress:
127.0.0.1

System.Web.HttpException: 文件不存在。
   在 System.Web.StaticFileHandler.GetFileInfo(String virtualPathWithPathInfo, String physicalPath, HttpResponse response)
   在 System.Web.StaticFileHandler.ProcessRequestInternal(HttpContext context)
   在 System.Web.DefaultHttpHandler.BeginProcessRequest(HttpContext context, AsyncCallback callback, Object state)
   在 System.Web.HttpApplication.CallHandlerExecutionStep.System.Web.HttpApplication.IExecutionStep.Execute()
   在 System.Web.HttpApplication.ExecuteStep(IExecutionStep step, Boolean& completedSynchronously)
2015-03-19 17:49:10,108 [13] TREC.Web.Global ERROR - 错误:
UrlReferrer:
http://localhost:10080/index.aspx
UserAgent:
Mozilla/5.0 (Windows NT 6.1; WOW64; Trident/7.0; rv:11.0) like Gecko
UserHostName:
127.0.0.1
UserHostAddress:
127.0.0.1

System.Web.HttpException: 文件不存在。
   在 System.Web.StaticFileHandler.GetFileInfo(String virtualPathWithPathInfo, String physicalPath, HttpResponse response)
   在 System.Web.StaticFileHandler.ProcessRequestInternal(HttpContext context)
   在 System.Web.DefaultHttpHandler.BeginProcessRequest(HttpContext context, AsyncCallback callback, Object state)
   在 System.Web.HttpApplication.CallHandlerExecutionStep.System.Web.HttpApplication.IExecutionStep.Execute()
   在 System.Web.HttpApplication.ExecuteStep(IExecutionStep step, Boolean& completedSynchronously)
2015-03-19 17:49:10,112 [13] TREC.Web.Global ERROR - 错误:
UrlReferrer:
http://localhost:10080/index.aspx
UserAgent:
Mozilla/5.0 (Windows NT 6.1; WOW64; Trident/7.0; rv:11.0) like Gecko
UserHostName:
127.0.0.1
UserHostAddress:
127.0.0.1

System.Web.HttpException: 文件不存在。
   在 System.Web.StaticFileHandler.GetFileInfo(String virtualPathWithPathInfo, String physicalPath, HttpResponse response)
   在 System.Web.StaticFileHandler.ProcessRequestInternal(HttpContext context)
   在 System.Web.DefaultHttpHandler.BeginProcessRequest(HttpContext context, AsyncCallback callback, Object state)
   在 System.Web.HttpApplication.CallHandlerExecutionStep.System.Web.HttpApplication.IExecutionStep.Execute()
   在 System.Web.HttpApplication.ExecuteStep(IExecutionStep step, Boolean& completedSynchronously)
2015-03-19 17:49:10,113 [11] TREC.Web.Global ERROR - 错误:
UrlReferrer:
http://localhost:10080/index.aspx
UserAgent:
Mozilla/5.0 (Windows NT 6.1; WOW64; Trident/7.0; rv:11.0) like Gecko
UserHostName:
127.0.0.1
UserHostAddress:
127.0.0.1

System.Web.HttpException: 文件不存在。
   在 System.Web.StaticFileHandler.GetFileInfo(String virtualPathWithPathInfo, String physicalPath, HttpResponse response)
   在 System.Web.StaticFileHandler.ProcessRequestInternal(HttpContext context)
   在 System.Web.DefaultHttpHandler.BeginProcessRequest(HttpContext context, AsyncCallback callback, Object state)
   在 System.Web.HttpApplication.CallHandlerExecutionStep.System.Web.HttpApplication.IExecutionStep.Execute()
   在 System.Web.HttpApplication.ExecuteStep(IExecutionStep step, Boolean& completedSynchronously)
2015-03-19 17:49:10,117 [13] TREC.Web.Global ERROR - 错误:
UrlReferrer:
http://localhost:10080/index.aspx
UserAgent:
Mozilla/5.0 (Windows NT 6.1; WOW64; Trident/7.0; rv:11.0) like Gecko
UserHostName:
127.0.0.1
UserHostAddress:
127.0.0.1

System.Web.HttpException: 文件不存在。
   在 System.Web.StaticFileHandler.GetFileInfo(String virtualPathWithPathInfo, String physicalPath, HttpResponse response)
   在 System.Web.StaticFileHandler.ProcessRequestInternal(HttpContext context)
   在 System.Web.DefaultHttpHandler.BeginProcessRequest(HttpContext context, AsyncCallback callback, Object state)
   在 System.Web.HttpApplication.CallHandlerExecutionStep.System.Web.HttpApplication.IExecutionStep.Execute()
   在 System.Web.HttpApplication.ExecuteStep(IExecutionStep step, Boolean& completedSynchronously)
2015-03-19 17:49:10,171 [6] TREC.Web.Global ERROR - 错误:
UrlReferrer:
http://localhost:10080/index.aspx
UserAgent:
Mozilla/5.0 (Windows NT 6.1; WOW64; Trident/7.0; rv:11.0) like Gecko
UserHostName:
127.0.0.1
UserHostAddress:
127.0.0.1

System.Web.HttpException: 文件不存在。
   在 System.Web.StaticFileHandler.GetFileInfo(String virtualPathWithPathInfo, String physicalPath, HttpResponse response)
   在 System.Web.StaticFileHandler.ProcessRequestInternal(HttpContext context)
   在 System.Web.DefaultHttpHandler.BeginProcessRequest(HttpContext context, AsyncCallback callback, Object state)
   在 System.Web.HttpApplication.CallHandlerExecutionStep.System.Web.HttpApplication.IExecutionStep.Execute()
   在 System.Web.HttpApplication.ExecuteStep(IExecutionStep step, Boolean& completedSynchronously)
2015-03-19 17:49:10,808 [14] TREC.Web.Global ERROR - 错误:
UrlReferrer:
http://localhost:10080/index.aspx
UserAgent:
Mozilla/5.0 (Windows NT 6.1; WOW64; Trident/7.0; rv:11.0) like Gecko
UserHostName:
127.0.0.1
UserHostAddress:
127.0.0.1

System.Web.HttpException: 文件“/template/web/default/loginmsg.aspx”不存在。
   在 System.Web.UI.Util.CheckVirtualFileExists(VirtualPath virtualPath)
   在 System.Web.Compilation.BuildManager.GetVPathBuildResultInternal(VirtualPath virtualPath, Boolean noBuild, Boolean allowCrossApp, Boolean allowBuildInPrecompile)
   在 System.Web.Compilation.BuildManager.GetVPathBuildResultWithNoAssert(HttpContext context, VirtualPath virtualPath, Boolean noBuild, Boolean allowCrossApp, Boolean allowBuildInPrecompile)
   在 System.Web.Compilation.BuildManager.GetVirtualPathObjectFactory(VirtualPath virtualPath, HttpContext context, Boolean allowCrossApp, Boolean noAssert)
   在 System.Web.Compilation.BuildManager.CreateInstanceFromVirtualPath(VirtualPath virtualPath, Type requiredBaseType, HttpContext context, Boolean allowCrossApp, Boolean noAssert)
   在 System.Web.UI.PageHandlerFactory.GetHandlerHelper(HttpContext context, String requestType, VirtualPath virtualPath, String physicalPath)
   在 System.Web.UI.PageHandlerFactory.System.Web.IHttpHandlerFactory2.GetHandler(HttpContext context, String requestType, VirtualPath virtualPath, String physicalPath)
   在 System.Web.HttpApplication.MapHttpHandler(HttpContext context, String requestType, VirtualPath path, String pathTranslated, Boolean useAppConfig)
   在 System.Web.HttpApplication.MapHandlerExecutionStep.System.Web.HttpApplication.IExecutionStep.Execute()
   在 System.Web.HttpApplication.ExecuteStep(IExecutionStep step, Boolean& completedSynchronously)
2015-03-19 17:49:11,118 [14] TREC.Web.Global ERROR - 错误:
UrlReferrer:
http://localhost:10080/index.aspx
UserAgent:
Mozilla/5.0 (Windows NT 6.1; WOW64; Trident/7.0; rv:11.0) like Gecko
UserHostName:
127.0.0.1
UserHostAddress:
127.0.0.1

System.Web.HttpException: 文件不存在。
   在 System.Web.StaticFileHandler.GetFileInfo(String virtualPathWithPathInfo, String physicalPath, HttpResponse response)
   在 System.Web.StaticFileHandler.ProcessRequestInternal(HttpContext context)
   在 System.Web.DefaultHttpHandler.BeginProcessRequest(HttpContext context, AsyncCallback callback, Object state)
   在 System.Web.HttpApplication.CallHandlerExecutionStep.System.Web.HttpApplication.IExecutionStep.Execute()
   在 System.Web.HttpApplication.ExecuteStep(IExecutionStep step, Boolean& completedSynchronously)
2015-03-19 17:49:11,130 [12] TREC.Web.Global ERROR - 错误:
UrlReferrer:
http://localhost:10080/index.aspx
UserAgent:
Mozilla/5.0 (Windows NT 6.1; WOW64; Trident/7.0; rv:11.0) like Gecko
UserHostName:
127.0.0.1
UserHostAddress:
127.0.0.1

System.Web.HttpException: 文件不存在。
   在 System.Web.StaticFileHandler.GetFileInfo(String virtualPathWithPathInfo, String physicalPath, HttpResponse response)
   在 System.Web.StaticFileHandler.ProcessRequestInternal(HttpContext context)
   在 System.Web.DefaultHttpHandler.BeginProcessRequest(HttpContext context, AsyncCallback callback, Object state)
   在 System.Web.HttpApplication.CallHandlerExecutionStep.System.Web.HttpApplication.IExecutionStep.Execute()
   在 System.Web.HttpApplication.ExecuteStep(IExecutionStep step, Boolean& completedSynchronously)
2015-03-19 17:49:11,131 [14] TREC.Web.Global ERROR - 错误:
UrlReferrer:
http://localhost:10080/index.aspx
UserAgent:
Mozilla/5.0 (Windows NT 6.1; WOW64; Trident/7.0; rv:11.0) like Gecko
UserHostName:
127.0.0.1
UserHostAddress:
127.0.0.1

System.Web.HttpException: 文件不存在。
   在 System.Web.StaticFileHandler.GetFileInfo(String virtualPathWithPathInfo, String physicalPath, HttpResponse response)
   在 System.Web.StaticFileHandler.ProcessRequestInternal(HttpContext context)
   在 System.Web.DefaultHttpHandler.BeginProcessRequest(HttpContext context, AsyncCallback callback, Object state)
   在 System.Web.HttpApplication.CallHandlerExecutionStep.System.Web.HttpApplication.IExecutionStep.Execute()
   在 System.Web.HttpApplication.ExecuteStep(IExecutionStep step, Boolean& completedSynchronously)
2015-03-19 17:49:11,134 [12] TREC.Web.Global ERROR - 错误:
UrlReferrer:
http://localhost:10080/index.aspx
UserAgent:
Mozilla/5.0 (Windows NT 6.1; WOW64; Trident/7.0; rv:11.0) like Gecko
UserHostName:
127.0.0.1
UserHostAddress:
127.0.0.1

System.Web.HttpException: 文件不存在。
   在 System.Web.StaticFileHandler.GetFileInfo(String virtualPathWithPathInfo, String physicalPath, HttpResponse response)
   在 System.Web.StaticFileHandler.ProcessRequestInternal(HttpContext context)
   在 System.Web.DefaultHttpHandler.BeginProcessRequest(HttpContext context, AsyncCallback callback, Object state)
   在 System.Web.HttpApplication.CallHandlerExecutionStep.System.Web.HttpApplication.IExecutionStep.Execute()
   在 System.Web.HttpApplication.ExecuteStep(IExecutionStep step, Boolean& completedSynchronously)
2015-03-19 17:49:11,171 [13] TREC.Web.Global ERROR - 错误:
UrlReferrer:
http://localhost:10080/index.aspx
UserAgent:
Mozilla/5.0 (Windows NT 6.1; WOW64; Trident/7.0; rv:11.0) like Gecko
UserHostName:
127.0.0.1
UserHostAddress:
127.0.0.1

System.Web.HttpException: 文件不存在。
   在 System.Web.StaticFileHandler.GetFileInfo(String virtualPathWithPathInfo, String physicalPath, HttpResponse response)
   在 System.Web.StaticFileHandler.ProcessRequestInternal(HttpContext context)
   在 System.Web.DefaultHttpHandler.BeginProcessRequest(HttpContext context, AsyncCallback callback, Object state)
   在 System.Web.HttpApplication.CallHandlerExecutionStep.System.Web.HttpApplication.IExecutionStep.Execute()
   在 System.Web.HttpApplication.ExecuteStep(IExecutionStep step, Boolean& completedSynchronously)
2015-03-19 17:49:11,183 [12] TREC.Web.Global ERROR - 错误:
UrlReferrer:
http://localhost:10080/index.aspx
UserAgent:
Mozilla/5.0 (Windows NT 6.1; WOW64; Trident/7.0; rv:11.0) like Gecko
UserHostName:
127.0.0.1
UserHostAddress:
127.0.0.1

System.Web.HttpException: 文件不存在。
   在 System.Web.StaticFileHandler.GetFileInfo(String virtualPathWithPathInfo, String physicalPath, HttpResponse response)
   在 System.Web.StaticFileHandler.ProcessRequestInternal(HttpContext context)
   在 System.Web.DefaultHttpHandler.BeginProcessRequest(HttpContext context, AsyncCallback callback, Object state)
   在 System.Web.HttpApplication.CallHandlerExecutionStep.System.Web.HttpApplication.IExecutionStep.Execute()
   在 System.Web.HttpApplication.ExecuteStep(IExecutionStep step, Boolean& completedSynchronously)
2015-03-19 17:49:11,183 [11] TREC.Web.Global ERROR - 错误:
UrlReferrer:
http://localhost:10080/index.aspx
UserAgent:
Mozilla/5.0 (Windows NT 6.1; WOW64; Trident/7.0; rv:11.0) like Gecko
UserHostName:
127.0.0.1
UserHostAddress:
127.0.0.1

System.Web.HttpException: 文件不存在。
   在 System.Web.StaticFileHandler.GetFileInfo(String virtualPathWithPathInfo, String physicalPath, HttpResponse response)
   在 System.Web.StaticFileHandler.ProcessRequestInternal(HttpContext context)
   在 System.Web.DefaultHttpHandler.BeginProcessRequest(HttpContext context, AsyncCallback callback, Object state)
   在 System.Web.HttpApplication.CallHandlerExecutionStep.System.Web.HttpApplication.IExecutionStep.Execute()
   在 System.Web.HttpApplication.ExecuteStep(IExecutionStep step, Boolean& completedSynchronously)
2015-03-19 17:49:11,189 [13] TREC.Web.Global ERROR - 错误:
UrlReferrer:
http://localhost:10080/index.aspx
UserAgent:
Mozilla/5.0 (Windows NT 6.1; WOW64; Trident/7.0; rv:11.0) like Gecko
UserHostName:
127.0.0.1
UserHostAddress:
127.0.0.1

System.Web.HttpException: 文件不存在。
   在 System.Web.StaticFileHandler.GetFileInfo(String virtualPathWithPathInfo, String physicalPath, HttpResponse response)
   在 System.Web.StaticFileHandler.ProcessRequestInternal(HttpContext context)
   在 System.Web.DefaultHttpHandler.BeginProcessRequest(HttpContext context, AsyncCallback callback, Object state)
   在 System.Web.HttpApplication.CallHandlerExecutionStep.System.Web.HttpApplication.IExecutionStep.Execute()
   在 System.Web.HttpApplication.ExecuteStep(IExecutionStep step, Boolean& completedSynchronously)
2015-03-19 17:49:11,189 [12] TREC.Web.Global ERROR - 错误:
UrlReferrer:
http://localhost:10080/index.aspx
UserAgent:
Mozilla/5.0 (Windows NT 6.1; WOW64; Trident/7.0; rv:11.0) like Gecko
UserHostName:
127.0.0.1
UserHostAddress:
127.0.0.1

System.Web.HttpException: 文件不存在。
   在 System.Web.StaticFileHandler.GetFileInfo(String virtualPathWithPathInfo, String physicalPath, HttpResponse response)
   在 System.Web.StaticFileHandler.ProcessRequestInternal(HttpContext context)
   在 System.Web.DefaultHttpHandler.BeginProcessRequest(HttpContext context, AsyncCallback callback, Object state)
   在 System.Web.HttpApplication.CallHandlerExecutionStep.System.Web.HttpApplication.IExecutionStep.Execute()
   在 System.Web.HttpApplication.ExecuteStep(IExecutionStep step, Boolean& completedSynchronously)
2015-03-19 17:49:11,193 [6] TREC.Web.Global ERROR - 错误:
UrlReferrer:
http://localhost:10080/index.aspx
UserAgent:
Mozilla/5.0 (Windows NT 6.1; WOW64; Trident/7.0; rv:11.0) like Gecko
UserHostName:
127.0.0.1
UserHostAddress:
127.0.0.1

System.Web.HttpException: 文件不存在。
   在 System.Web.StaticFileHandler.GetFileInfo(String virtualPathWithPathInfo, String physicalPath, HttpResponse response)
   在 System.Web.StaticFileHandler.ProcessRequestInternal(HttpContext context)
   在 System.Web.DefaultHttpHandler.BeginProcessRequest(HttpContext context, AsyncCallback callback, Object state)
   在 System.Web.HttpApplication.CallHandlerExecutionStep.System.Web.HttpApplication.IExecutionStep.Execute()
   在 System.Web.HttpApplication.ExecuteStep(IExecutionStep step, Boolean& completedSynchronously)
2015-03-19 17:49:11,227 [13] TREC.Web.Global ERROR - 错误:
UrlReferrer:
http://localhost:10080/index.aspx
UserAgent:
Mozilla/5.0 (Windows NT 6.1; WOW64; Trident/7.0; rv:11.0) like Gecko
UserHostName:
127.0.0.1
UserHostAddress:
127.0.0.1

System.Web.HttpException: 文件不存在。
   在 System.Web.StaticFileHandler.GetFileInfo(String virtualPathWithPathInfo, String physicalPath, HttpResponse response)
   在 System.Web.StaticFileHandler.ProcessRequestInternal(HttpContext context)
   在 System.Web.DefaultHttpHandler.BeginProcessRequest(HttpContext context, AsyncCallback callback, Object state)
   在 System.Web.HttpApplication.CallHandlerExecutionStep.System.Web.HttpApplication.IExecutionStep.Execute()
   在 System.Web.HttpApplication.ExecuteStep(IExecutionStep step, Boolean& completedSynchronously)
2015-03-19 17:49:11,231 [11] TREC.Web.Global ERROR - 错误:
UrlReferrer:
http://localhost:10080/index.aspx
UserAgent:
Mozilla/5.0 (Windows NT 6.1; WOW64; Trident/7.0; rv:11.0) like Gecko
UserHostName:
127.0.0.1
UserHostAddress:
127.0.0.1

System.Web.HttpException: 文件不存在。
   在 System.Web.StaticFileHandler.GetFileInfo(String virtualPathWithPathInfo, String physicalPath, HttpResponse response)
   在 System.Web.StaticFileHandler.ProcessRequestInternal(HttpContext context)
   在 System.Web.DefaultHttpHandler.BeginProcessRequest(HttpContext context, AsyncCallback callback, Object state)
   在 System.Web.HttpApplication.CallHandlerExecutionStep.System.Web.HttpApplication.IExecutionStep.Execute()
   在 System.Web.HttpApplication.ExecuteStep(IExecutionStep step, Boolean& completedSynchronously)
2015-03-19 17:49:11,233 [6] TREC.Web.Global ERROR - 错误:
UrlReferrer:
http://localhost:10080/index.aspx
UserAgent:
Mozilla/5.0 (Windows NT 6.1; WOW64; Trident/7.0; rv:11.0) like Gecko
UserHostName:
127.0.0.1
UserHostAddress:
127.0.0.1

System.Web.HttpException: 文件不存在。
   在 System.Web.StaticFileHandler.GetFileInfo(String virtualPathWithPathInfo, String physicalPath, HttpResponse response)
   在 System.Web.StaticFileHandler.ProcessRequestInternal(HttpContext context)
   在 System.Web.DefaultHttpHandler.BeginProcessRequest(HttpContext context, AsyncCallback callback, Object state)
   在 System.Web.HttpApplication.CallHandlerExecutionStep.System.Web.HttpApplication.IExecutionStep.Execute()
   在 System.Web.HttpApplication.ExecuteStep(IExecutionStep step, Boolean& completedSynchronously)
2015-03-19 17:49:11,243 [13] TREC.Web.Global ERROR - 错误:
UrlReferrer:
http://localhost:10080/index.aspx
UserAgent:
Mozilla/5.0 (Windows NT 6.1; WOW64; Trident/7.0; rv:11.0) like Gecko
UserHostName:
127.0.0.1
UserHostAddress:
127.0.0.1

System.Web.HttpException: 文件不存在。
   在 System.Web.StaticFileHandler.GetFileInfo(String virtualPathWithPathInfo, String physicalPath, HttpResponse response)
   在 System.Web.StaticFileHandler.ProcessRequestInternal(HttpContext context)
   在 System.Web.DefaultHttpHandler.BeginProcessRequest(HttpContext context, AsyncCallback callback, Object state)
   在 System.Web.HttpApplication.CallHandlerExecutionStep.System.Web.HttpApplication.IExecutionStep.Execute()
   在 System.Web.HttpApplication.ExecuteStep(IExecutionStep step, Boolean& completedSynchronously)
2015-03-19 17:49:11,252 [10] TREC.Web.Global ERROR - 错误:
UrlReferrer:
http://localhost:10080/index.aspx
UserAgent:
Mozilla/5.0 (Windows NT 6.1; WOW64; Trident/7.0; rv:11.0) like Gecko
UserHostName:
127.0.0.1
UserHostAddress:
127.0.0.1

System.Web.HttpException: 文件不存在。
   在 System.Web.StaticFileHandler.GetFileInfo(String virtualPathWithPathInfo, String physicalPath, HttpResponse response)
   在 System.Web.StaticFileHandler.ProcessRequestInternal(HttpContext context)
   在 System.Web.DefaultHttpHandler.BeginProcessRequest(HttpContext context, AsyncCallback callback, Object state)
   在 System.Web.HttpApplication.CallHandlerExecutionStep.System.Web.HttpApplication.IExecutionStep.Execute()
   在 System.Web.HttpApplication.ExecuteStep(IExecutionStep step, Boolean& completedSynchronously)
2015-03-19 17:49:11,258 [13] TREC.Web.Global ERROR - 错误:
UrlReferrer:
http://localhost:10080/index.aspx
UserAgent:
Mozilla/5.0 (Windows NT 6.1; WOW64; Trident/7.0; rv:11.0) like Gecko
UserHostName:
127.0.0.1
UserHostAddress:
127.0.0.1

System.Web.HttpException: 文件不存在。
   在 System.Web.StaticFileHandler.GetFileInfo(String virtualPathWithPathInfo, String physicalPath, HttpResponse response)
   在 System.Web.StaticFileHandler.ProcessRequestInternal(HttpContext context)
   在 System.Web.DefaultHttpHandler.BeginProcessRequest(HttpContext context, AsyncCallback callback, Object state)
   在 System.Web.HttpApplication.CallHandlerExecutionStep.System.Web.HttpApplication.IExecutionStep.Execute()
   在 System.Web.HttpApplication.ExecuteStep(IExecutionStep step, Boolean& completedSynchronously)
2015-03-19 17:49:11,290 [12] TREC.Web.Global ERROR - 错误:
UrlReferrer:
http://localhost:10080/index.aspx
UserAgent:
Mozilla/5.0 (Windows NT 6.1; WOW64; Trident/7.0; rv:11.0) like Gecko
UserHostName:
127.0.0.1
UserHostAddress:
127.0.0.1

System.Web.HttpException: 文件不存在。
   在 System.Web.StaticFileHandler.GetFileInfo(String virtualPathWithPathInfo, String physicalPath, HttpResponse response)
   在 System.Web.StaticFileHandler.ProcessRequestInternal(HttpContext context)
   在 System.Web.DefaultHttpHandler.BeginProcessRequest(HttpContext context, AsyncCallback callback, Object state)
   在 System.Web.HttpApplication.CallHandlerExecutionStep.System.Web.HttpApplication.IExecutionStep.Execute()
   在 System.Web.HttpApplication.ExecuteStep(IExecutionStep step, Boolean& completedSynchronously)
2015-03-19 17:49:11,297 [13] TREC.Web.Global ERROR - 错误:
UrlReferrer:
http://localhost:10080/index.aspx
UserAgent:
Mozilla/5.0 (Windows NT 6.1; WOW64; Trident/7.0; rv:11.0) like Gecko
UserHostName:
127.0.0.1
UserHostAddress:
127.0.0.1

System.Web.HttpException: 文件不存在。
   在 System.Web.StaticFileHandler.GetFileInfo(String virtualPathWithPathInfo, String physicalPath, HttpResponse response)
   在 System.Web.StaticFileHandler.ProcessRequestInternal(HttpContext context)
   在 System.Web.DefaultHttpHandler.BeginProcessRequest(HttpContext context, AsyncCallback callback, Object state)
   在 System.Web.HttpApplication.CallHandlerExecutionStep.System.Web.HttpApplication.IExecutionStep.Execute()
   在 System.Web.HttpApplication.ExecuteStep(IExecutionStep step, Boolean& completedSynchronously)
2015-03-19 17:51:03,773 [13] TREC.Web.Global ERROR - 错误:
UrlReferrer:
http://localhost:10080/index.aspx
UserAgent:
Mozilla/5.0 (Windows NT 6.1; WOW64; Trident/7.0; rv:11.0) like Gecko
UserHostName:
127.0.0.1
UserHostAddress:
127.0.0.1

System.Web.HttpException: 文件不存在。
   在 System.Web.StaticFileHandler.GetFileInfo(String virtualPathWithPathInfo, String physicalPath, HttpResponse response)
   在 System.Web.StaticFileHandler.ProcessRequestInternal(HttpContext context)
   在 System.Web.DefaultHttpHandler.BeginProcessRequest(HttpContext context, AsyncCallback callback, Object state)
   在 System.Web.HttpApplication.CallHandlerExecutionStep.System.Web.HttpApplication.IExecutionStep.Execute()
   在 System.Web.HttpApplication.ExecuteStep(IExecutionStep step, Boolean& completedSynchronously)
2015-03-19 17:51:03,784 [13] TREC.Web.Global ERROR - 错误:
UrlReferrer:
http://localhost:10080/index.aspx
UserAgent:
Mozilla/5.0 (Windows NT 6.1; WOW64; Trident/7.0; rv:11.0) like Gecko
UserHostName:
127.0.0.1
UserHostAddress:
127.0.0.1

System.Web.HttpException: 文件不存在。
   在 System.Web.StaticFileHandler.GetFileInfo(String virtualPathWithPathInfo, String physicalPath, HttpResponse response)
   在 System.Web.StaticFileHandler.ProcessRequestInternal(HttpContext context)
   在 System.Web.DefaultHttpHandler.BeginProcessRequest(HttpContext context, AsyncCallback callback, Object state)
   在 System.Web.HttpApplication.CallHandlerExecutionStep.System.Web.HttpApplication.IExecutionStep.Execute()
   在 System.Web.HttpApplication.ExecuteStep(IExecutionStep step, Boolean& completedSynchronously)
2015-03-19 17:51:03,790 [13] TREC.Web.Global ERROR - 错误:
UrlReferrer:
http://localhost:10080/index.aspx
UserAgent:
Mozilla/5.0 (Windows NT 6.1; WOW64; Trident/7.0; rv:11.0) like Gecko
UserHostName:
127.0.0.1
UserHostAddress:
127.0.0.1

System.Web.HttpException: 文件不存在。
   在 System.Web.StaticFileHandler.GetFileInfo(String virtualPathWithPathInfo, String physicalPath, HttpResponse response)
   在 System.Web.StaticFileHandler.ProcessRequestInternal(HttpContext context)
   在 System.Web.DefaultHttpHandler.BeginProcessRequest(HttpContext context, AsyncCallback callback, Object state)
   在 System.Web.HttpApplication.CallHandlerExecutionStep.System.Web.HttpApplication.IExecutionStep.Execute()
   在 System.Web.HttpApplication.ExecuteStep(IExecutionStep step, Boolean& completedSynchronously)
2015-03-19 17:51:03,798 [13] TREC.Web.Global ERROR - 错误:
UrlReferrer:
http://localhost:10080/index.aspx
UserAgent:
Mozilla/5.0 (Windows NT 6.1; WOW64; Trident/7.0; rv:11.0) like Gecko
UserHostName:
127.0.0.1
UserHostAddress:
127.0.0.1

System.Web.HttpException: 文件不存在。
   在 System.Web.StaticFileHandler.GetFileInfo(String virtualPathWithPathInfo, String physicalPath, HttpResponse response)
   在 System.Web.StaticFileHandler.ProcessRequestInternal(HttpContext context)
   在 System.Web.DefaultHttpHandler.BeginProcessRequest(HttpContext context, AsyncCallback callback, Object state)
   在 System.Web.HttpApplication.CallHandlerExecutionStep.System.Web.HttpApplication.IExecutionStep.Execute()
   在 System.Web.HttpApplication.ExecuteStep(IExecutionStep step, Boolean& completedSynchronously)
2015-03-19 17:51:03,810 [12] TREC.Web.Global ERROR - 错误:
UrlReferrer:
http://localhost:10080/index.aspx
UserAgent:
Mozilla/5.0 (Windows NT 6.1; WOW64; Trident/7.0; rv:11.0) like Gecko
UserHostName:
127.0.0.1
UserHostAddress:
127.0.0.1

System.Web.HttpException: 文件不存在。
   在 System.Web.StaticFileHandler.GetFileInfo(String virtualPathWithPathInfo, String physicalPath, HttpResponse response)
   在 System.Web.StaticFileHandler.ProcessRequestInternal(HttpContext context)
   在 System.Web.DefaultHttpHandler.BeginProcessRequest(HttpContext context, AsyncCallback callback, Object state)
   在 System.Web.HttpApplication.CallHandlerExecutionStep.System.Web.HttpApplication.IExecutionStep.Execute()
   在 System.Web.HttpApplication.ExecuteStep(IExecutionStep step, Boolean& completedSynchronously)
2015-03-19 17:51:03,823 [12] TREC.Web.Global ERROR - 错误:
UrlReferrer:
http://localhost:10080/index.aspx
UserAgent:
Mozilla/5.0 (Windows NT 6.1; WOW64; Trident/7.0; rv:11.0) like Gecko
UserHostName:
127.0.0.1
UserHostAddress:
127.0.0.1

System.Web.HttpException: 文件不存在。
   在 System.Web.StaticFileHandler.GetFileInfo(String virtualPathWithPathInfo, String physicalPath, HttpResponse response)
   在 System.Web.StaticFileHandler.ProcessRequestInternal(HttpContext context)
   在 System.Web.DefaultHttpHandler.BeginProcessRequest(HttpContext context, AsyncCallback callback, Object state)
   在 System.Web.HttpApplication.CallHandlerExecutionStep.System.Web.HttpApplication.IExecutionStep.Execute()
   在 System.Web.HttpApplication.ExecuteStep(IExecutionStep step, Boolean& completedSynchronously)
2015-03-19 17:51:03,887 [13] TREC.Web.Global ERROR - 错误:
UrlReferrer:
http://localhost:10080/index.aspx
UserAgent:
Mozilla/5.0 (Windows NT 6.1; WOW64; Trident/7.0; rv:11.0) like Gecko
UserHostName:
127.0.0.1
UserHostAddress:
127.0.0.1

System.Web.HttpException: 文件不存在。
   在 System.Web.StaticFileHandler.GetFileInfo(String virtualPathWithPathInfo, String physicalPath, HttpResponse response)
   在 System.Web.StaticFileHandler.ProcessRequestInternal(HttpContext context)
   在 System.Web.DefaultHttpHandler.BeginProcessRequest(HttpContext context, AsyncCallback callback, Object state)
   在 System.Web.HttpApplication.CallHandlerExecutionStep.System.Web.HttpApplication.IExecutionStep.Execute()
   在 System.Web.HttpApplication.ExecuteStep(IExecutionStep step, Boolean& completedSynchronously)
2015-03-19 17:51:04,273 [13] TREC.Web.Global ERROR - 错误:
UrlReferrer:
http://localhost:10080/index.aspx
UserAgent:
Mozilla/5.0 (Windows NT 6.1; WOW64; Trident/7.0; rv:11.0) like Gecko
UserHostName:
127.0.0.1
UserHostAddress:
127.0.0.1

System.Web.HttpException: 文件不存在。
   在 System.Web.StaticFileHandler.GetFileInfo(String virtualPathWithPathInfo, String physicalPath, HttpResponse response)
   在 System.Web.StaticFileHandler.ProcessRequestInternal(HttpContext context)
   在 System.Web.DefaultHttpHandler.BeginProcessRequest(HttpContext context, AsyncCallback callback, Object state)
   在 System.Web.HttpApplication.CallHandlerExecutionStep.System.Web.HttpApplication.IExecutionStep.Execute()
   在 System.Web.HttpApplication.ExecuteStep(IExecutionStep step, Boolean& completedSynchronously)
2015-03-19 17:51:04,300 [13] TREC.Web.Global ERROR - 错误:
UrlReferrer:
http://localhost:10080/index.aspx
UserAgent:
Mozilla/5.0 (Windows NT 6.1; WOW64; Trident/7.0; rv:11.0) like Gecko
UserHostName:
127.0.0.1
UserHostAddress:
127.0.0.1

System.Web.HttpException: 文件不存在。
   在 System.Web.StaticFileHandler.GetFileInfo(String virtualPathWithPathInfo, String physicalPath, HttpResponse response)
   在 System.Web.StaticFileHandler.ProcessRequestInternal(HttpContext context)
   在 System.Web.DefaultHttpHandler.BeginProcessRequest(HttpContext context, AsyncCallback callback, Object state)
   在 System.Web.HttpApplication.CallHandlerExecutionStep.System.Web.HttpApplication.IExecutionStep.Execute()
   在 System.Web.HttpApplication.ExecuteStep(IExecutionStep step, Boolean& completedSynchronously)
2015-03-19 17:51:04,303 [12] TREC.Web.Global ERROR - 错误:
UrlReferrer:
http://localhost:10080/index.aspx
UserAgent:
Mozilla/5.0 (Windows NT 6.1; WOW64; Trident/7.0; rv:11.0) like Gecko
UserHostName:
127.0.0.1
UserHostAddress:
127.0.0.1

System.Web.HttpException: 文件不存在。
   在 System.Web.StaticFileHandler.GetFileInfo(String virtualPathWithPathInfo, String physicalPath, HttpResponse response)
   在 System.Web.StaticFileHandler.ProcessRequestInternal(HttpContext context)
   在 System.Web.DefaultHttpHandler.BeginProcessRequest(HttpContext context, AsyncCallback callback, Object state)
   在 System.Web.HttpApplication.CallHandlerExecutionStep.System.Web.HttpApplication.IExecutionStep.Execute()
   在 System.Web.HttpApplication.ExecuteStep(IExecutionStep step, Boolean& completedSynchronously)
2015-03-19 17:51:04,303 [13] TREC.Web.Global ERROR - 错误:
UrlReferrer:
http://localhost:10080/index.aspx
UserAgent:
Mozilla/5.0 (Windows NT 6.1; WOW64; Trident/7.0; rv:11.0) like Gecko
UserHostName:
127.0.0.1
UserHostAddress:
127.0.0.1

System.Web.HttpException: 文件不存在。
   在 System.Web.StaticFileHandler.GetFileInfo(String virtualPathWithPathInfo, String physicalPath, HttpResponse response)
   在 System.Web.StaticFileHandler.ProcessRequestInternal(HttpContext context)
   在 System.Web.DefaultHttpHandler.BeginProcessRequest(HttpContext context, AsyncCallback callback, Object state)
   在 System.Web.HttpApplication.CallHandlerExecutionStep.System.Web.HttpApplication.IExecutionStep.Execute()
   在 System.Web.HttpApplication.ExecuteStep(IExecutionStep step, Boolean& completedSynchronously)
2015-03-19 17:51:04,309 [12] TREC.Web.Global ERROR - 错误:
UrlReferrer:
http://localhost:10080/index.aspx
UserAgent:
Mozilla/5.0 (Windows NT 6.1; WOW64; Trident/7.0; rv:11.0) like Gecko
UserHostName:
127.0.0.1
UserHostAddress:
127.0.0.1

System.Web.HttpException: 文件不存在。
   在 System.Web.StaticFileHandler.GetFileInfo(String virtualPathWithPathInfo, String physicalPath, HttpResponse response)
   在 System.Web.StaticFileHandler.ProcessRequestInternal(HttpContext context)
   在 System.Web.DefaultHttpHandler.BeginProcessRequest(HttpContext context, AsyncCallback callback, Object state)
   在 System.Web.HttpApplication.CallHandlerExecutionStep.System.Web.HttpApplication.IExecutionStep.Execute()
   在 System.Web.HttpApplication.ExecuteStep(IExecutionStep step, Boolean& completedSynchronously)
2015-03-19 17:51:04,322 [13] TREC.Web.Global ERROR - 错误:
UrlReferrer:
http://localhost:10080/index.aspx
UserAgent:
Mozilla/5.0 (Windows NT 6.1; WOW64; Trident/7.0; rv:11.0) like Gecko
UserHostName:
127.0.0.1
UserHostAddress:
127.0.0.1

System.Web.HttpException: 文件不存在。
   在 System.Web.StaticFileHandler.GetFileInfo(String virtualPathWithPathInfo, String physicalPath, HttpResponse response)
   在 System.Web.StaticFileHandler.ProcessRequestInternal(HttpContext context)
   在 System.Web.DefaultHttpHandler.BeginProcessRequest(HttpContext context, AsyncCallback callback, Object state)
   在 System.Web.HttpApplication.CallHandlerExecutionStep.System.Web.HttpApplication.IExecutionStep.Execute()
   在 System.Web.HttpApplication.ExecuteStep(IExecutionStep step, Boolean& completedSynchronously)
2015-03-19 17:51:04,325 [12] TREC.Web.Global ERROR - 错误:
UrlReferrer:
http://localhost:10080/index.aspx
UserAgent:
Mozilla/5.0 (Windows NT 6.1; WOW64; Trident/7.0; rv:11.0) like Gecko
UserHostName:
127.0.0.1
UserHostAddress:
127.0.0.1

System.Web.HttpException: 文件不存在。
   在 System.Web.StaticFileHandler.GetFileInfo(String virtualPathWithPathInfo, String physicalPath, HttpResponse response)
   在 System.Web.StaticFileHandler.ProcessRequestInternal(HttpContext context)
   在 System.Web.DefaultHttpHandler.BeginProcessRequest(HttpContext context, AsyncCallback callback, Object state)
   在 System.Web.HttpApplication.CallHandlerExecutionStep.System.Web.HttpApplication.IExecutionStep.Execute()
   在 System.Web.HttpApplication.ExecuteStep(IExecutionStep step, Boolean& completedSynchronously)
2015-03-19 17:51:04,325 [13] TREC.Web.Global ERROR - 错误:
UrlReferrer:
http://localhost:10080/index.aspx
UserAgent:
Mozilla/5.0 (Windows NT 6.1; WOW64; Trident/7.0; rv:11.0) like Gecko
UserHostName:
127.0.0.1
UserHostAddress:
127.0.0.1

System.Web.HttpException: 文件不存在。
   在 System.Web.StaticFileHandler.GetFileInfo(String virtualPathWithPathInfo, String physicalPath, HttpResponse response)
   在 System.Web.StaticFileHandler.ProcessRequestInternal(HttpContext context)
   在 System.Web.DefaultHttpHandler.BeginProcessRequest(HttpContext context, AsyncCallback callback, Object state)
   在 System.Web.HttpApplication.CallHandlerExecutionStep.System.Web.HttpApplication.IExecutionStep.Execute()
   在 System.Web.HttpApplication.ExecuteStep(IExecutionStep step, Boolean& completedSynchronously)
2015-03-19 17:51:04,334 [12] TREC.Web.Global ERROR - 错误:
UrlReferrer:
http://localhost:10080/index.aspx
UserAgent:
Mozilla/5.0 (Windows NT 6.1; WOW64; Trident/7.0; rv:11.0) like Gecko
UserHostName:
127.0.0.1
UserHostAddress:
127.0.0.1

System.Web.HttpException: 文件不存在。
   在 System.Web.StaticFileHandler.GetFileInfo(String virtualPathWithPathInfo, String physicalPath, HttpResponse response)
   在 System.Web.StaticFileHandler.ProcessRequestInternal(HttpContext context)
   在 System.Web.DefaultHttpHandler.BeginProcessRequest(HttpContext context, AsyncCallback callback, Object state)
   在 System.Web.HttpApplication.CallHandlerExecutionStep.System.Web.HttpApplication.IExecutionStep.Execute()
   在 System.Web.HttpApplication.ExecuteStep(IExecutionStep step, Boolean& completedSynchronously)
2015-03-19 17:51:04,336 [13] TREC.Web.Global ERROR - 错误:
UrlReferrer:
http://localhost:10080/index.aspx
UserAgent:
Mozilla/5.0 (Windows NT 6.1; WOW64; Trident/7.0; rv:11.0) like Gecko
UserHostName:
127.0.0.1
UserHostAddress:
127.0.0.1

System.Web.HttpException: 文件不存在。
   在 System.Web.StaticFileHandler.GetFileInfo(String virtualPathWithPathInfo, String physicalPath, HttpResponse response)
   在 System.Web.StaticFileHandler.ProcessRequestInternal(HttpContext context)
   在 System.Web.DefaultHttpHandler.BeginProcessRequest(HttpContext context, AsyncCallback callback, Object state)
   在 System.Web.HttpApplication.CallHandlerExecutionStep.System.Web.HttpApplication.IExecutionStep.Execute()
   在 System.Web.HttpApplication.ExecuteStep(IExecutionStep step, Boolean& completedSynchronously)
2015-03-19 17:51:04,338 [12] TREC.Web.Global ERROR - 错误:
UrlReferrer:
http://localhost:10080/index.aspx
UserAgent:
Mozilla/5.0 (Windows NT 6.1; WOW64; Trident/7.0; rv:11.0) like Gecko
UserHostName:
127.0.0.1
UserHostAddress:
127.0.0.1

System.Web.HttpException: 文件不存在。
   在 System.Web.StaticFileHandler.GetFileInfo(String virtualPathWithPathInfo, String physicalPath, HttpResponse response)
   在 System.Web.StaticFileHandler.ProcessRequestInternal(HttpContext context)
   在 System.Web.DefaultHttpHandler.BeginProcessRequest(HttpContext context, AsyncCallback callback, Object state)
   在 System.Web.HttpApplication.CallHandlerExecutionStep.System.Web.HttpApplication.IExecutionStep.Execute()
   在 System.Web.HttpApplication.ExecuteStep(IExecutionStep step, Boolean& completedSynchronously)
2015-03-19 17:51:04,340 [13] TREC.Web.Global ERROR - 错误:
UrlReferrer:
http://localhost:10080/index.aspx
UserAgent:
Mozilla/5.0 (Windows NT 6.1; WOW64; Trident/7.0; rv:11.0) like Gecko
UserHostName:
127.0.0.1
UserHostAddress:
127.0.0.1

System.Web.HttpException: 文件不存在。
   在 System.Web.StaticFileHandler.GetFileInfo(String virtualPathWithPathInfo, String physicalPath, HttpResponse response)
   在 System.Web.StaticFileHandler.ProcessRequestInternal(HttpContext context)
   在 System.Web.DefaultHttpHandler.BeginProcessRequest(HttpContext context, AsyncCallback callback, Object state)
   在 System.Web.HttpApplication.CallHandlerExecutionStep.System.Web.HttpApplication.IExecutionStep.Execute()
   在 System.Web.HttpApplication.ExecuteStep(IExecutionStep step, Boolean& completedSynchronously)
2015-03-19 17:51:04,342 [12] TREC.Web.Global ERROR - 错误:
UrlReferrer:
http://localhost:10080/index.aspx
UserAgent:
Mozilla/5.0 (Windows NT 6.1; WOW64; Trident/7.0; rv:11.0) like Gecko
UserHostName:
127.0.0.1
UserHostAddress:
127.0.0.1

System.Web.HttpException: 文件不存在。
   在 System.Web.StaticFileHandler.GetFileInfo(String virtualPathWithPathInfo, String physicalPath, HttpResponse response)
   在 System.Web.StaticFileHandler.ProcessRequestInternal(HttpContext context)
   在 System.Web.DefaultHttpHandler.BeginProcessRequest(HttpContext context, AsyncCallback callback, Object state)
   在 System.Web.HttpApplication.CallHandlerExecutionStep.System.Web.HttpApplication.IExecutionStep.Execute()
   在 System.Web.HttpApplication.ExecuteStep(IExecutionStep step, Boolean& completedSynchronously)
2015-03-19 17:51:04,354 [13] TREC.Web.Global ERROR - 错误:
UrlReferrer:
http://localhost:10080/index.aspx
UserAgent:
Mozilla/5.0 (Windows NT 6.1; WOW64; Trident/7.0; rv:11.0) like Gecko
UserHostName:
127.0.0.1
UserHostAddress:
127.0.0.1

System.Web.HttpException: 文件不存在。
   在 System.Web.StaticFileHandler.GetFileInfo(String virtualPathWithPathInfo, String physicalPath, HttpResponse response)
   在 System.Web.StaticFileHandler.ProcessRequestInternal(HttpContext context)
   在 System.Web.DefaultHttpHandler.BeginProcessRequest(HttpContext context, AsyncCallback callback, Object state)
   在 System.Web.HttpApplication.CallHandlerExecutionStep.System.Web.HttpApplication.IExecutionStep.Execute()
   在 System.Web.HttpApplication.ExecuteStep(IExecutionStep step, Boolean& completedSynchronously)
2015-03-19 17:51:04,365 [12] TREC.Web.Global ERROR - 错误:
UrlReferrer:
http://localhost:10080/index.aspx
UserAgent:
Mozilla/5.0 (Windows NT 6.1; WOW64; Trident/7.0; rv:11.0) like Gecko
UserHostName:
127.0.0.1
UserHostAddress:
127.0.0.1

System.Web.HttpException: 文件不存在。
   在 System.Web.StaticFileHandler.GetFileInfo(String virtualPathWithPathInfo, String physicalPath, HttpResponse response)
   在 System.Web.StaticFileHandler.ProcessRequestInternal(HttpContext context)
   在 System.Web.DefaultHttpHandler.BeginProcessRequest(HttpContext context, AsyncCallback callback, Object state)
   在 System.Web.HttpApplication.CallHandlerExecutionStep.System.Web.HttpApplication.IExecutionStep.Execute()
   在 System.Web.HttpApplication.ExecuteStep(IExecutionStep step, Boolean& completedSynchronously)
2015-03-19 17:51:04,369 [12] TREC.Web.Global ERROR - 错误:
UrlReferrer:
http://localhost:10080/index.aspx
UserAgent:
Mozilla/5.0 (Windows NT 6.1; WOW64; Trident/7.0; rv:11.0) like Gecko
UserHostName:
127.0.0.1
UserHostAddress:
127.0.0.1

System.Web.HttpException: 文件不存在。
   在 System.Web.StaticFileHandler.GetFileInfo(String virtualPathWithPathInfo, String physicalPath, HttpResponse response)
   在 System.Web.StaticFileHandler.ProcessRequestInternal(HttpContext context)
   在 System.Web.DefaultHttpHandler.BeginProcessRequest(HttpContext context, AsyncCallback callback, Object state)
   在 System.Web.HttpApplication.CallHandlerExecutionStep.System.Web.HttpApplication.IExecutionStep.Execute()
   在 System.Web.HttpApplication.ExecuteStep(IExecutionStep step, Boolean& completedSynchronously)
2015-03-19 17:51:04,374 [12] TREC.Web.Global ERROR - 错误:
UrlReferrer:
http://localhost:10080/index.aspx
UserAgent:
Mozilla/5.0 (Windows NT 6.1; WOW64; Trident/7.0; rv:11.0) like Gecko
UserHostName:
127.0.0.1
UserHostAddress:
127.0.0.1

System.Web.HttpException: 文件不存在。
   在 System.Web.StaticFileHandler.GetFileInfo(String virtualPathWithPathInfo, String physicalPath, HttpResponse response)
   在 System.Web.StaticFileHandler.ProcessRequestInternal(HttpContext context)
   在 System.Web.DefaultHttpHandler.BeginProcessRequest(HttpContext context, AsyncCallback callback, Object state)
   在 System.Web.HttpApplication.CallHandlerExecutionStep.System.Web.HttpApplication.IExecutionStep.Execute()
   在 System.Web.HttpApplication.ExecuteStep(IExecutionStep step, Boolean& completedSynchronously)
2015-03-19 17:51:04,380 [13] TREC.Web.Global ERROR - 错误:
UrlReferrer:
http://localhost:10080/index.aspx
UserAgent:
Mozilla/5.0 (Windows NT 6.1; WOW64; Trident/7.0; rv:11.0) like Gecko
UserHostName:
127.0.0.1
UserHostAddress:
127.0.0.1

System.Web.HttpException: 文件不存在。
   在 System.Web.StaticFileHandler.GetFileInfo(String virtualPathWithPathInfo, String physicalPath, HttpResponse response)
   在 System.Web.StaticFileHandler.ProcessRequestInternal(HttpContext context)
   在 System.Web.DefaultHttpHandler.BeginProcessRequest(HttpContext context, AsyncCallback callback, Object state)
   在 System.Web.HttpApplication.CallHandlerExecutionStep.System.Web.HttpApplication.IExecutionStep.Execute()
   在 System.Web.HttpApplication.ExecuteStep(IExecutionStep step, Boolean& completedSynchronously)
2015-03-19 17:51:05,012 [13] TREC.Web.Global ERROR - 错误:
UrlReferrer:
http://localhost:10080/index.aspx
UserAgent:
Mozilla/5.0 (Windows NT 6.1; WOW64; Trident/7.0; rv:11.0) like Gecko
UserHostName:
127.0.0.1
UserHostAddress:
127.0.0.1

System.Web.HttpException: 文件“/template/web/default/loginmsg.aspx”不存在。
   在 System.Web.UI.Util.CheckVirtualFileExists(VirtualPath virtualPath)
   在 System.Web.Compilation.BuildManager.GetVPathBuildResultInternal(VirtualPath virtualPath, Boolean noBuild, Boolean allowCrossApp, Boolean allowBuildInPrecompile)
   在 System.Web.Compilation.BuildManager.GetVPathBuildResultWithNoAssert(HttpContext context, VirtualPath virtualPath, Boolean noBuild, Boolean allowCrossApp, Boolean allowBuildInPrecompile)
   在 System.Web.Compilation.BuildManager.GetVirtualPathObjectFactory(VirtualPath virtualPath, HttpContext context, Boolean allowCrossApp, Boolean noAssert)
   在 System.Web.Compilation.BuildManager.CreateInstanceFromVirtualPath(VirtualPath virtualPath, Type requiredBaseType, HttpContext context, Boolean allowCrossApp, Boolean noAssert)
   在 System.Web.UI.PageHandlerFactory.GetHandlerHelper(HttpContext context, String requestType, VirtualPath virtualPath, String physicalPath)
   在 System.Web.UI.PageHandlerFactory.System.Web.IHttpHandlerFactory2.GetHandler(HttpContext context, String requestType, VirtualPath virtualPath, String physicalPath)
   在 System.Web.HttpApplication.MapHttpHandler(HttpContext context, String requestType, VirtualPath path, String pathTranslated, Boolean useAppConfig)
   在 System.Web.HttpApplication.MapHandlerExecutionStep.System.Web.HttpApplication.IExecutionStep.Execute()
   在 System.Web.HttpApplication.ExecuteStep(IExecutionStep step, Boolean& completedSynchronously)
2015-03-19 17:58:48,069 [13] TREC.Web.Global DEBUG - 家具快搜停止
