2015-04-09 13:55:09,756 [3] TREC.Web.Global DEBUG - 家具快搜启动
2015-04-09 13:55:10,202 [3] TREC.Web.Global ERROR - 错误:
UserAgent:
Mozilla/5.0 (Windows NT 6.1; WOW64; rv:36.0) Gecko/20100101 Firefox/36.0
UserHostName:
192.168.1.115
UserHostAddress:
192.168.1.115

System.Web.HttpUnhandledException: 引发类型为“System.Web.HttpUnhandledException”的异常。 ---> System.Data.SqlClient.SqlException: 无法打开登录所请求的数据库 "JiajuksNews11"。登录失败。
用户 'sa' 登录失败。
   在 System.Data.SqlClient.SqlInternalConnection.OnError(SqlException exception, Boolean breakConnection)
   在 System.Data.SqlClient.TdsParser.ThrowExceptionAndWarning(TdsParserStateObject stateObj)
   在 System.Data.SqlClient.TdsParser.Run(RunBehavior runBehavior, SqlCommand cmdHandler, SqlDataReader dataStream, BulkCopySimpleResultSet bulkCopyHandler, TdsParserStateObject stateObj)
   在 System.Data.SqlClient.SqlInternalConnectionTds.CompleteLogin(Boolean enlistOK)
   在 System.Data.SqlClient.SqlInternalConnectionTds.AttemptOneLogin(ServerInfo serverInfo, String newPassword, Boolean ignoreSniOpenTimeout, Int64 timerExpire, SqlConnection owningObject)
   在 System.Data.SqlClient.SqlInternalConnectionTds.LoginNoFailover(String host, String newPassword, Boolean redirectedUserInstance, SqlConnection owningObject, SqlConnectionString connectionOptions, Int64 timerStart)
   在 System.Data.SqlClient.SqlInternalConnectionTds.OpenLoginEnlist(SqlConnection owningObject, SqlConnectionString connectionOptions, String newPassword, Boolean redirectedUserInstance)
   在 System.Data.SqlClient.SqlInternalConnectionTds..ctor(DbConnectionPoolIdentity identity, SqlConnectionString connectionOptions, Object providerInfo, String newPassword, SqlConnection owningObject, Boolean redirectedUserInstance)
   在 System.Data.SqlClient.SqlConnectionFactory.CreateConnection(DbConnectionOptions options, Object poolGroupProviderInfo, DbConnectionPool pool, DbConnection owningConnection)
   在 System.Data.ProviderBase.DbConnectionFactory.CreatePooledConnection(DbConnection owningConnection, DbConnectionPool pool, DbConnectionOptions options)
   在 System.Data.ProviderBase.DbConnectionPool.CreateObject(DbConnection owningObject)
   在 System.Data.ProviderBase.DbConnectionPool.UserCreateRequest(DbConnection owningObject)
   在 System.Data.ProviderBase.DbConnectionPool.GetConnection(DbConnection owningObject)
   在 System.Data.ProviderBase.DbConnectionFactory.GetConnection(DbConnection owningConnection)
   在 System.Data.ProviderBase.DbConnectionClosed.OpenConnection(DbConnection outerConnection, DbConnectionFactory connectionFactory)
   在 System.Data.SqlClient.SqlConnection.Open()
   在 TREC.Data.DbHelper.ExecuteDataset(DbConnection connection, CommandType commandType, String commandText, DbParameter[] commandParameters) 位置 F:\CodeNew\trunk\TREC.Data\DbHelper.cs:行号 1115
   在 TREC.Data.DbHelper.ExecuteDataset(CommandType commandType, String commandText, DbParameter[] commandParameters) 位置 F:\CodeNew\trunk\TREC.Data\DbHelper.cs:行号 1076
   在 TREC.Data.DbHelper.ExecuteDataset(String commandText) 位置 F:\CodeNew\trunk\TREC.Data\DbHelper.cs:行号 1032
   在 TREC.Data.DataCommon.BiYing(String pageindex) 位置 F:\CodeNew\trunk\TREC.Data\DataCommon.cs:行号 276
   在 TREC.ECommerce.ECBrand.BiYing(String pageindex) 位置 F:\CodeNew\trunk\TREC.ECommerce\ECBrand.cs:行号 97
   在 TREC.Web.ajax.BiYingShow.Page_Load(Object sender, EventArgs e) 位置 F:\CodeNew\trunk\TREC.Web\ajax\BiYingShow.aspx.cs:行号 32
   在 System.Web.Util.CalliHelper.EventArgFunctionCaller(IntPtr fp, Object o, Object t, EventArgs e)
   在 System.Web.Util.CalliEventHandlerDelegateProxy.Callback(Object sender, EventArgs e)
   在 System.Web.UI.Control.OnLoad(EventArgs e)
   在 System.Web.UI.Control.LoadRecursive()
   在 System.Web.UI.Page.ProcessRequestMain(Boolean includeStagesBeforeAsyncPoint, Boolean includeStagesAfterAsyncPoint)
   --- 内部异常堆栈跟踪的结尾 ---
   在 System.Web.UI.Page.HandleError(Exception e)
   在 System.Web.UI.Page.ProcessRequestMain(Boolean includeStagesBeforeAsyncPoint, Boolean includeStagesAfterAsyncPoint)
   在 System.Web.UI.Page.ProcessRequest(Boolean includeStagesBeforeAsyncPoint, Boolean includeStagesAfterAsyncPoint)
   在 System.Web.UI.Page.ProcessRequest()
   在 System.Web.UI.Page.ProcessRequest(HttpContext context)
   在 ASP.ajax_biyingshow_aspx.ProcessRequest(HttpContext context) 位置 c:\Windows\Microsoft.NET\Framework64\v2.0.50727\Temporary ASP.NET Files\root\a1a14bdb\63861841\App_Web_-awadncs.1.cs:行号 0
   在 System.Web.HttpApplication.CallHandlerExecutionStep.System.Web.HttpApplication.IExecutionStep.Execute()
   在 System.Web.HttpApplication.ExecuteStep(IExecutionStep step, Boolean& completedSynchronously)
2015-04-09 13:55:14,826 [3] TREC.Web.Global DEBUG - 家具快搜停止
