2015-04-01 15:07:23,190 [10] TREC.Web.Global DEBUG - 家具快搜启动
2015-04-01 15:08:52,693 [10] TREC.Web.Global ERROR - 错误:
UrlReferrer:
http://localhost:10080/suppler/index.aspx
UserAgent:
Mozilla/5.0 (Windows NT 6.1; WOW64; Trident/7.0; rv:11.0) like Gecko
UserHostName:
127.0.0.1
UserHostAddress:
127.0.0.1

System.Web.HttpUnhandledException: 引发类型为“System.Web.HttpUnhandledException”的异常。 ---> System.NullReferenceException: 未将对象引用设置到对象的实例。
   在 ASP.suppler_market_marketinfo_aspx.__RenderContent2(HtmlTextWriter __w, Control parameterContainer) 位置 f:\CodeNew\trunk\TREC.Web\suppler\market\marketinfo.aspx:行号 331
   在 System.Web.UI.Control.RenderChildrenInternal(HtmlTextWriter writer, ICollection children)
   在 System.Web.UI.Control.RenderChildren(HtmlTextWriter writer)
   在 System.Web.UI.Control.Render(HtmlTextWriter writer)
   在 System.Web.UI.Control.RenderControlInternal(HtmlTextWriter writer, ControlAdapter adapter)
   在 System.Web.UI.Control.RenderControl(HtmlTextWriter writer, ControlAdapter adapter)
   在 System.Web.UI.Control.RenderControl(HtmlTextWriter writer)
   在 ASP.suppler_member_master.__Renderform1(HtmlTextWriter __w, Control parameterContainer) 位置 f:\CodeNew\trunk\TREC.Web\suppler\Member.Master:行号 329
   在 System.Web.UI.Control.RenderChildrenInternal(HtmlTextWriter writer, ICollection children)
   在 System.Web.UI.Control.RenderChildren(HtmlTextWriter writer)
   在 System.Web.UI.HtmlControls.HtmlForm.RenderChildren(HtmlTextWriter writer)
   在 System.Web.UI.HtmlControls.HtmlContainerControl.Render(HtmlTextWriter writer)
   在 System.Web.UI.HtmlControls.HtmlForm.Render(HtmlTextWriter output)
   在 System.Web.UI.Control.RenderControlInternal(HtmlTextWriter writer, ControlAdapter adapter)
   在 System.Web.UI.Control.RenderControl(HtmlTextWriter writer, ControlAdapter adapter)
   在 System.Web.UI.HtmlControls.HtmlForm.RenderControl(HtmlTextWriter writer)
   在 System.Web.UI.Control.RenderChildrenInternal(HtmlTextWriter writer, ICollection children)
   在 System.Web.UI.Control.RenderChildren(HtmlTextWriter writer)
   在 System.Web.UI.Control.Render(HtmlTextWriter writer)
   在 System.Web.UI.Control.RenderControlInternal(HtmlTextWriter writer, ControlAdapter adapter)
   在 System.Web.UI.Control.RenderControl(HtmlTextWriter writer, ControlAdapter adapter)
   在 System.Web.UI.Control.RenderControl(HtmlTextWriter writer)
   在 System.Web.UI.Control.RenderChildrenInternal(HtmlTextWriter writer, ICollection children)
   在 System.Web.UI.Control.RenderChildren(HtmlTextWriter writer)
   在 System.Web.UI.Page.Render(HtmlTextWriter writer)
   在 System.Web.UI.Control.RenderControlInternal(HtmlTextWriter writer, ControlAdapter adapter)
   在 System.Web.UI.Control.RenderControl(HtmlTextWriter writer, ControlAdapter adapter)
   在 System.Web.UI.Control.RenderControl(HtmlTextWriter writer)
   在 System.Web.UI.Page.ProcessRequestMain(Boolean includeStagesBeforeAsyncPoint, Boolean includeStagesAfterAsyncPoint)
   --- 内部异常堆栈跟踪的结尾 ---
   在 System.Web.UI.Page.HandleError(Exception e)
   在 System.Web.UI.Page.ProcessRequestMain(Boolean includeStagesBeforeAsyncPoint, Boolean includeStagesAfterAsyncPoint)
   在 System.Web.UI.Page.ProcessRequest(Boolean includeStagesBeforeAsyncPoint, Boolean includeStagesAfterAsyncPoint)
   在 System.Web.UI.Page.ProcessRequest()
   在 System.Web.UI.Page.ProcessRequestWithNoAssert(HttpContext context)
   在 System.Web.UI.Page.ProcessRequest(HttpContext context)
   在 ASP.suppler_market_marketinfo_aspx.ProcessRequest(HttpContext context) 位置 c:\Windows\Microsoft.NET\Framework\v2.0.50727\Temporary ASP.NET Files\root\98a5a42a\612aefc7\App_Web_oujcueh-.5.cs:行号 0
   在 System.Web.HttpApplication.CallHandlerExecutionStep.System.Web.HttpApplication.IExecutionStep.Execute()
   在 System.Web.HttpApplication.ExecuteStep(IExecutionStep step, Boolean& completedSynchronously)
2015-04-01 16:57:12,872 [4] TREC.Web.Global DEBUG - 家具快搜停止
