2015-05-25 18:26:15,177 [11] TREC.Web.Global DEBUG - 家具快搜启动
2015-05-25 18:26:19,726 [11] TREC.Web.Global ERROR - 错误:
UserAgent:
Mozilla/5.0 (Windows NT 6.1; WOW64; rv:38.0) Gecko/20100101 Firefox/38.0
UserHostName:
127.0.0.1
UserHostAddress:
127.0.0.1

System.Web.HttpUnhandledException: 引发类型为“System.Web.HttpUnhandledException”的异常。 ---> System.Xml.XmlException: 根级别上的数据无效。 行 1，位置 1。
   在 System.Xml.XmlTextReaderImpl.Throw(Exception e)
   在 System.Xml.XmlTextReaderImpl.Throw(String res, String arg)
   在 System.Xml.XmlTextReaderImpl.ParseRootLevelWhitespace()
   在 System.Xml.XmlTextReaderImpl.ParseDocumentContent()
   在 System.Xml.XmlTextReaderImpl.Read()
   在 System.Xml.XmlTextReader.Read()
   在 System.Xml.XmlReader.MoveToContent()
   在 System.Data.DataSet.ReadXml(XmlReader reader, Boolean denyResolving)
   在 System.Data.DataSet.ReadXml(Stream stream)
   在 TREC.Web.aspx.companybrandlistn.gethd(Object o) 位置 F:\CodeNew\trunk\TREC.Web\aspx\companybrandlistn.aspx.cs:行号 115
   在 ASP.template_web_default_companybrandlist_aspx.__DataBind__control4(Object sender, EventArgs e) 位置 f:\CodeNew\trunk\TREC.Web\template\web\default\companybrandlist.aspx:行号 385
   在 System.Web.UI.Control.OnDataBinding(EventArgs e)
   在 System.Web.UI.Control.DataBind(Boolean raiseOnDataBinding)
   在 System.Web.UI.Control.DataBind()
   在 System.Web.UI.Control.DataBindChildren()
   在 System.Web.UI.Control.DataBind(Boolean raiseOnDataBinding)
   在 System.Web.UI.Control.DataBind()
   在 System.Web.UI.WebControls.Repeater.CreateItem(Int32 itemIndex, ListItemType itemType, Boolean dataBind, Object dataItem)
   在 System.Web.UI.WebControls.Repeater.CreateControlHierarchy(Boolean useDataSource)
   在 System.Web.UI.WebControls.Repeater.OnDataBinding(EventArgs e)
   在 System.Web.UI.WebControls.Repeater.DataBind()
   在 TREC.Web.aspx.companybrandlistn.Page_Load(Object sender, EventArgs e) 位置 F:\CodeNew\trunk\TREC.Web\aspx\companybrandlistn.aspx.cs:行号 140
   在 System.Web.Util.CalliHelper.EventArgFunctionCaller(IntPtr fp, Object o, Object t, EventArgs e)
   在 System.Web.Util.CalliEventHandlerDelegateProxy.Callback(Object sender, EventArgs e)
   在 System.Web.UI.Control.OnLoad(EventArgs e)
   在 System.Web.UI.Control.LoadRecursive()
   在 System.Web.UI.Page.ProcessRequestMain(Boolean includeStagesBeforeAsyncPoint, Boolean includeStagesAfterAsyncPoint)
   --- 内部异常堆栈跟踪的结尾 ---
   在 System.Web.UI.Page.HandleError(Exception e)
   在 System.Web.UI.Page.ProcessRequestMain(Boolean includeStagesBeforeAsyncPoint, Boolean includeStagesAfterAsyncPoint)
   在 System.Web.UI.Page.ProcessRequest(Boolean includeStagesBeforeAsyncPoint, Boolean includeStagesAfterAsyncPoint)
   在 System.Web.UI.Page.ProcessRequest()
   在 System.Web.UI.Page.ProcessRequestWithNoAssert(HttpContext context)
   在 System.Web.UI.Page.ProcessRequest(HttpContext context)
   在 ASP.template_web_default_companybrandlist_aspx.ProcessRequest(HttpContext context) 位置 c:\Windows\Microsoft.NET\Framework\v2.0.50727\Temporary ASP.NET Files\root\98a5a42a\612aefc7\App_Web_companybrandlist.aspx.392f1fb4.3hzpwqcs.0.cs:行号 0
   在 System.Web.HttpApplication.CallHandlerExecutionStep.System.Web.HttpApplication.IExecutionStep.Execute()
   在 System.Web.HttpApplication.ExecuteStep(IExecutionStep step, Boolean& completedSynchronously)
2015-05-25 18:27:24,344 [11] TREC.Web.Global DEBUG - 家具快搜停止
