2015-05-29 18:57:10,414 [3] TREC.Web.Global DEBUG - 家具快搜启动
2015-05-29 18:57:14,028 [7] TREC.Web.Global ERROR - 错误:
UrlReferrer:
http://192.168.1.115:84/admin/company/companylist.aspx
UserAgent:
Mozilla/5.0 (Windows NT 6.1; WOW64; rv:38.0) Gecko/20100101 Firefox/38.0
UserHostName:
192.168.1.115
UserHostAddress:
192.168.1.115

System.Web.HttpUnhandledException: 引发类型为“System.Web.HttpUnhandledException”的异常。 ---> System.FormatException: 该字符串未被识别为有效的 DateTime。
   在 System.DateTimeParse.Parse(String s, DateTimeFormatInfo dtfi, DateTimeStyles styles)
   在 System.DateTime.Parse(String s)
   在 TREC.Data.Members.GetMemberList(String filed, String strWhere, String sort) 位置 F:\CodeNew\trunk\TREC.Data\Provide\Members.cs:行号 1341
   在 TREC.ECommerce.ECMember.GetMemberList(String field, String strWhere, String sort) 位置 F:\CodeNew\trunk\TREC.ECommerce\ECMember.cs:行号 236
   在 TREC.ECommerce.ECMember.GetTop20MemberList() 位置 F:\CodeNew\trunk\TREC.ECommerce\ECMember.cs:行号 19
   在 TREC.Web.Admin.company.companyinfo.Page_Load(Object sender, EventArgs e) 位置 F:\CodeNew\trunk\TREC.Web\Admin\company\companyinfo.aspx.cs:行号 29
   在 System.Web.Util.CalliHelper.EventArgFunctionCaller(IntPtr fp, Object o, Object t, EventArgs e)
   在 System.Web.Util.CalliEventHandlerDelegateProxy.Callback(Object sender, EventArgs e)
   在 System.Web.UI.Control.OnLoad(EventArgs e)
   在 System.Web.UI.Control.LoadRecursive()
   在 System.Web.UI.Page.ProcessRequestMain(Boolean includeStagesBeforeAsyncPoint, Boolean includeStagesAfterAsyncPoint)
   --- 内部异常堆栈跟踪的结尾 ---
   在 System.Web.UI.Page.HandleError(Exception e)
   在 System.Web.UI.Page.ProcessRequestMain(Boolean includeStagesBeforeAsyncPoint, Boolean includeStagesAfterAsyncPoint)
   在 System.Web.UI.Page.ProcessRequest(Boolean includeStagesBeforeAsyncPoint, Boolean includeStagesAfterAsyncPoint)
   在 System.Web.UI.Page.ProcessRequest()
   在 System.Web.UI.Page.ProcessRequest(HttpContext context)
   在 ASP.admin_company_companyinfo_aspx.ProcessRequest(HttpContext context) 位置 c:\Windows\Microsoft.NET\Framework64\v2.0.50727\Temporary ASP.NET Files\root\a1a14bdb\63861841\App_Web_illelpx4.1.cs:行号 0
   在 System.Web.HttpApplication.CallHandlerExecutionStep.System.Web.HttpApplication.IExecutionStep.Execute()
   在 System.Web.HttpApplication.ExecuteStep(IExecutionStep step, Boolean& completedSynchronously)
2015-05-29 18:58:02,294 [3] TREC.Web.Global DEBUG - 家具快搜停止
