2015-03-18 17:55:51,032 [12] TREC.Web.Global DEBUG - 家具快搜启动
2015-03-18 17:56:14,064 [13] TREC.Web.Global ERROR - 错误:
UrlReferrer:
http://localhost:10080/companybrandlist.aspx
UserAgent:
Mozilla/5.0 (Windows NT 6.1; WOW64) AppleWebKit/537.36 (KHTML, like Gecko) Chrome/31.0.1650.63 Safari/537.36
UserHostName:
127.0.0.1
UserHostAddress:
127.0.0.1

System.Web.HttpException: 文件不存在。
   在 System.Web.StaticFileHandler.GetFileInfo(String virtualPathWithPathInfo, String physicalPath, HttpResponse response)
   在 System.Web.StaticFileHandler.ProcessRequestInternal(HttpContext context)
   在 System.Web.DefaultHttpHandler.BeginProcessRequest(HttpContext context, AsyncCallback callback, Object state)
   在 System.Web.HttpApplication.CallHandlerExecutionStep.System.Web.HttpApplication.IExecutionStep.Execute()
   在 System.Web.HttpApplication.ExecuteStep(IExecutionStep step, Boolean& completedSynchronously)
2015-03-18 17:56:14,065 [16] TREC.Web.Global ERROR - 错误:
UrlReferrer:
http://localhost:10080/companybrandlist.aspx
UserAgent:
Mozilla/5.0 (Windows NT 6.1; WOW64) AppleWebKit/537.36 (KHTML, like Gecko) Chrome/31.0.1650.63 Safari/537.36
UserHostName:
127.0.0.1
UserHostAddress:
127.0.0.1

System.Web.HttpException: 文件不存在。
   在 System.Web.StaticFileHandler.GetFileInfo(String virtualPathWithPathInfo, String physicalPath, HttpResponse response)
   在 System.Web.StaticFileHandler.ProcessRequestInternal(HttpContext context)
   在 System.Web.DefaultHttpHandler.BeginProcessRequest(HttpContext context, AsyncCallback callback, Object state)
   在 System.Web.HttpApplication.CallHandlerExecutionStep.System.Web.HttpApplication.IExecutionStep.Execute()
   在 System.Web.HttpApplication.ExecuteStep(IExecutionStep step, Boolean& completedSynchronously)
2015-03-18 17:56:14,290 [16] TREC.Web.Global ERROR - 错误:
UrlReferrer:
http://localhost:10080/companybrandlist.aspx
UserAgent:
Mozilla/5.0 (Windows NT 6.1; WOW64) AppleWebKit/537.36 (KHTML, like Gecko) Chrome/31.0.1650.63 Safari/537.36
UserHostName:
127.0.0.1
UserHostAddress:
127.0.0.1

System.Web.HttpException: 文件不存在。
   在 System.Web.StaticFileHandler.GetFileInfo(String virtualPathWithPathInfo, String physicalPath, HttpResponse response)
   在 System.Web.StaticFileHandler.ProcessRequestInternal(HttpContext context)
   在 System.Web.DefaultHttpHandler.BeginProcessRequest(HttpContext context, AsyncCallback callback, Object state)
   在 System.Web.HttpApplication.CallHandlerExecutionStep.System.Web.HttpApplication.IExecutionStep.Execute()
   在 System.Web.HttpApplication.ExecuteStep(IExecutionStep step, Boolean& completedSynchronously)
2015-03-18 17:56:14,408 [10] TREC.Web.Global ERROR - 错误:
UrlReferrer:
http://localhost:10080/companybrandlist.aspx
UserAgent:
Mozilla/5.0 (Windows NT 6.1; WOW64) AppleWebKit/537.36 (KHTML, like Gecko) Chrome/31.0.1650.63 Safari/537.36
UserHostName:
127.0.0.1
UserHostAddress:
127.0.0.1

System.Web.HttpException: 文件不存在。
   在 System.Web.StaticFileHandler.GetFileInfo(String virtualPathWithPathInfo, String physicalPath, HttpResponse response)
   在 System.Web.StaticFileHandler.ProcessRequestInternal(HttpContext context)
   在 System.Web.DefaultHttpHandler.BeginProcessRequest(HttpContext context, AsyncCallback callback, Object state)
   在 System.Web.HttpApplication.CallHandlerExecutionStep.System.Web.HttpApplication.IExecutionStep.Execute()
   在 System.Web.HttpApplication.ExecuteStep(IExecutionStep step, Boolean& completedSynchronously)
2015-03-18 17:56:14,408 [16] TREC.Web.Global ERROR - 错误:
UrlReferrer:
http://localhost:10080/companybrandlist.aspx
UserAgent:
Mozilla/5.0 (Windows NT 6.1; WOW64) AppleWebKit/537.36 (KHTML, like Gecko) Chrome/31.0.1650.63 Safari/537.36
UserHostName:
127.0.0.1
UserHostAddress:
127.0.0.1

System.Web.HttpException: 文件不存在。
   在 System.Web.StaticFileHandler.GetFileInfo(String virtualPathWithPathInfo, String physicalPath, HttpResponse response)
   在 System.Web.StaticFileHandler.ProcessRequestInternal(HttpContext context)
   在 System.Web.DefaultHttpHandler.BeginProcessRequest(HttpContext context, AsyncCallback callback, Object state)
   在 System.Web.HttpApplication.CallHandlerExecutionStep.System.Web.HttpApplication.IExecutionStep.Execute()
   在 System.Web.HttpApplication.ExecuteStep(IExecutionStep step, Boolean& completedSynchronously)
2015-03-18 17:56:14,601 [16] TREC.Web.Global ERROR - 错误:
UrlReferrer:
http://localhost:10080/companybrandlist.aspx
UserAgent:
Mozilla/5.0 (Windows NT 6.1; WOW64) AppleWebKit/537.36 (KHTML, like Gecko) Chrome/31.0.1650.63 Safari/537.36
UserHostName:
127.0.0.1
UserHostAddress:
127.0.0.1

System.Web.HttpException: 文件不存在。
   在 System.Web.StaticFileHandler.GetFileInfo(String virtualPathWithPathInfo, String physicalPath, HttpResponse response)
   在 System.Web.StaticFileHandler.ProcessRequestInternal(HttpContext context)
   在 System.Web.DefaultHttpHandler.BeginProcessRequest(HttpContext context, AsyncCallback callback, Object state)
   在 System.Web.HttpApplication.CallHandlerExecutionStep.System.Web.HttpApplication.IExecutionStep.Execute()
   在 System.Web.HttpApplication.ExecuteStep(IExecutionStep step, Boolean& completedSynchronously)
2015-03-18 17:56:14,771 [10] TREC.Web.Global ERROR - 错误:
UrlReferrer:
http://localhost:10080/companybrandlist.aspx
UserAgent:
Mozilla/5.0 (Windows NT 6.1; WOW64) AppleWebKit/537.36 (KHTML, like Gecko) Chrome/31.0.1650.63 Safari/537.36
UserHostName:
127.0.0.1
UserHostAddress:
127.0.0.1

System.Web.HttpException: 文件不存在。
   在 System.Web.StaticFileHandler.GetFileInfo(String virtualPathWithPathInfo, String physicalPath, HttpResponse response)
   在 System.Web.StaticFileHandler.ProcessRequestInternal(HttpContext context)
   在 System.Web.DefaultHttpHandler.BeginProcessRequest(HttpContext context, AsyncCallback callback, Object state)
   在 System.Web.HttpApplication.CallHandlerExecutionStep.System.Web.HttpApplication.IExecutionStep.Execute()
   在 System.Web.HttpApplication.ExecuteStep(IExecutionStep step, Boolean& completedSynchronously)
2015-03-18 17:56:15,347 [13] TREC.Web.Global ERROR - 错误:
UrlReferrer:
http://localhost:10080/companybrandlist.aspx
UserAgent:
Mozilla/5.0 (Windows NT 6.1; WOW64) AppleWebKit/537.36 (KHTML, like Gecko) Chrome/31.0.1650.63 Safari/537.36
UserHostName:
127.0.0.1
UserHostAddress:
127.0.0.1

System.Web.HttpException: 文件不存在。
   在 System.Web.StaticFileHandler.GetFileInfo(String virtualPathWithPathInfo, String physicalPath, HttpResponse response)
   在 System.Web.StaticFileHandler.ProcessRequestInternal(HttpContext context)
   在 System.Web.DefaultHttpHandler.BeginProcessRequest(HttpContext context, AsyncCallback callback, Object state)
   在 System.Web.HttpApplication.CallHandlerExecutionStep.System.Web.HttpApplication.IExecutionStep.Execute()
   在 System.Web.HttpApplication.ExecuteStep(IExecutionStep step, Boolean& completedSynchronously)
2015-03-18 17:56:15,355 [10] TREC.Web.Global ERROR - 错误:
UrlReferrer:
http://localhost:10080/companybrandlist.aspx
UserAgent:
Mozilla/5.0 (Windows NT 6.1; WOW64) AppleWebKit/537.36 (KHTML, like Gecko) Chrome/31.0.1650.63 Safari/537.36
UserHostName:
127.0.0.1
UserHostAddress:
127.0.0.1

System.Web.HttpException: 文件不存在。
   在 System.Web.StaticFileHandler.GetFileInfo(String virtualPathWithPathInfo, String physicalPath, HttpResponse response)
   在 System.Web.StaticFileHandler.ProcessRequestInternal(HttpContext context)
   在 System.Web.DefaultHttpHandler.BeginProcessRequest(HttpContext context, AsyncCallback callback, Object state)
   在 System.Web.HttpApplication.CallHandlerExecutionStep.System.Web.HttpApplication.IExecutionStep.Execute()
   在 System.Web.HttpApplication.ExecuteStep(IExecutionStep step, Boolean& completedSynchronously)
2015-03-18 17:56:15,420 [12] TREC.Web.Global ERROR - 错误:
UrlReferrer:
http://localhost:10080/companybrandlist.aspx
UserAgent:
Mozilla/5.0 (Windows NT 6.1; WOW64) AppleWebKit/537.36 (KHTML, like Gecko) Chrome/31.0.1650.63 Safari/537.36
UserHostName:
127.0.0.1
UserHostAddress:
127.0.0.1

System.Web.HttpException: 文件不存在。
   在 System.Web.StaticFileHandler.GetFileInfo(String virtualPathWithPathInfo, String physicalPath, HttpResponse response)
   在 System.Web.StaticFileHandler.ProcessRequestInternal(HttpContext context)
   在 System.Web.DefaultHttpHandler.BeginProcessRequest(HttpContext context, AsyncCallback callback, Object state)
   在 System.Web.HttpApplication.CallHandlerExecutionStep.System.Web.HttpApplication.IExecutionStep.Execute()
   在 System.Web.HttpApplication.ExecuteStep(IExecutionStep step, Boolean& completedSynchronously)
2015-03-18 17:56:15,641 [16] TREC.Web.Global ERROR - 错误:
UrlReferrer:
http://localhost:10080/companybrandlist.aspx
UserAgent:
Mozilla/5.0 (Windows NT 6.1; WOW64) AppleWebKit/537.36 (KHTML, like Gecko) Chrome/31.0.1650.63 Safari/537.36
UserHostName:
127.0.0.1
UserHostAddress:
127.0.0.1

System.Web.HttpException: 文件不存在。
   在 System.Web.StaticFileHandler.GetFileInfo(String virtualPathWithPathInfo, String physicalPath, HttpResponse response)
   在 System.Web.StaticFileHandler.ProcessRequestInternal(HttpContext context)
   在 System.Web.DefaultHttpHandler.BeginProcessRequest(HttpContext context, AsyncCallback callback, Object state)
   在 System.Web.HttpApplication.CallHandlerExecutionStep.System.Web.HttpApplication.IExecutionStep.Execute()
   在 System.Web.HttpApplication.ExecuteStep(IExecutionStep step, Boolean& completedSynchronously)
2015-03-18 17:56:15,641 [13] TREC.Web.Global ERROR - 错误:
UrlReferrer:
http://localhost:10080/companybrandlist.aspx
UserAgent:
Mozilla/5.0 (Windows NT 6.1; WOW64) AppleWebKit/537.36 (KHTML, like Gecko) Chrome/31.0.1650.63 Safari/537.36
UserHostName:
127.0.0.1
UserHostAddress:
127.0.0.1

System.Web.HttpException: 文件不存在。
   在 System.Web.StaticFileHandler.GetFileInfo(String virtualPathWithPathInfo, String physicalPath, HttpResponse response)
   在 System.Web.StaticFileHandler.ProcessRequestInternal(HttpContext context)
   在 System.Web.DefaultHttpHandler.BeginProcessRequest(HttpContext context, AsyncCallback callback, Object state)
   在 System.Web.HttpApplication.CallHandlerExecutionStep.System.Web.HttpApplication.IExecutionStep.Execute()
   在 System.Web.HttpApplication.ExecuteStep(IExecutionStep step, Boolean& completedSynchronously)
2015-03-18 17:56:15,713 [13] TREC.Web.Global ERROR - 错误:
UrlReferrer:
http://localhost:10080/companybrandlist.aspx
UserAgent:
Mozilla/5.0 (Windows NT 6.1; WOW64) AppleWebKit/537.36 (KHTML, like Gecko) Chrome/31.0.1650.63 Safari/537.36
UserHostName:
127.0.0.1
UserHostAddress:
127.0.0.1

System.Web.HttpException: 文件不存在。
   在 System.Web.StaticFileHandler.GetFileInfo(String virtualPathWithPathInfo, String physicalPath, HttpResponse response)
   在 System.Web.StaticFileHandler.ProcessRequestInternal(HttpContext context)
   在 System.Web.DefaultHttpHandler.BeginProcessRequest(HttpContext context, AsyncCallback callback, Object state)
   在 System.Web.HttpApplication.CallHandlerExecutionStep.System.Web.HttpApplication.IExecutionStep.Execute()
   在 System.Web.HttpApplication.ExecuteStep(IExecutionStep step, Boolean& completedSynchronously)
2015-03-18 17:56:15,717 [16] TREC.Web.Global ERROR - 错误:
UrlReferrer:
http://localhost:10080/companybrandlist.aspx
UserAgent:
Mozilla/5.0 (Windows NT 6.1; WOW64) AppleWebKit/537.36 (KHTML, like Gecko) Chrome/31.0.1650.63 Safari/537.36
UserHostName:
127.0.0.1
UserHostAddress:
127.0.0.1

System.Web.HttpException: 文件不存在。
   在 System.Web.StaticFileHandler.GetFileInfo(String virtualPathWithPathInfo, String physicalPath, HttpResponse response)
   在 System.Web.StaticFileHandler.ProcessRequestInternal(HttpContext context)
   在 System.Web.DefaultHttpHandler.BeginProcessRequest(HttpContext context, AsyncCallback callback, Object state)
   在 System.Web.HttpApplication.CallHandlerExecutionStep.System.Web.HttpApplication.IExecutionStep.Execute()
   在 System.Web.HttpApplication.ExecuteStep(IExecutionStep step, Boolean& completedSynchronously)
2015-03-18 17:56:15,729 [13] TREC.Web.Global ERROR - 错误:
UrlReferrer:
http://localhost:10080/companybrandlist.aspx
UserAgent:
Mozilla/5.0 (Windows NT 6.1; WOW64) AppleWebKit/537.36 (KHTML, like Gecko) Chrome/31.0.1650.63 Safari/537.36
UserHostName:
127.0.0.1
UserHostAddress:
127.0.0.1

System.Web.HttpException: 文件不存在。
   在 System.Web.StaticFileHandler.GetFileInfo(String virtualPathWithPathInfo, String physicalPath, HttpResponse response)
   在 System.Web.StaticFileHandler.ProcessRequestInternal(HttpContext context)
   在 System.Web.DefaultHttpHandler.BeginProcessRequest(HttpContext context, AsyncCallback callback, Object state)
   在 System.Web.HttpApplication.CallHandlerExecutionStep.System.Web.HttpApplication.IExecutionStep.Execute()
   在 System.Web.HttpApplication.ExecuteStep(IExecutionStep step, Boolean& completedSynchronously)
2015-03-18 17:56:15,742 [16] TREC.Web.Global ERROR - 错误:
UrlReferrer:
http://localhost:10080/companybrandlist.aspx
UserAgent:
Mozilla/5.0 (Windows NT 6.1; WOW64) AppleWebKit/537.36 (KHTML, like Gecko) Chrome/31.0.1650.63 Safari/537.36
UserHostName:
127.0.0.1
UserHostAddress:
127.0.0.1

System.Web.HttpException: 文件不存在。
   在 System.Web.StaticFileHandler.GetFileInfo(String virtualPathWithPathInfo, String physicalPath, HttpResponse response)
   在 System.Web.StaticFileHandler.ProcessRequestInternal(HttpContext context)
   在 System.Web.DefaultHttpHandler.BeginProcessRequest(HttpContext context, AsyncCallback callback, Object state)
   在 System.Web.HttpApplication.CallHandlerExecutionStep.System.Web.HttpApplication.IExecutionStep.Execute()
   在 System.Web.HttpApplication.ExecuteStep(IExecutionStep step, Boolean& completedSynchronously)
2015-03-18 17:56:15,962 [16] TREC.Web.Global ERROR - 错误:
UrlReferrer:
http://localhost:10080/companybrandlist.aspx
UserAgent:
Mozilla/5.0 (Windows NT 6.1; WOW64) AppleWebKit/537.36 (KHTML, like Gecko) Chrome/31.0.1650.63 Safari/537.36
UserHostName:
127.0.0.1
UserHostAddress:
127.0.0.1

System.Web.HttpException: 文件不存在。
   在 System.Web.StaticFileHandler.GetFileInfo(String virtualPathWithPathInfo, String physicalPath, HttpResponse response)
   在 System.Web.StaticFileHandler.ProcessRequestInternal(HttpContext context)
   在 System.Web.DefaultHttpHandler.BeginProcessRequest(HttpContext context, AsyncCallback callback, Object state)
   在 System.Web.HttpApplication.CallHandlerExecutionStep.System.Web.HttpApplication.IExecutionStep.Execute()
   在 System.Web.HttpApplication.ExecuteStep(IExecutionStep step, Boolean& completedSynchronously)
2015-03-18 17:56:15,983 [12] TREC.Web.Global ERROR - 错误:
UrlReferrer:
http://localhost:10080/companybrandlist.aspx
UserAgent:
Mozilla/5.0 (Windows NT 6.1; WOW64) AppleWebKit/537.36 (KHTML, like Gecko) Chrome/31.0.1650.63 Safari/537.36
UserHostName:
127.0.0.1
UserHostAddress:
127.0.0.1

System.Web.HttpException: 文件不存在。
   在 System.Web.StaticFileHandler.GetFileInfo(String virtualPathWithPathInfo, String physicalPath, HttpResponse response)
   在 System.Web.StaticFileHandler.ProcessRequestInternal(HttpContext context)
   在 System.Web.DefaultHttpHandler.BeginProcessRequest(HttpContext context, AsyncCallback callback, Object state)
   在 System.Web.HttpApplication.CallHandlerExecutionStep.System.Web.HttpApplication.IExecutionStep.Execute()
   在 System.Web.HttpApplication.ExecuteStep(IExecutionStep step, Boolean& completedSynchronously)
2015-03-18 18:00:05,059 [16] TREC.Web.Global ERROR - 错误:
UrlReferrer:
http://localhost:10080/companybrandlist.aspx
UserAgent:
Mozilla/5.0 (Windows NT 6.1; WOW64) AppleWebKit/537.36 (KHTML, like Gecko) Chrome/31.0.1650.63 Safari/537.36
UserHostName:
127.0.0.1
UserHostAddress:
127.0.0.1

System.Web.HttpException: 文件不存在。
   在 System.Web.StaticFileHandler.GetFileInfo(String virtualPathWithPathInfo, String physicalPath, HttpResponse response)
   在 System.Web.StaticFileHandler.ProcessRequestInternal(HttpContext context)
   在 System.Web.DefaultHttpHandler.BeginProcessRequest(HttpContext context, AsyncCallback callback, Object state)
   在 System.Web.HttpApplication.CallHandlerExecutionStep.System.Web.HttpApplication.IExecutionStep.Execute()
   在 System.Web.HttpApplication.ExecuteStep(IExecutionStep step, Boolean& completedSynchronously)
2015-03-18 18:00:05,078 [13] TREC.Web.Global ERROR - 错误:
UrlReferrer:
http://localhost:10080/companybrandlist.aspx
UserAgent:
Mozilla/5.0 (Windows NT 6.1; WOW64) AppleWebKit/537.36 (KHTML, like Gecko) Chrome/31.0.1650.63 Safari/537.36
UserHostName:
127.0.0.1
UserHostAddress:
127.0.0.1

System.Web.HttpException: 文件不存在。
   在 System.Web.StaticFileHandler.GetFileInfo(String virtualPathWithPathInfo, String physicalPath, HttpResponse response)
   在 System.Web.StaticFileHandler.ProcessRequestInternal(HttpContext context)
   在 System.Web.DefaultHttpHandler.BeginProcessRequest(HttpContext context, AsyncCallback callback, Object state)
   在 System.Web.HttpApplication.CallHandlerExecutionStep.System.Web.HttpApplication.IExecutionStep.Execute()
   在 System.Web.HttpApplication.ExecuteStep(IExecutionStep step, Boolean& completedSynchronously)
2015-03-18 18:00:05,091 [12] TREC.Web.Global ERROR - 错误:
UrlReferrer:
http://localhost:10080/companybrandlist.aspx
UserAgent:
Mozilla/5.0 (Windows NT 6.1; WOW64) AppleWebKit/537.36 (KHTML, like Gecko) Chrome/31.0.1650.63 Safari/537.36
UserHostName:
127.0.0.1
UserHostAddress:
127.0.0.1

System.Web.HttpException: 文件不存在。
   在 System.Web.StaticFileHandler.GetFileInfo(String virtualPathWithPathInfo, String physicalPath, HttpResponse response)
   在 System.Web.StaticFileHandler.ProcessRequestInternal(HttpContext context)
   在 System.Web.DefaultHttpHandler.BeginProcessRequest(HttpContext context, AsyncCallback callback, Object state)
   在 System.Web.HttpApplication.CallHandlerExecutionStep.System.Web.HttpApplication.IExecutionStep.Execute()
   在 System.Web.HttpApplication.ExecuteStep(IExecutionStep step, Boolean& completedSynchronously)
2015-03-18 18:00:05,091 [16] TREC.Web.Global ERROR - 错误:
UrlReferrer:
http://localhost:10080/companybrandlist.aspx
UserAgent:
Mozilla/5.0 (Windows NT 6.1; WOW64) AppleWebKit/537.36 (KHTML, like Gecko) Chrome/31.0.1650.63 Safari/537.36
UserHostName:
127.0.0.1
UserHostAddress:
127.0.0.1

System.Web.HttpException: 文件不存在。
   在 System.Web.StaticFileHandler.GetFileInfo(String virtualPathWithPathInfo, String physicalPath, HttpResponse response)
   在 System.Web.StaticFileHandler.ProcessRequestInternal(HttpContext context)
   在 System.Web.DefaultHttpHandler.BeginProcessRequest(HttpContext context, AsyncCallback callback, Object state)
   在 System.Web.HttpApplication.CallHandlerExecutionStep.System.Web.HttpApplication.IExecutionStep.Execute()
   在 System.Web.HttpApplication.ExecuteStep(IExecutionStep step, Boolean& completedSynchronously)
2015-03-18 18:00:05,384 [12] TREC.Web.Global ERROR - 错误:
UrlReferrer:
http://localhost:10080/companybrandlist.aspx
UserAgent:
Mozilla/5.0 (Windows NT 6.1; WOW64) AppleWebKit/537.36 (KHTML, like Gecko) Chrome/31.0.1650.63 Safari/537.36
UserHostName:
127.0.0.1
UserHostAddress:
127.0.0.1

System.Web.HttpException: 文件不存在。
   在 System.Web.StaticFileHandler.GetFileInfo(String virtualPathWithPathInfo, String physicalPath, HttpResponse response)
   在 System.Web.StaticFileHandler.ProcessRequestInternal(HttpContext context)
   在 System.Web.DefaultHttpHandler.BeginProcessRequest(HttpContext context, AsyncCallback callback, Object state)
   在 System.Web.HttpApplication.CallHandlerExecutionStep.System.Web.HttpApplication.IExecutionStep.Execute()
   在 System.Web.HttpApplication.ExecuteStep(IExecutionStep step, Boolean& completedSynchronously)
2015-03-18 18:00:05,391 [10] TREC.Web.Global ERROR - 错误:
UrlReferrer:
http://localhost:10080/companybrandlist.aspx
UserAgent:
Mozilla/5.0 (Windows NT 6.1; WOW64) AppleWebKit/537.36 (KHTML, like Gecko) Chrome/31.0.1650.63 Safari/537.36
UserHostName:
127.0.0.1
UserHostAddress:
127.0.0.1

System.Web.HttpException: 文件不存在。
   在 System.Web.StaticFileHandler.GetFileInfo(String virtualPathWithPathInfo, String physicalPath, HttpResponse response)
   在 System.Web.StaticFileHandler.ProcessRequestInternal(HttpContext context)
   在 System.Web.DefaultHttpHandler.BeginProcessRequest(HttpContext context, AsyncCallback callback, Object state)
   在 System.Web.HttpApplication.CallHandlerExecutionStep.System.Web.HttpApplication.IExecutionStep.Execute()
   在 System.Web.HttpApplication.ExecuteStep(IExecutionStep step, Boolean& completedSynchronously)
2015-03-18 18:00:05,404 [12] TREC.Web.Global ERROR - 错误:
UrlReferrer:
http://localhost:10080/companybrandlist.aspx
UserAgent:
Mozilla/5.0 (Windows NT 6.1; WOW64) AppleWebKit/537.36 (KHTML, like Gecko) Chrome/31.0.1650.63 Safari/537.36
UserHostName:
127.0.0.1
UserHostAddress:
127.0.0.1

System.Web.HttpException: 文件不存在。
   在 System.Web.StaticFileHandler.GetFileInfo(String virtualPathWithPathInfo, String physicalPath, HttpResponse response)
   在 System.Web.StaticFileHandler.ProcessRequestInternal(HttpContext context)
   在 System.Web.DefaultHttpHandler.BeginProcessRequest(HttpContext context, AsyncCallback callback, Object state)
   在 System.Web.HttpApplication.CallHandlerExecutionStep.System.Web.HttpApplication.IExecutionStep.Execute()
   在 System.Web.HttpApplication.ExecuteStep(IExecutionStep step, Boolean& completedSynchronously)
2015-03-18 18:00:06,330 [12] TREC.Web.Global ERROR - 错误:
UrlReferrer:
http://localhost:10080/companybrandlist.aspx
UserAgent:
Mozilla/5.0 (Windows NT 6.1; WOW64) AppleWebKit/537.36 (KHTML, like Gecko) Chrome/31.0.1650.63 Safari/537.36
UserHostName:
127.0.0.1
UserHostAddress:
127.0.0.1

System.Web.HttpException: 文件不存在。
   在 System.Web.StaticFileHandler.GetFileInfo(String virtualPathWithPathInfo, String physicalPath, HttpResponse response)
   在 System.Web.StaticFileHandler.ProcessRequestInternal(HttpContext context)
   在 System.Web.DefaultHttpHandler.BeginProcessRequest(HttpContext context, AsyncCallback callback, Object state)
   在 System.Web.HttpApplication.CallHandlerExecutionStep.System.Web.HttpApplication.IExecutionStep.Execute()
   在 System.Web.HttpApplication.ExecuteStep(IExecutionStep step, Boolean& completedSynchronously)
2015-03-18 18:00:06,346 [13] TREC.Web.Global ERROR - 错误:
UrlReferrer:
http://localhost:10080/companybrandlist.aspx
UserAgent:
Mozilla/5.0 (Windows NT 6.1; WOW64) AppleWebKit/537.36 (KHTML, like Gecko) Chrome/31.0.1650.63 Safari/537.36
UserHostName:
127.0.0.1
UserHostAddress:
127.0.0.1

System.Web.HttpException: 文件不存在。
   在 System.Web.StaticFileHandler.GetFileInfo(String virtualPathWithPathInfo, String physicalPath, HttpResponse response)
   在 System.Web.StaticFileHandler.ProcessRequestInternal(HttpContext context)
   在 System.Web.DefaultHttpHandler.BeginProcessRequest(HttpContext context, AsyncCallback callback, Object state)
   在 System.Web.HttpApplication.CallHandlerExecutionStep.System.Web.HttpApplication.IExecutionStep.Execute()
   在 System.Web.HttpApplication.ExecuteStep(IExecutionStep step, Boolean& completedSynchronously)
2015-03-18 18:00:06,408 [12] TREC.Web.Global ERROR - 错误:
UrlReferrer:
http://localhost:10080/companybrandlist.aspx
UserAgent:
Mozilla/5.0 (Windows NT 6.1; WOW64) AppleWebKit/537.36 (KHTML, like Gecko) Chrome/31.0.1650.63 Safari/537.36
UserHostName:
127.0.0.1
UserHostAddress:
127.0.0.1

System.Web.HttpException: 文件不存在。
   在 System.Web.StaticFileHandler.GetFileInfo(String virtualPathWithPathInfo, String physicalPath, HttpResponse response)
   在 System.Web.StaticFileHandler.ProcessRequestInternal(HttpContext context)
   在 System.Web.DefaultHttpHandler.BeginProcessRequest(HttpContext context, AsyncCallback callback, Object state)
   在 System.Web.HttpApplication.CallHandlerExecutionStep.System.Web.HttpApplication.IExecutionStep.Execute()
   在 System.Web.HttpApplication.ExecuteStep(IExecutionStep step, Boolean& completedSynchronously)
2015-03-18 18:00:06,414 [10] TREC.Web.Global ERROR - 错误:
UrlReferrer:
http://localhost:10080/companybrandlist.aspx
UserAgent:
Mozilla/5.0 (Windows NT 6.1; WOW64) AppleWebKit/537.36 (KHTML, like Gecko) Chrome/31.0.1650.63 Safari/537.36
UserHostName:
127.0.0.1
UserHostAddress:
127.0.0.1

System.Web.HttpException: 文件不存在。
   在 System.Web.StaticFileHandler.GetFileInfo(String virtualPathWithPathInfo, String physicalPath, HttpResponse response)
   在 System.Web.StaticFileHandler.ProcessRequestInternal(HttpContext context)
   在 System.Web.DefaultHttpHandler.BeginProcessRequest(HttpContext context, AsyncCallback callback, Object state)
   在 System.Web.HttpApplication.CallHandlerExecutionStep.System.Web.HttpApplication.IExecutionStep.Execute()
   在 System.Web.HttpApplication.ExecuteStep(IExecutionStep step, Boolean& completedSynchronously)
2015-03-18 18:00:06,447 [13] TREC.Web.Global ERROR - 错误:
UrlReferrer:
http://localhost:10080/companybrandlist.aspx
UserAgent:
Mozilla/5.0 (Windows NT 6.1; WOW64) AppleWebKit/537.36 (KHTML, like Gecko) Chrome/31.0.1650.63 Safari/537.36
UserHostName:
127.0.0.1
UserHostAddress:
127.0.0.1

System.Web.HttpException: 文件不存在。
   在 System.Web.StaticFileHandler.GetFileInfo(String virtualPathWithPathInfo, String physicalPath, HttpResponse response)
   在 System.Web.StaticFileHandler.ProcessRequestInternal(HttpContext context)
   在 System.Web.DefaultHttpHandler.BeginProcessRequest(HttpContext context, AsyncCallback callback, Object state)
   在 System.Web.HttpApplication.CallHandlerExecutionStep.System.Web.HttpApplication.IExecutionStep.Execute()
   在 System.Web.HttpApplication.ExecuteStep(IExecutionStep step, Boolean& completedSynchronously)
2015-03-18 18:00:06,580 [16] TREC.Web.Global ERROR - 错误:
UrlReferrer:
http://localhost:10080/companybrandlist.aspx
UserAgent:
Mozilla/5.0 (Windows NT 6.1; WOW64) AppleWebKit/537.36 (KHTML, like Gecko) Chrome/31.0.1650.63 Safari/537.36
UserHostName:
127.0.0.1
UserHostAddress:
127.0.0.1

System.Web.HttpException: 文件不存在。
   在 System.Web.StaticFileHandler.GetFileInfo(String virtualPathWithPathInfo, String physicalPath, HttpResponse response)
   在 System.Web.StaticFileHandler.ProcessRequestInternal(HttpContext context)
   在 System.Web.DefaultHttpHandler.BeginProcessRequest(HttpContext context, AsyncCallback callback, Object state)
   在 System.Web.HttpApplication.CallHandlerExecutionStep.System.Web.HttpApplication.IExecutionStep.Execute()
   在 System.Web.HttpApplication.ExecuteStep(IExecutionStep step, Boolean& completedSynchronously)
2015-03-18 18:00:06,704 [12] TREC.Web.Global ERROR - 错误:
UrlReferrer:
http://localhost:10080/companybrandlist.aspx
UserAgent:
Mozilla/5.0 (Windows NT 6.1; WOW64) AppleWebKit/537.36 (KHTML, like Gecko) Chrome/31.0.1650.63 Safari/537.36
UserHostName:
127.0.0.1
UserHostAddress:
127.0.0.1

System.Web.HttpException: 文件不存在。
   在 System.Web.StaticFileHandler.GetFileInfo(String virtualPathWithPathInfo, String physicalPath, HttpResponse response)
   在 System.Web.StaticFileHandler.ProcessRequestInternal(HttpContext context)
   在 System.Web.DefaultHttpHandler.BeginProcessRequest(HttpContext context, AsyncCallback callback, Object state)
   在 System.Web.HttpApplication.CallHandlerExecutionStep.System.Web.HttpApplication.IExecutionStep.Execute()
   在 System.Web.HttpApplication.ExecuteStep(IExecutionStep step, Boolean& completedSynchronously)
2015-03-18 18:00:06,705 [10] TREC.Web.Global ERROR - 错误:
UrlReferrer:
http://localhost:10080/companybrandlist.aspx
UserAgent:
Mozilla/5.0 (Windows NT 6.1; WOW64) AppleWebKit/537.36 (KHTML, like Gecko) Chrome/31.0.1650.63 Safari/537.36
UserHostName:
127.0.0.1
UserHostAddress:
127.0.0.1

System.Web.HttpException: 文件不存在。
   在 System.Web.StaticFileHandler.GetFileInfo(String virtualPathWithPathInfo, String physicalPath, HttpResponse response)
   在 System.Web.StaticFileHandler.ProcessRequestInternal(HttpContext context)
   在 System.Web.DefaultHttpHandler.BeginProcessRequest(HttpContext context, AsyncCallback callback, Object state)
   在 System.Web.HttpApplication.CallHandlerExecutionStep.System.Web.HttpApplication.IExecutionStep.Execute()
   在 System.Web.HttpApplication.ExecuteStep(IExecutionStep step, Boolean& completedSynchronously)
2015-03-18 18:00:06,766 [10] TREC.Web.Global ERROR - 错误:
UrlReferrer:
http://localhost:10080/companybrandlist.aspx
UserAgent:
Mozilla/5.0 (Windows NT 6.1; WOW64) AppleWebKit/537.36 (KHTML, like Gecko) Chrome/31.0.1650.63 Safari/537.36
UserHostName:
127.0.0.1
UserHostAddress:
127.0.0.1

System.Web.HttpException: 文件不存在。
   在 System.Web.StaticFileHandler.GetFileInfo(String virtualPathWithPathInfo, String physicalPath, HttpResponse response)
   在 System.Web.StaticFileHandler.ProcessRequestInternal(HttpContext context)
   在 System.Web.DefaultHttpHandler.BeginProcessRequest(HttpContext context, AsyncCallback callback, Object state)
   在 System.Web.HttpApplication.CallHandlerExecutionStep.System.Web.HttpApplication.IExecutionStep.Execute()
   在 System.Web.HttpApplication.ExecuteStep(IExecutionStep step, Boolean& completedSynchronously)
2015-03-18 18:00:06,791 [13] TREC.Web.Global ERROR - 错误:
UrlReferrer:
http://localhost:10080/companybrandlist.aspx
UserAgent:
Mozilla/5.0 (Windows NT 6.1; WOW64) AppleWebKit/537.36 (KHTML, like Gecko) Chrome/31.0.1650.63 Safari/537.36
UserHostName:
127.0.0.1
UserHostAddress:
127.0.0.1

System.Web.HttpException: 文件不存在。
   在 System.Web.StaticFileHandler.GetFileInfo(String virtualPathWithPathInfo, String physicalPath, HttpResponse response)
   在 System.Web.StaticFileHandler.ProcessRequestInternal(HttpContext context)
   在 System.Web.DefaultHttpHandler.BeginProcessRequest(HttpContext context, AsyncCallback callback, Object state)
   在 System.Web.HttpApplication.CallHandlerExecutionStep.System.Web.HttpApplication.IExecutionStep.Execute()
   在 System.Web.HttpApplication.ExecuteStep(IExecutionStep step, Boolean& completedSynchronously)
2015-03-18 18:00:06,793 [12] TREC.Web.Global ERROR - 错误:
UrlReferrer:
http://localhost:10080/companybrandlist.aspx
UserAgent:
Mozilla/5.0 (Windows NT 6.1; WOW64) AppleWebKit/537.36 (KHTML, like Gecko) Chrome/31.0.1650.63 Safari/537.36
UserHostName:
127.0.0.1
UserHostAddress:
127.0.0.1

System.Web.HttpException: 文件不存在。
   在 System.Web.StaticFileHandler.GetFileInfo(String virtualPathWithPathInfo, String physicalPath, HttpResponse response)
   在 System.Web.StaticFileHandler.ProcessRequestInternal(HttpContext context)
   在 System.Web.DefaultHttpHandler.BeginProcessRequest(HttpContext context, AsyncCallback callback, Object state)
   在 System.Web.HttpApplication.CallHandlerExecutionStep.System.Web.HttpApplication.IExecutionStep.Execute()
   在 System.Web.HttpApplication.ExecuteStep(IExecutionStep step, Boolean& completedSynchronously)
2015-03-18 18:00:28,211 [12] TREC.Web.Global ERROR - 错误:
UrlReferrer:
http://localhost:10080/companybrandlist.aspx
UserAgent:
Mozilla/5.0 (Windows NT 6.1; WOW64) AppleWebKit/537.36 (KHTML, like Gecko) Chrome/31.0.1650.63 Safari/537.36
UserHostName:
127.0.0.1
UserHostAddress:
127.0.0.1

System.Web.HttpException: 文件不存在。
   在 System.Web.StaticFileHandler.GetFileInfo(String virtualPathWithPathInfo, String physicalPath, HttpResponse response)
   在 System.Web.StaticFileHandler.ProcessRequestInternal(HttpContext context)
   在 System.Web.DefaultHttpHandler.BeginProcessRequest(HttpContext context, AsyncCallback callback, Object state)
   在 System.Web.HttpApplication.CallHandlerExecutionStep.System.Web.HttpApplication.IExecutionStep.Execute()
   在 System.Web.HttpApplication.ExecuteStep(IExecutionStep step, Boolean& completedSynchronously)
2015-03-18 18:00:28,211 [16] TREC.Web.Global ERROR - 错误:
UrlReferrer:
http://localhost:10080/companybrandlist.aspx
UserAgent:
Mozilla/5.0 (Windows NT 6.1; WOW64) AppleWebKit/537.36 (KHTML, like Gecko) Chrome/31.0.1650.63 Safari/537.36
UserHostName:
127.0.0.1
UserHostAddress:
127.0.0.1

System.Web.HttpException: 文件不存在。
   在 System.Web.StaticFileHandler.GetFileInfo(String virtualPathWithPathInfo, String physicalPath, HttpResponse response)
   在 System.Web.StaticFileHandler.ProcessRequestInternal(HttpContext context)
   在 System.Web.DefaultHttpHandler.BeginProcessRequest(HttpContext context, AsyncCallback callback, Object state)
   在 System.Web.HttpApplication.CallHandlerExecutionStep.System.Web.HttpApplication.IExecutionStep.Execute()
   在 System.Web.HttpApplication.ExecuteStep(IExecutionStep step, Boolean& completedSynchronously)
2015-03-18 18:00:28,219 [10] TREC.Web.Global ERROR - 错误:
UrlReferrer:
http://localhost:10080/companybrandlist.aspx
UserAgent:
Mozilla/5.0 (Windows NT 6.1; WOW64) AppleWebKit/537.36 (KHTML, like Gecko) Chrome/31.0.1650.63 Safari/537.36
UserHostName:
127.0.0.1
UserHostAddress:
127.0.0.1

System.Web.HttpException: 文件不存在。
   在 System.Web.StaticFileHandler.GetFileInfo(String virtualPathWithPathInfo, String physicalPath, HttpResponse response)
   在 System.Web.StaticFileHandler.ProcessRequestInternal(HttpContext context)
   在 System.Web.DefaultHttpHandler.BeginProcessRequest(HttpContext context, AsyncCallback callback, Object state)
   在 System.Web.HttpApplication.CallHandlerExecutionStep.System.Web.HttpApplication.IExecutionStep.Execute()
   在 System.Web.HttpApplication.ExecuteStep(IExecutionStep step, Boolean& completedSynchronously)
2015-03-18 18:00:28,242 [13] TREC.Web.Global ERROR - 错误:
UrlReferrer:
http://localhost:10080/companybrandlist.aspx
UserAgent:
Mozilla/5.0 (Windows NT 6.1; WOW64) AppleWebKit/537.36 (KHTML, like Gecko) Chrome/31.0.1650.63 Safari/537.36
UserHostName:
127.0.0.1
UserHostAddress:
127.0.0.1

System.Web.HttpException: 文件不存在。
   在 System.Web.StaticFileHandler.GetFileInfo(String virtualPathWithPathInfo, String physicalPath, HttpResponse response)
   在 System.Web.StaticFileHandler.ProcessRequestInternal(HttpContext context)
   在 System.Web.DefaultHttpHandler.BeginProcessRequest(HttpContext context, AsyncCallback callback, Object state)
   在 System.Web.HttpApplication.CallHandlerExecutionStep.System.Web.HttpApplication.IExecutionStep.Execute()
   在 System.Web.HttpApplication.ExecuteStep(IExecutionStep step, Boolean& completedSynchronously)
2015-03-18 18:00:28,249 [12] TREC.Web.Global ERROR - 错误:
UrlReferrer:
http://localhost:10080/companybrandlist.aspx
UserAgent:
Mozilla/5.0 (Windows NT 6.1; WOW64) AppleWebKit/537.36 (KHTML, like Gecko) Chrome/31.0.1650.63 Safari/537.36
UserHostName:
127.0.0.1
UserHostAddress:
127.0.0.1

System.Web.HttpException: 文件不存在。
   在 System.Web.StaticFileHandler.GetFileInfo(String virtualPathWithPathInfo, String physicalPath, HttpResponse response)
   在 System.Web.StaticFileHandler.ProcessRequestInternal(HttpContext context)
   在 System.Web.DefaultHttpHandler.BeginProcessRequest(HttpContext context, AsyncCallback callback, Object state)
   在 System.Web.HttpApplication.CallHandlerExecutionStep.System.Web.HttpApplication.IExecutionStep.Execute()
   在 System.Web.HttpApplication.ExecuteStep(IExecutionStep step, Boolean& completedSynchronously)
2015-03-18 18:00:28,257 [14] TREC.Web.Global ERROR - 错误:
UrlReferrer:
http://localhost:10080/companybrandlist.aspx
UserAgent:
Mozilla/5.0 (Windows NT 6.1; WOW64) AppleWebKit/537.36 (KHTML, like Gecko) Chrome/31.0.1650.63 Safari/537.36
UserHostName:
127.0.0.1
UserHostAddress:
127.0.0.1

System.Web.HttpException: 文件不存在。
   在 System.Web.StaticFileHandler.GetFileInfo(String virtualPathWithPathInfo, String physicalPath, HttpResponse response)
   在 System.Web.StaticFileHandler.ProcessRequestInternal(HttpContext context)
   在 System.Web.DefaultHttpHandler.BeginProcessRequest(HttpContext context, AsyncCallback callback, Object state)
   在 System.Web.HttpApplication.CallHandlerExecutionStep.System.Web.HttpApplication.IExecutionStep.Execute()
   在 System.Web.HttpApplication.ExecuteStep(IExecutionStep step, Boolean& completedSynchronously)
2015-03-18 18:00:46,775 [14] TREC.Web.Global ERROR - 错误:
UrlReferrer:
http://localhost:10080/companybrandlist.aspx
UserAgent:
Mozilla/5.0 (Windows NT 6.1; WOW64) AppleWebKit/537.36 (KHTML, like Gecko) Chrome/31.0.1650.63 Safari/537.36
UserHostName:
127.0.0.1
UserHostAddress:
127.0.0.1

System.Web.HttpException: 文件不存在。
   在 System.Web.StaticFileHandler.GetFileInfo(String virtualPathWithPathInfo, String physicalPath, HttpResponse response)
   在 System.Web.StaticFileHandler.ProcessRequestInternal(HttpContext context)
   在 System.Web.DefaultHttpHandler.BeginProcessRequest(HttpContext context, AsyncCallback callback, Object state)
   在 System.Web.HttpApplication.CallHandlerExecutionStep.System.Web.HttpApplication.IExecutionStep.Execute()
   在 System.Web.HttpApplication.ExecuteStep(IExecutionStep step, Boolean& completedSynchronously)
2015-03-18 18:00:46,803 [14] TREC.Web.Global ERROR - 错误:
UrlReferrer:
http://localhost:10080/companybrandlist.aspx
UserAgent:
Mozilla/5.0 (Windows NT 6.1; WOW64) AppleWebKit/537.36 (KHTML, like Gecko) Chrome/31.0.1650.63 Safari/537.36
UserHostName:
127.0.0.1
UserHostAddress:
127.0.0.1

System.Web.HttpException: 文件不存在。
   在 System.Web.StaticFileHandler.GetFileInfo(String virtualPathWithPathInfo, String physicalPath, HttpResponse response)
   在 System.Web.StaticFileHandler.ProcessRequestInternal(HttpContext context)
   在 System.Web.DefaultHttpHandler.BeginProcessRequest(HttpContext context, AsyncCallback callback, Object state)
   在 System.Web.HttpApplication.CallHandlerExecutionStep.System.Web.HttpApplication.IExecutionStep.Execute()
   在 System.Web.HttpApplication.ExecuteStep(IExecutionStep step, Boolean& completedSynchronously)
2015-03-18 18:00:46,790 [16] TREC.Web.Global ERROR - 错误:
UrlReferrer:
http://localhost:10080/companybrandlist.aspx
UserAgent:
Mozilla/5.0 (Windows NT 6.1; WOW64) AppleWebKit/537.36 (KHTML, like Gecko) Chrome/31.0.1650.63 Safari/537.36
UserHostName:
127.0.0.1
UserHostAddress:
127.0.0.1

System.Web.HttpException: 文件不存在。
   在 System.Web.StaticFileHandler.GetFileInfo(String virtualPathWithPathInfo, String physicalPath, HttpResponse response)
   在 System.Web.StaticFileHandler.ProcessRequestInternal(HttpContext context)
   在 System.Web.DefaultHttpHandler.BeginProcessRequest(HttpContext context, AsyncCallback callback, Object state)
   在 System.Web.HttpApplication.CallHandlerExecutionStep.System.Web.HttpApplication.IExecutionStep.Execute()
   在 System.Web.HttpApplication.ExecuteStep(IExecutionStep step, Boolean& completedSynchronously)
2015-03-18 18:00:47,129 [10] TREC.Web.Global ERROR - 错误:
UrlReferrer:
http://localhost:10080/companybrandlist.aspx
UserAgent:
Mozilla/5.0 (Windows NT 6.1; WOW64) AppleWebKit/537.36 (KHTML, like Gecko) Chrome/31.0.1650.63 Safari/537.36
UserHostName:
127.0.0.1
UserHostAddress:
127.0.0.1

System.Web.HttpException: 文件不存在。
   在 System.Web.StaticFileHandler.GetFileInfo(String virtualPathWithPathInfo, String physicalPath, HttpResponse response)
   在 System.Web.StaticFileHandler.ProcessRequestInternal(HttpContext context)
   在 System.Web.DefaultHttpHandler.BeginProcessRequest(HttpContext context, AsyncCallback callback, Object state)
   在 System.Web.HttpApplication.CallHandlerExecutionStep.System.Web.HttpApplication.IExecutionStep.Execute()
   在 System.Web.HttpApplication.ExecuteStep(IExecutionStep step, Boolean& completedSynchronously)
2015-03-18 18:00:47,162 [10] TREC.Web.Global ERROR - 错误:
UrlReferrer:
http://localhost:10080/companybrandlist.aspx
UserAgent:
Mozilla/5.0 (Windows NT 6.1; WOW64) AppleWebKit/537.36 (KHTML, like Gecko) Chrome/31.0.1650.63 Safari/537.36
UserHostName:
127.0.0.1
UserHostAddress:
127.0.0.1

System.Web.HttpException: 文件不存在。
   在 System.Web.StaticFileHandler.GetFileInfo(String virtualPathWithPathInfo, String physicalPath, HttpResponse response)
   在 System.Web.StaticFileHandler.ProcessRequestInternal(HttpContext context)
   在 System.Web.DefaultHttpHandler.BeginProcessRequest(HttpContext context, AsyncCallback callback, Object state)
   在 System.Web.HttpApplication.CallHandlerExecutionStep.System.Web.HttpApplication.IExecutionStep.Execute()
   在 System.Web.HttpApplication.ExecuteStep(IExecutionStep step, Boolean& completedSynchronously)
2015-03-18 18:00:47,168 [10] TREC.Web.Global ERROR - 错误:
UrlReferrer:
http://localhost:10080/companybrandlist.aspx
UserAgent:
Mozilla/5.0 (Windows NT 6.1; WOW64) AppleWebKit/537.36 (KHTML, like Gecko) Chrome/31.0.1650.63 Safari/537.36
UserHostName:
127.0.0.1
UserHostAddress:
127.0.0.1

System.Web.HttpException: 文件不存在。
   在 System.Web.StaticFileHandler.GetFileInfo(String virtualPathWithPathInfo, String physicalPath, HttpResponse response)
   在 System.Web.StaticFileHandler.ProcessRequestInternal(HttpContext context)
   在 System.Web.DefaultHttpHandler.BeginProcessRequest(HttpContext context, AsyncCallback callback, Object state)
   在 System.Web.HttpApplication.CallHandlerExecutionStep.System.Web.HttpApplication.IExecutionStep.Execute()
   在 System.Web.HttpApplication.ExecuteStep(IExecutionStep step, Boolean& completedSynchronously)
2015-03-18 18:00:47,318 [13] TREC.Web.Global ERROR - 错误:
UrlReferrer:
http://localhost:10080/companybrandlist.aspx
UserAgent:
Mozilla/5.0 (Windows NT 6.1; WOW64) AppleWebKit/537.36 (KHTML, like Gecko) Chrome/31.0.1650.63 Safari/537.36
UserHostName:
127.0.0.1
UserHostAddress:
127.0.0.1

System.Web.HttpException: 文件不存在。
   在 System.Web.StaticFileHandler.GetFileInfo(String virtualPathWithPathInfo, String physicalPath, HttpResponse response)
   在 System.Web.StaticFileHandler.ProcessRequestInternal(HttpContext context)
   在 System.Web.DefaultHttpHandler.BeginProcessRequest(HttpContext context, AsyncCallback callback, Object state)
   在 System.Web.HttpApplication.CallHandlerExecutionStep.System.Web.HttpApplication.IExecutionStep.Execute()
   在 System.Web.HttpApplication.ExecuteStep(IExecutionStep step, Boolean& completedSynchronously)
2015-03-18 18:00:47,666 [14] TREC.Web.Global ERROR - 错误:
UrlReferrer:
http://localhost:10080/companybrandlist.aspx
UserAgent:
Mozilla/5.0 (Windows NT 6.1; WOW64) AppleWebKit/537.36 (KHTML, like Gecko) Chrome/31.0.1650.63 Safari/537.36
UserHostName:
127.0.0.1
UserHostAddress:
127.0.0.1

System.Web.HttpException: 文件不存在。
   在 System.Web.StaticFileHandler.GetFileInfo(String virtualPathWithPathInfo, String physicalPath, HttpResponse response)
   在 System.Web.StaticFileHandler.ProcessRequestInternal(HttpContext context)
   在 System.Web.DefaultHttpHandler.BeginProcessRequest(HttpContext context, AsyncCallback callback, Object state)
   在 System.Web.HttpApplication.CallHandlerExecutionStep.System.Web.HttpApplication.IExecutionStep.Execute()
   在 System.Web.HttpApplication.ExecuteStep(IExecutionStep step, Boolean& completedSynchronously)
2015-03-18 18:00:47,669 [14] TREC.Web.Global ERROR - 错误:
UrlReferrer:
http://localhost:10080/companybrandlist.aspx
UserAgent:
Mozilla/5.0 (Windows NT 6.1; WOW64) AppleWebKit/537.36 (KHTML, like Gecko) Chrome/31.0.1650.63 Safari/537.36
UserHostName:
127.0.0.1
UserHostAddress:
127.0.0.1

System.Web.HttpException: 文件不存在。
   在 System.Web.StaticFileHandler.GetFileInfo(String virtualPathWithPathInfo, String physicalPath, HttpResponse response)
   在 System.Web.StaticFileHandler.ProcessRequestInternal(HttpContext context)
   在 System.Web.DefaultHttpHandler.BeginProcessRequest(HttpContext context, AsyncCallback callback, Object state)
   在 System.Web.HttpApplication.CallHandlerExecutionStep.System.Web.HttpApplication.IExecutionStep.Execute()
   在 System.Web.HttpApplication.ExecuteStep(IExecutionStep step, Boolean& completedSynchronously)
2015-03-18 18:00:47,674 [14] TREC.Web.Global ERROR - 错误:
UrlReferrer:
http://localhost:10080/companybrandlist.aspx
UserAgent:
Mozilla/5.0 (Windows NT 6.1; WOW64) AppleWebKit/537.36 (KHTML, like Gecko) Chrome/31.0.1650.63 Safari/537.36
UserHostName:
127.0.0.1
UserHostAddress:
127.0.0.1

System.Web.HttpException: 文件不存在。
   在 System.Web.StaticFileHandler.GetFileInfo(String virtualPathWithPathInfo, String physicalPath, HttpResponse response)
   在 System.Web.StaticFileHandler.ProcessRequestInternal(HttpContext context)
   在 System.Web.DefaultHttpHandler.BeginProcessRequest(HttpContext context, AsyncCallback callback, Object state)
   在 System.Web.HttpApplication.CallHandlerExecutionStep.System.Web.HttpApplication.IExecutionStep.Execute()
   在 System.Web.HttpApplication.ExecuteStep(IExecutionStep step, Boolean& completedSynchronously)
2015-03-18 18:00:47,680 [16] TREC.Web.Global ERROR - 错误:
UrlReferrer:
http://localhost:10080/companybrandlist.aspx
UserAgent:
Mozilla/5.0 (Windows NT 6.1; WOW64) AppleWebKit/537.36 (KHTML, like Gecko) Chrome/31.0.1650.63 Safari/537.36
UserHostName:
127.0.0.1
UserHostAddress:
127.0.0.1

System.Web.HttpException: 文件不存在。
   在 System.Web.StaticFileHandler.GetFileInfo(String virtualPathWithPathInfo, String physicalPath, HttpResponse response)
   在 System.Web.StaticFileHandler.ProcessRequestInternal(HttpContext context)
   在 System.Web.DefaultHttpHandler.BeginProcessRequest(HttpContext context, AsyncCallback callback, Object state)
   在 System.Web.HttpApplication.CallHandlerExecutionStep.System.Web.HttpApplication.IExecutionStep.Execute()
   在 System.Web.HttpApplication.ExecuteStep(IExecutionStep step, Boolean& completedSynchronously)
2015-03-18 18:00:47,684 [13] TREC.Web.Global ERROR - 错误:
UrlReferrer:
http://localhost:10080/companybrandlist.aspx
UserAgent:
Mozilla/5.0 (Windows NT 6.1; WOW64) AppleWebKit/537.36 (KHTML, like Gecko) Chrome/31.0.1650.63 Safari/537.36
UserHostName:
127.0.0.1
UserHostAddress:
127.0.0.1

System.Web.HttpException: 文件不存在。
   在 System.Web.StaticFileHandler.GetFileInfo(String virtualPathWithPathInfo, String physicalPath, HttpResponse response)
   在 System.Web.StaticFileHandler.ProcessRequestInternal(HttpContext context)
   在 System.Web.DefaultHttpHandler.BeginProcessRequest(HttpContext context, AsyncCallback callback, Object state)
   在 System.Web.HttpApplication.CallHandlerExecutionStep.System.Web.HttpApplication.IExecutionStep.Execute()
   在 System.Web.HttpApplication.ExecuteStep(IExecutionStep step, Boolean& completedSynchronously)
2015-03-18 18:02:25,699 [12] TREC.Web.Global DEBUG - 家具快搜停止
