2015-05-13 18:54:26,283 [8] TREC.Web.Global DEBUG - 家具快搜启动
2015-05-13 18:54:32,564 [8] TREC.Web.Global ERROR - 错误:
UrlReferrer:
http://localhost:10080/Dealer/address.aspx?did=437&bid=0&page=1
UserAgent:
Mozilla/5.0 (Windows NT 6.1; WOW64; rv:37.0) Gecko/20100101 Firefox/37.0
UserHostName:
127.0.0.1
UserHostAddress:
127.0.0.1

System.Web.HttpException: 文件不存在。
   在 System.Web.StaticFileHandler.GetFileInfo(String virtualPathWithPathInfo, String physicalPath, HttpResponse response)
   在 System.Web.StaticFileHandler.ProcessRequestInternal(HttpContext context)
   在 System.Web.DefaultHttpHandler.BeginProcessRequest(HttpContext context, AsyncCallback callback, Object state)
   在 System.Web.HttpApplication.CallHandlerExecutionStep.System.Web.HttpApplication.IExecutionStep.Execute()
   在 System.Web.HttpApplication.ExecuteStep(IExecutionStep step, Boolean& completedSynchronously)
2015-05-13 18:54:32,928 [8] TREC.Web.Global ERROR - 错误:
UrlReferrer:
http://localhost:10080/Dealer/address.aspx?did=437&bid=0&page=1
UserAgent:
Mozilla/5.0 (Windows NT 6.1; WOW64; rv:37.0) Gecko/20100101 Firefox/37.0
UserHostName:
127.0.0.1
UserHostAddress:
127.0.0.1

System.Web.HttpException: 文件不存在。
   在 System.Web.StaticFileHandler.GetFileInfo(String virtualPathWithPathInfo, String physicalPath, HttpResponse response)
   在 System.Web.StaticFileHandler.ProcessRequestInternal(HttpContext context)
   在 System.Web.DefaultHttpHandler.BeginProcessRequest(HttpContext context, AsyncCallback callback, Object state)
   在 System.Web.HttpApplication.CallHandlerExecutionStep.System.Web.HttpApplication.IExecutionStep.Execute()
   在 System.Web.HttpApplication.ExecuteStep(IExecutionStep step, Boolean& completedSynchronously)
2015-05-13 18:54:47,236 [8] TREC.Web.Global ERROR - 错误:
UrlReferrer:
http://localhost:10080/Dealer/address.aspx?did=437&bid=0&page=1
UserAgent:
Mozilla/5.0 (Windows NT 6.1; WOW64; rv:37.0) Gecko/20100101 Firefox/37.0
UserHostName:
127.0.0.1
UserHostAddress:
127.0.0.1

System.Web.HttpUnhandledException: 引发类型为“System.Web.HttpUnhandledException”的异常。 ---> System.Data.SqlClient.SqlException: '%<id>662</id>%' 附近有语法错误。
   在 System.Data.SqlClient.SqlConnection.OnError(SqlException exception, Boolean breakConnection)
   在 System.Data.SqlClient.SqlInternalConnection.OnError(SqlException exception, Boolean breakConnection)
   在 System.Data.SqlClient.TdsParser.ThrowExceptionAndWarning(TdsParserStateObject stateObj)
   在 System.Data.SqlClient.TdsParser.Run(RunBehavior runBehavior, SqlCommand cmdHandler, SqlDataReader dataStream, BulkCopySimpleResultSet bulkCopyHandler, TdsParserStateObject stateObj)
   在 System.Data.SqlClient.SqlDataReader.ConsumeMetaData()
   在 System.Data.SqlClient.SqlDataReader.get_MetaData()
   在 System.Data.SqlClient.SqlCommand.FinishExecuteReader(SqlDataReader ds, RunBehavior runBehavior, String resetOptionsString)
   在 System.Data.SqlClient.SqlCommand.RunExecuteReaderTds(CommandBehavior cmdBehavior, RunBehavior runBehavior, Boolean returnStream, Boolean async)
   在 System.Data.SqlClient.SqlCommand.RunExecuteReader(CommandBehavior cmdBehavior, RunBehavior runBehavior, Boolean returnStream, String method, DbAsyncResult result)
   在 System.Data.SqlClient.SqlCommand.RunExecuteReader(CommandBehavior cmdBehavior, RunBehavior runBehavior, Boolean returnStream, String method)
   在 System.Data.SqlClient.SqlCommand.ExecuteScalar()
   在 TREC.Data.DbHelper.ExecuteScalar(DbConnection connection, CommandType commandType, String commandText, DbParameter[] commandParameters) 位置 F:\CodeNew\trunk\TREC.Data\DbHelper.cs:行号 583
   在 TREC.Data.DbHelper.ExecuteScalar(CommandType commandType, String commandText, DbParameter[] commandParameters) 位置 F:\CodeNew\trunk\TREC.Data\DbHelper.cs:行号 697
   在 TREC.Data.DbHelper.ExecuteScalar(String commandText) 位置 F:\CodeNew\trunk\TREC.Data\DbHelper.cs:行号 654
   在 TREC.Data.DataCommon.GetPageDataReader(String tableName, Int32 pageIndex, Int32 pagesSize, String strWhere, String field, String sortkey, String orderByType, Int32& pageCount) 位置 F:\CodeNew\trunk\TREC.Data\DataCommon.cs:行号 605
   在 TREC.Data.DataCommon.GetPageDataReader(String tableName, Int32 pageIndex, Int32 pageSize, String strWhere, String sortkey, String orderByType, Int32& pageCount) 位置 F:\CodeNew\trunk\TREC.Data\DataCommon.cs:行号 626
   在 TREC.Data.Shops.GetWebShopList(Int32 PageIndex, Int32 PageSize, String strWhere, String sortkey, String ordertype, Int32& pageCount) 位置 F:\CodeNew\trunk\TREC.Data\Provide\Shops.cs:行号 239
   在 TREC.ECommerce.ECShop.GetWebShopList(Int32 PageIndex, Int32 PageSize, String strWhere, String sortkey, String ordertype, Int32& pageCount) 位置 F:\CodeNew\trunk\TREC.ECommerce\ECShop.cs:行号 47
   在 TREC.Web.template.web.Dealer.address.Page_Load(Object sender, EventArgs e) 位置 F:\CodeNew\trunk\TREC.Web\template\web\default\Dealer\address.aspx.cs:行号 148
   在 System.Web.Util.CalliHelper.EventArgFunctionCaller(IntPtr fp, Object o, Object t, EventArgs e)
   在 System.Web.Util.CalliEventHandlerDelegateProxy.Callback(Object sender, EventArgs e)
   在 System.Web.UI.Control.OnLoad(EventArgs e)
   在 System.Web.UI.Control.LoadRecursive()
   在 System.Web.UI.Page.ProcessRequestMain(Boolean includeStagesBeforeAsyncPoint, Boolean includeStagesAfterAsyncPoint)
   --- 内部异常堆栈跟踪的结尾 ---
   在 System.Web.UI.Page.HandleError(Exception e)
   在 System.Web.UI.Page.ProcessRequestMain(Boolean includeStagesBeforeAsyncPoint, Boolean includeStagesAfterAsyncPoint)
   在 System.Web.UI.Page.ProcessRequest(Boolean includeStagesBeforeAsyncPoint, Boolean includeStagesAfterAsyncPoint)
   在 System.Web.UI.Page.ProcessRequest()
   在 System.Web.UI.Page.ProcessRequestWithNoAssert(HttpContext context)
   在 System.Web.UI.Page.ProcessRequest(HttpContext context)
   在 ASP.template_web_default_dealer_address_aspx.ProcessRequest(HttpContext context) 位置 c:\Windows\Microsoft.NET\Framework\v2.0.50727\Temporary ASP.NET Files\root\98a5a42a\612aefc7\App_Web_y92ez5f2.0.cs:行号 0
   在 System.Web.HttpApplication.CallHandlerExecutionStep.System.Web.HttpApplication.IExecutionStep.Execute()
   在 System.Web.HttpApplication.ExecuteStep(IExecutionStep step, Boolean& completedSynchronously)
2015-05-13 18:55:23,280 [8] TREC.Web.Global DEBUG - 家具快搜停止
