2015-05-12 17:52:29,469 [4] TREC.Web.Global DEBUG - 家具快搜启动
2015-05-12 17:53:16,708 [4] TREC.Web.Global ERROR - 错误:
UserAgent:
Mozilla/5.0 (Windows NT 6.1; WOW64; rv:37.0) Gecko/20100101 Firefox/37.0
UserHostName:
192.168.1.115
UserHostAddress:
192.168.1.115

System.Web.HttpParseException: 未知的服务器标记“webdiyer:AspNetPager”。 ---> System.Web.HttpParseException: 未知的服务器标记“webdiyer:AspNetPager”。 ---> System.Web.HttpException: 未知的服务器标记“webdiyer:AspNetPager”。
   在 System.Web.UI.TemplateParser.ProcessError(String message)
   在 System.Web.UI.TemplateParser.ProcessBeginTag(Match match, String inputText)
   在 System.Web.UI.TemplateParser.ParseStringInternal(String text, Encoding fileEncoding)
   --- 内部异常堆栈跟踪的结尾 ---
   在 System.Web.UI.TemplateParser.ProcessException(Exception ex)
   在 System.Web.UI.TemplateParser.ParseStringInternal(String text, Encoding fileEncoding)
   在 System.Web.UI.TemplateParser.ParseString(String text, VirtualPath virtualPath, Encoding fileEncoding)
   --- 内部异常堆栈跟踪的结尾 ---
   在 System.Web.UI.TemplateParser.ParseString(String text, VirtualPath virtualPath, Encoding fileEncoding)
   在 System.Web.UI.TemplateParser.ParseFile(String physicalPath, VirtualPath virtualPath)
   在 System.Web.UI.TemplateParser.ParseInternal()
   在 System.Web.UI.TemplateParser.Parse()
   在 System.Web.Compilation.BaseTemplateBuildProvider.get_CodeCompilerType()
   在 System.Web.Compilation.BuildProvider.GetCompilerTypeFromBuildProvider(BuildProvider buildProvider)
   在 System.Web.Compilation.BuildProvidersCompiler.ProcessBuildProviders()
   在 System.Web.Compilation.BuildProvidersCompiler.PerformBuild()
   在 System.Web.Compilation.BuildManager.CompileWebFile(VirtualPath virtualPath)
   在 System.Web.Compilation.BuildManager.GetVPathBuildResultInternal(VirtualPath virtualPath, Boolean noBuild, Boolean allowCrossApp, Boolean allowBuildInPrecompile)
   在 System.Web.Compilation.BuildManager.GetVPathBuildResultWithNoAssert(HttpContext context, VirtualPath virtualPath, Boolean noBuild, Boolean allowCrossApp, Boolean allowBuildInPrecompile)
   在 System.Web.Compilation.BuildManager.GetVirtualPathObjectFactory(VirtualPath virtualPath, HttpContext context, Boolean allowCrossApp, Boolean noAssert)
   在 System.Web.Compilation.BuildManager.CreateInstanceFromVirtualPath(VirtualPath virtualPath, Type requiredBaseType, HttpContext context, Boolean allowCrossApp, Boolean noAssert)
   在 System.Web.UI.PageHandlerFactory.GetHandlerHelper(HttpContext context, String requestType, VirtualPath virtualPath, String physicalPath)
   在 System.Web.HttpApplication.MapHttpHandler(HttpContext context, String requestType, VirtualPath path, String pathTranslated, Boolean useAppConfig)
   在 System.Web.HttpApplication.MapHandlerExecutionStep.System.Web.HttpApplication.IExecutionStep.Execute()
   在 System.Web.HttpApplication.ExecuteStep(IExecutionStep step, Boolean& completedSynchronously)
2015-05-12 17:53:25,874 [8] TREC.Web.Global ERROR - 错误:
UserAgent:
Mozilla/5.0 (Windows NT 6.1; WOW64; rv:37.0) Gecko/20100101 Firefox/37.0
UserHostName:
192.168.1.115
UserHostAddress:
192.168.1.115

System.Web.HttpParseException: 未知的服务器标记“webdiyer:AspNetPager”。 ---> System.Web.HttpParseException: 未知的服务器标记“webdiyer:AspNetPager”。 ---> System.Web.HttpException: 未知的服务器标记“webdiyer:AspNetPager”。
   在 System.Web.UI.TemplateParser.ProcessError(String message)
   在 System.Web.UI.TemplateParser.ProcessBeginTag(Match match, String inputText)
   在 System.Web.UI.TemplateParser.ParseStringInternal(String text, Encoding fileEncoding)
   --- 内部异常堆栈跟踪的结尾 ---
   在 System.Web.UI.TemplateParser.ProcessException(Exception ex)
   在 System.Web.UI.TemplateParser.ParseStringInternal(String text, Encoding fileEncoding)
   在 System.Web.UI.TemplateParser.ParseString(String text, VirtualPath virtualPath, Encoding fileEncoding)
   --- 内部异常堆栈跟踪的结尾 ---
   在 System.Web.UI.TemplateParser.ParseString(String text, VirtualPath virtualPath, Encoding fileEncoding)
   在 System.Web.UI.TemplateParser.ParseFile(String physicalPath, VirtualPath virtualPath)
   在 System.Web.UI.TemplateParser.ParseInternal()
   在 System.Web.UI.TemplateParser.Parse()
   在 System.Web.Compilation.BaseTemplateBuildProvider.get_CodeCompilerType()
   在 System.Web.Compilation.BuildProvider.GetCompilerTypeFromBuildProvider(BuildProvider buildProvider)
   在 System.Web.Compilation.BuildProvidersCompiler.ProcessBuildProviders()
   在 System.Web.Compilation.BuildProvidersCompiler.PerformBuild()
   在 System.Web.Compilation.BuildManager.CompileWebFile(VirtualPath virtualPath)
   在 System.Web.Compilation.BuildManager.GetVPathBuildResultInternal(VirtualPath virtualPath, Boolean noBuild, Boolean allowCrossApp, Boolean allowBuildInPrecompile)
   在 System.Web.Compilation.BuildManager.GetVPathBuildResultWithNoAssert(HttpContext context, VirtualPath virtualPath, Boolean noBuild, Boolean allowCrossApp, Boolean allowBuildInPrecompile)
   在 System.Web.Compilation.BuildManager.GetVirtualPathObjectFactory(VirtualPath virtualPath, HttpContext context, Boolean allowCrossApp, Boolean noAssert)
   在 System.Web.Compilation.BuildManager.CreateInstanceFromVirtualPath(VirtualPath virtualPath, Type requiredBaseType, HttpContext context, Boolean allowCrossApp, Boolean noAssert)
   在 System.Web.UI.PageHandlerFactory.GetHandlerHelper(HttpContext context, String requestType, VirtualPath virtualPath, String physicalPath)
   在 System.Web.HttpApplication.MapHttpHandler(HttpContext context, String requestType, VirtualPath path, String pathTranslated, Boolean useAppConfig)
   在 System.Web.HttpApplication.MapHandlerExecutionStep.System.Web.HttpApplication.IExecutionStep.Execute()
   在 System.Web.HttpApplication.ExecuteStep(IExecutionStep step, Boolean& completedSynchronously)
2015-05-12 17:54:20,525 [4] TREC.Web.Global ERROR - 错误:
UserAgent:
Mozilla/5.0 (Windows NT 6.1; WOW64; rv:37.0) Gecko/20100101 Firefox/37.0
UserHostName:
192.168.1.115
UserHostAddress:
192.168.1.115

System.Web.HttpParseException: 未知的服务器标记“uc2:DealerProduct”。 ---> System.Web.HttpParseException: 未知的服务器标记“uc2:DealerProduct”。 ---> System.Web.HttpException: 未知的服务器标记“uc2:DealerProduct”。
   在 System.Web.UI.TemplateParser.ProcessError(String message)
   在 System.Web.UI.TemplateParser.ProcessBeginTag(Match match, String inputText)
   在 System.Web.UI.TemplateParser.ParseStringInternal(String text, Encoding fileEncoding)
   --- 内部异常堆栈跟踪的结尾 ---
   在 System.Web.UI.TemplateParser.ProcessException(Exception ex)
   在 System.Web.UI.TemplateParser.ParseStringInternal(String text, Encoding fileEncoding)
   在 System.Web.UI.TemplateParser.ParseString(String text, VirtualPath virtualPath, Encoding fileEncoding)
   --- 内部异常堆栈跟踪的结尾 ---
   在 System.Web.UI.TemplateParser.ParseString(String text, VirtualPath virtualPath, Encoding fileEncoding)
   在 System.Web.UI.TemplateParser.ParseFile(String physicalPath, VirtualPath virtualPath)
   在 System.Web.UI.TemplateParser.ParseInternal()
   在 System.Web.UI.TemplateParser.Parse()
   在 System.Web.Compilation.BaseTemplateBuildProvider.get_CodeCompilerType()
   在 System.Web.Compilation.BuildProvider.GetCompilerTypeFromBuildProvider(BuildProvider buildProvider)
   在 System.Web.Compilation.BuildProvidersCompiler.ProcessBuildProviders()
   在 System.Web.Compilation.BuildProvidersCompiler.PerformBuild()
   在 System.Web.Compilation.BuildManager.CompileWebFile(VirtualPath virtualPath)
   在 System.Web.Compilation.BuildManager.GetVPathBuildResultInternal(VirtualPath virtualPath, Boolean noBuild, Boolean allowCrossApp, Boolean allowBuildInPrecompile)
   在 System.Web.Compilation.BuildManager.GetVPathBuildResultWithNoAssert(HttpContext context, VirtualPath virtualPath, Boolean noBuild, Boolean allowCrossApp, Boolean allowBuildInPrecompile)
   在 System.Web.Compilation.BuildManager.GetVirtualPathObjectFactory(VirtualPath virtualPath, HttpContext context, Boolean allowCrossApp, Boolean noAssert)
   在 System.Web.Compilation.BuildManager.CreateInstanceFromVirtualPath(VirtualPath virtualPath, Type requiredBaseType, HttpContext context, Boolean allowCrossApp, Boolean noAssert)
   在 System.Web.UI.PageHandlerFactory.GetHandlerHelper(HttpContext context, String requestType, VirtualPath virtualPath, String physicalPath)
   在 System.Web.HttpApplication.MapHttpHandler(HttpContext context, String requestType, VirtualPath path, String pathTranslated, Boolean useAppConfig)
   在 System.Web.HttpApplication.MapHandlerExecutionStep.System.Web.HttpApplication.IExecutionStep.Execute()
   在 System.Web.HttpApplication.ExecuteStep(IExecutionStep step, Boolean& completedSynchronously)
2015-05-12 17:55:38,982 [4] TREC.Web.Global ERROR - 错误:
UrlReferrer:
http://192.168.1.115:84/Dealer/22290/product.aspx
UserAgent:
Mozilla/5.0 (Windows NT 6.1; WOW64; rv:37.0) Gecko/20100101 Firefox/37.0
UserHostName:
192.168.1.115
UserHostAddress:
192.168.1.115

System.Data.SqlClient.SqlException: 选择列表中的列 'v_product.createmid' 无效，因为该列没有包含在聚合函数或 GROUP BY 子句中。
   在 System.Data.SqlClient.SqlConnection.OnError(SqlException exception, Boolean breakConnection)
   在 System.Data.SqlClient.TdsParser.ThrowExceptionAndWarning(TdsParserStateObject stateObj)
   在 System.Data.SqlClient.TdsParser.Run(RunBehavior runBehavior, SqlCommand cmdHandler, SqlDataReader dataStream, BulkCopySimpleResultSet bulkCopyHandler, TdsParserStateObject stateObj)
   在 System.Data.SqlClient.SqlDataReader.ConsumeMetaData()
   在 System.Data.SqlClient.SqlDataReader.get_MetaData()
   在 System.Data.SqlClient.SqlCommand.FinishExecuteReader(SqlDataReader ds, RunBehavior runBehavior, String resetOptionsString)
   在 System.Data.SqlClient.SqlCommand.RunExecuteReaderTds(CommandBehavior cmdBehavior, RunBehavior runBehavior, Boolean returnStream, Boolean async)
   在 System.Data.SqlClient.SqlCommand.RunExecuteReader(CommandBehavior cmdBehavior, RunBehavior runBehavior, Boolean returnStream, String method, DbAsyncResult result)
   在 System.Data.SqlClient.SqlCommand.RunExecuteReader(CommandBehavior cmdBehavior, RunBehavior runBehavior, Boolean returnStream, String method)
   在 System.Data.SqlClient.SqlCommand.ExecuteReader(CommandBehavior behavior, String method)
   在 System.Data.SqlClient.SqlCommand.ExecuteDbDataReader(CommandBehavior behavior)
   在 TREC.Data.DbHelper.ExecuteReader(DbConnection connection, DbTransaction transaction, CommandType commandType, String commandText, DbParameter[] commandParameters, DbConnectionOwnership connectionOwnership) 位置 F:\CodeNew\trunk\TREC.Data\DbHelper.cs:行号 846
   在 TREC.Data.DbHelper.ExecuteReader(CommandType commandType, String commandText, DbParameter[] commandParameters) 位置 F:\CodeNew\trunk\TREC.Data\DbHelper.cs:行号 939
   在 TREC.Data.DbHelper.ExecuteReader(String commandText) 位置 F:\CodeNew\trunk\TREC.Data\DbHelper.cs:行号 861
   在 TREC.Data.Products.GetProductSearchItem(String strWhere) 位置 F:\CodeNew\trunk\TREC.Data\Provide\Products.cs:行号 154
   在 TREC.ECommerce.ECProduct.GetProductSearchItemByCreatemIdNew(Int32 createmid, String brandid, String brandsid) 位置 F:\CodeNew\trunk\TREC.ECommerce\ECProduct.cs:行号 59
   在 TREC.Web.ajax.ajaxproduct.GetProductSearchItem(String v1, String v2, String v3, String c, String type) 位置 F:\CodeNew\trunk\TREC.Web\ajax\ajaxproduct.ashx.cs:行号 955
   在 TREC.Web.ajax.ajaxproduct.ProcessRequest(HttpContext context) 位置 F:\CodeNew\trunk\TREC.Web\ajax\ajaxproduct.ashx.cs:行号 96
   在 System.Web.HttpApplication.CallHandlerExecutionStep.System.Web.HttpApplication.IExecutionStep.Execute()
   在 System.Web.HttpApplication.ExecuteStep(IExecutionStep step, Boolean& completedSynchronously)
2015-05-12 17:58:06,875 [4] TREC.Web.Global DEBUG - 家具快搜停止
