2015-05-19 09:52:34,443 [3] TREC.Web.Global DEBUG - 家具快搜启动
2015-05-19 09:53:46,438 [7] TREC.Web.Global ERROR - 错误:
UrlReferrer:
http://192.168.1.115:84/loginuser.aspx
UserAgent:
Mozilla/5.0 (Windows NT 6.1; WOW64; rv:37.0) Gecko/20100101 Firefox/37.0
UserHostName:
192.168.1.115
UserHostAddress:
192.168.1.115

System.NullReferenceException: 未将对象引用设置到对象的实例。
   在 TREC.ECommerce.SupplerPageBase..ctor() 位置 F:\CodeNew\trunk\TREC.ECommerce\SupplerPageBase.cs:行号 135
   在 TREC.Web.Suppler.index..ctor()
   在 ASP.suppler_index_aspx..ctor() 位置 c:\Windows\Microsoft.NET\Framework64\v2.0.50727\Temporary ASP.NET Files\root\a1a14bdb\63861841\App_Web_th0idiuh.1.cs:行号 0
   在 __ASP.FastObjectFactory_app_web_th0idiuh.Create_ASP_suppler_index_aspx() 位置 c:\Windows\Microsoft.NET\Framework64\v2.0.50727\Temporary ASP.NET Files\root\a1a14bdb\63861841\App_Web_th0idiuh.2.cs:行号 0
   在 System.Web.Compilation.BuildManager.CreateInstanceFromVirtualPath(VirtualPath virtualPath, Type requiredBaseType, HttpContext context, Boolean allowCrossApp, Boolean noAssert)
   在 System.Web.UI.PageHandlerFactory.GetHandlerHelper(HttpContext context, String requestType, VirtualPath virtualPath, String physicalPath)
   在 System.Web.HttpApplication.MapHttpHandler(HttpContext context, String requestType, VirtualPath path, String pathTranslated, Boolean useAppConfig)
   在 System.Web.HttpApplication.MapHandlerExecutionStep.System.Web.HttpApplication.IExecutionStep.Execute()
   在 System.Web.HttpApplication.ExecuteStep(IExecutionStep step, Boolean& completedSynchronously)
2015-05-19 09:53:58,188 [3] TREC.Web.Global DEBUG - 家具快搜停止
