2015-04-15 19:29:24,039 [11] TREC.Web.Global DEBUG - 家具快搜启动
2015-04-15 19:29:32,642 [11] TREC.Web.Global ERROR - 错误:
UrlReferrer:
http://localhost:10080/market/list/--------1-.aspx
UserAgent:
Mozilla/5.0 (Windows NT 6.1; WOW64; rv:37.0) Gecko/20100101 Firefox/37.0
UserHostName:
127.0.0.1
UserHostAddress:
127.0.0.1

System.Web.HttpUnhandledException: 引发类型为“System.Web.HttpUnhandledException”的异常。 ---> System.IndexOutOfRangeException: MarketCliqueName
   在 System.Data.ProviderBase.FieldNameLookup.GetOrdinal(String fieldName)
   在 System.Data.SqlClient.SqlDataReader.GetOrdinal(String name)
   在 System.Data.SqlClient.SqlDataReader.get_Item(String name)
   在 TREC.Data.Markets.GetWebMarketList(Int32 PageIndex, Int32 PageSize, String strWhere, String sortkey, String ordertype, Int32& pageCount) 位置 F:\CodeNew\trunk\TREC.Data\Provide\Markets.cs:行号 501
   在 TREC.ECommerce.ECMarket.GetWebMarketList(Int32 PageIndex, Int32 PageSize, String strWhere, String sortkey, String ordertype, Int32& pageCount) 位置 F:\CodeNew\trunk\TREC.ECommerce\ECMarket.cs:行号 43
   在 TREC.Web.aspx.marketlist.Page_Load(Object sender, EventArgs e) 位置 F:\CodeNew\trunk\TREC.Web\aspx\marketlist.aspx.cs:行号 386
   在 System.Web.Util.CalliHelper.EventArgFunctionCaller(IntPtr fp, Object o, Object t, EventArgs e)
   在 System.Web.Util.CalliEventHandlerDelegateProxy.Callback(Object sender, EventArgs e)
   在 System.Web.UI.Control.OnLoad(EventArgs e)
   在 System.Web.UI.Control.LoadRecursive()
   在 System.Web.UI.Page.ProcessRequestMain(Boolean includeStagesBeforeAsyncPoint, Boolean includeStagesAfterAsyncPoint)
   --- 内部异常堆栈跟踪的结尾 ---
   在 System.Web.UI.Page.HandleError(Exception e)
   在 System.Web.UI.Page.ProcessRequestMain(Boolean includeStagesBeforeAsyncPoint, Boolean includeStagesAfterAsyncPoint)
   在 System.Web.UI.Page.ProcessRequest(Boolean includeStagesBeforeAsyncPoint, Boolean includeStagesAfterAsyncPoint)
   在 System.Web.UI.Page.ProcessRequest()
   在 System.Web.UI.Page.ProcessRequestWithNoAssert(HttpContext context)
   在 System.Web.UI.Page.ProcessRequest(HttpContext context)
   在 ASP.template_web_default_marketlist_aspx.ProcessRequest(HttpContext context) 位置 c:\Windows\Microsoft.NET\Framework\v2.0.50727\Temporary ASP.NET Files\root\98a5a42a\612aefc7\App_Web_marketlist.aspx.392f1fb4.4tgmj3gg.0.cs:行号 0
   在 System.Web.HttpApplication.CallHandlerExecutionStep.System.Web.HttpApplication.IExecutionStep.Execute()
   在 System.Web.HttpApplication.ExecuteStep(IExecutionStep step, Boolean& completedSynchronously)
2015-04-15 19:31:00,202 [11] TREC.Web.Global ERROR - 错误:
UrlReferrer:
http://localhost:10080/market/list/--------1-.aspx
UserAgent:
Mozilla/5.0 (Windows NT 6.1; WOW64; rv:37.0) Gecko/20100101 Firefox/37.0
UserHostName:
127.0.0.1
UserHostAddress:
127.0.0.1

System.Web.HttpUnhandledException: 引发类型为“System.Web.HttpUnhandledException”的异常。 ---> System.IndexOutOfRangeException: MarketCliqueName
   在 System.Data.ProviderBase.FieldNameLookup.GetOrdinal(String fieldName)
   在 System.Data.SqlClient.SqlDataReader.GetOrdinal(String name)
   在 System.Data.SqlClient.SqlDataReader.get_Item(String name)
   在 TREC.Data.Markets.GetWebMarketList(Int32 PageIndex, Int32 PageSize, String strWhere, String sortkey, String ordertype, Int32& pageCount) 位置 F:\CodeNew\trunk\TREC.Data\Provide\Markets.cs:行号 501
   在 TREC.ECommerce.ECMarket.GetWebMarketList(Int32 PageIndex, Int32 PageSize, String strWhere, String sortkey, String ordertype, Int32& pageCount) 位置 F:\CodeNew\trunk\TREC.ECommerce\ECMarket.cs:行号 43
   在 TREC.Web.aspx.marketlist.Page_Load(Object sender, EventArgs e) 位置 F:\CodeNew\trunk\TREC.Web\aspx\marketlist.aspx.cs:行号 386
   在 System.Web.Util.CalliHelper.EventArgFunctionCaller(IntPtr fp, Object o, Object t, EventArgs e)
   在 System.Web.Util.CalliEventHandlerDelegateProxy.Callback(Object sender, EventArgs e)
   在 System.Web.UI.Control.OnLoad(EventArgs e)
   在 System.Web.UI.Control.LoadRecursive()
   在 System.Web.UI.Page.ProcessRequestMain(Boolean includeStagesBeforeAsyncPoint, Boolean includeStagesAfterAsyncPoint)
   --- 内部异常堆栈跟踪的结尾 ---
   在 System.Web.UI.Page.HandleError(Exception e)
   在 System.Web.UI.Page.ProcessRequestMain(Boolean includeStagesBeforeAsyncPoint, Boolean includeStagesAfterAsyncPoint)
   在 System.Web.UI.Page.ProcessRequest(Boolean includeStagesBeforeAsyncPoint, Boolean includeStagesAfterAsyncPoint)
   在 System.Web.UI.Page.ProcessRequest()
   在 System.Web.UI.Page.ProcessRequestWithNoAssert(HttpContext context)
   在 System.Web.UI.Page.ProcessRequest(HttpContext context)
   在 ASP.template_web_default_marketlist_aspx.ProcessRequest(HttpContext context) 位置 c:\Windows\Microsoft.NET\Framework\v2.0.50727\Temporary ASP.NET Files\root\98a5a42a\612aefc7\App_Web_marketlist.aspx.392f1fb4.4tgmj3gg.0.cs:行号 0
   在 System.Web.HttpApplication.CallHandlerExecutionStep.System.Web.HttpApplication.IExecutionStep.Execute()
   在 System.Web.HttpApplication.ExecuteStep(IExecutionStep step, Boolean& completedSynchronously)
2015-04-15 19:31:00,396 [11] TREC.Web.Global ERROR - 错误:
UrlReferrer:
http://localhost:10080/market/list/--------1-.aspx
UserAgent:
Mozilla/5.0 (Windows NT 6.1; WOW64; rv:37.0) Gecko/20100101 Firefox/37.0
UserHostName:
127.0.0.1
UserHostAddress:
127.0.0.1

System.Web.HttpUnhandledException: 引发类型为“System.Web.HttpUnhandledException”的异常。 ---> System.IndexOutOfRangeException: MarketCliqueName
   在 System.Data.ProviderBase.FieldNameLookup.GetOrdinal(String fieldName)
   在 System.Data.SqlClient.SqlDataReader.GetOrdinal(String name)
   在 System.Data.SqlClient.SqlDataReader.get_Item(String name)
   在 TREC.Data.Markets.GetWebMarketList(Int32 PageIndex, Int32 PageSize, String strWhere, String sortkey, String ordertype, Int32& pageCount) 位置 F:\CodeNew\trunk\TREC.Data\Provide\Markets.cs:行号 501
   在 TREC.ECommerce.ECMarket.GetWebMarketList(Int32 PageIndex, Int32 PageSize, String strWhere, String sortkey, String ordertype, Int32& pageCount) 位置 F:\CodeNew\trunk\TREC.ECommerce\ECMarket.cs:行号 43
   在 TREC.Web.aspx.marketlist.Page_Load(Object sender, EventArgs e) 位置 F:\CodeNew\trunk\TREC.Web\aspx\marketlist.aspx.cs:行号 386
   在 System.Web.Util.CalliHelper.EventArgFunctionCaller(IntPtr fp, Object o, Object t, EventArgs e)
   在 System.Web.Util.CalliEventHandlerDelegateProxy.Callback(Object sender, EventArgs e)
   在 System.Web.UI.Control.OnLoad(EventArgs e)
   在 System.Web.UI.Control.LoadRecursive()
   在 System.Web.UI.Page.ProcessRequestMain(Boolean includeStagesBeforeAsyncPoint, Boolean includeStagesAfterAsyncPoint)
   --- 内部异常堆栈跟踪的结尾 ---
   在 System.Web.UI.Page.HandleError(Exception e)
   在 System.Web.UI.Page.ProcessRequestMain(Boolean includeStagesBeforeAsyncPoint, Boolean includeStagesAfterAsyncPoint)
   在 System.Web.UI.Page.ProcessRequest(Boolean includeStagesBeforeAsyncPoint, Boolean includeStagesAfterAsyncPoint)
   在 System.Web.UI.Page.ProcessRequest()
   在 System.Web.UI.Page.ProcessRequestWithNoAssert(HttpContext context)
   在 System.Web.UI.Page.ProcessRequest(HttpContext context)
   在 ASP.template_web_default_marketlist_aspx.ProcessRequest(HttpContext context) 位置 c:\Windows\Microsoft.NET\Framework\v2.0.50727\Temporary ASP.NET Files\root\98a5a42a\612aefc7\App_Web_marketlist.aspx.392f1fb4.4tgmj3gg.0.cs:行号 0
   在 System.Web.HttpApplication.CallHandlerExecutionStep.System.Web.HttpApplication.IExecutionStep.Execute()
   在 System.Web.HttpApplication.ExecuteStep(IExecutionStep step, Boolean& completedSynchronously)
2015-04-15 19:31:05,535 [11] TREC.Web.Global DEBUG - 家具快搜停止
