2015-04-16 20:00:42,715 [3] TREC.Web.Global DEBUG - 家具快搜启动
2015-04-16 20:00:46,887 [3] TREC.Web.Global ERROR - 错误:
UrlReferrer:
http://192.168.1.115:84/marketlist.aspx
UserAgent:
Mozilla/5.0 (Windows NT 6.1; WOW64; rv:37.0) Gecko/20100101 Firefox/37.0
UserHostName:
192.168.1.115
UserHostAddress:
192.168.1.115

System.Web.HttpException: 请求在此上下文中不可用
   在 System.Web.UI.Page.get_Request()
   在 TREC.ECommerce.MarketCliquePageBase.get_Clique() 位置 F:\CodeNew\trunk\TREC.ECommerce\MarketCliquePageBase.cs:行号 16
   在 TREC.ECommerce.MarketCliquePageBase..ctor() 位置 F:\CodeNew\trunk\TREC.ECommerce\MarketCliquePageBase.cs:行号 79
   在 TREC.Web.aspx.market.marketclique..ctor() 位置 F:\CodeNew\trunk\TREC.Web\aspx\market\marketclique.aspx.cs:行号 36
   在 ASP.template_web_default_market_marketclique_aspx..ctor() 位置 c:\Windows\Microsoft.NET\Framework64\v2.0.50727\Temporary ASP.NET Files\root\a1a14bdb\63861841\App_Web_vahyarg4.3.cs:行号 0
   在 __ASP.FastObjectFactory_app_web_vahyarg4.Create_ASP_template_web_default_market_marketclique_aspx() 位置 c:\Windows\Microsoft.NET\Framework64\v2.0.50727\Temporary ASP.NET Files\root\a1a14bdb\63861841\App_Web_vahyarg4.22.cs:行号 0
   在 System.Web.Compilation.BuildManager.CreateInstanceFromVirtualPath(VirtualPath virtualPath, Type requiredBaseType, HttpContext context, Boolean allowCrossApp, Boolean noAssert)
   在 System.Web.UI.PageHandlerFactory.GetHandlerHelper(HttpContext context, String requestType, VirtualPath virtualPath, String physicalPath)
   在 System.Web.HttpApplication.MapHttpHandler(HttpContext context, String requestType, VirtualPath path, String pathTranslated, Boolean useAppConfig)
   在 System.Web.HttpApplication.MapHandlerExecutionStep.System.Web.HttpApplication.IExecutionStep.Execute()
   在 System.Web.HttpApplication.ExecuteStep(IExecutionStep step, Boolean& completedSynchronously)
2015-04-16 20:04:40,379 [3] TREC.Web.Global DEBUG - 家具快搜停止
