2015-04-29 18:39:57,098 [10] TREC.Web.Global DEBUG - 家具快搜启动
2015-04-29 18:39:57,468 [10] TREC.Web.Global ERROR - 错误:
UserAgent:

UserHostName:
127.0.0.1
UserHostAddress:
127.0.0.1

System.Web.HttpException: 文件不存在。
   在 System.Web.StaticFileHandler.GetFileInfo(String virtualPathWithPathInfo, String physicalPath, HttpResponse response)
   在 System.Web.StaticFileHandler.ProcessRequestInternal(HttpContext context)
   在 System.Web.DefaultHttpHandler.BeginProcessRequest(HttpContext context, AsyncCallback callback, Object state)
   在 System.Web.HttpApplication.CallHandlerExecutionStep.System.Web.HttpApplication.IExecutionStep.Execute()
   在 System.Web.HttpApplication.ExecuteStep(IExecutionStep step, Boolean& completedSynchronously)
2015-04-29 18:40:19,122 [10] TREC.Web.Global ERROR - 错误:
UserAgent:

UserHostName:
127.0.0.1
UserHostAddress:
127.0.0.1

System.Web.HttpException: 文件不存在。
   在 System.Web.StaticFileHandler.GetFileInfo(String virtualPathWithPathInfo, String physicalPath, HttpResponse response)
   在 System.Web.StaticFileHandler.ProcessRequestInternal(HttpContext context)
   在 System.Web.DefaultHttpHandler.BeginProcessRequest(HttpContext context, AsyncCallback callback, Object state)
   在 System.Web.HttpApplication.CallHandlerExecutionStep.System.Web.HttpApplication.IExecutionStep.Execute()
   在 System.Web.HttpApplication.ExecuteStep(IExecutionStep step, Boolean& completedSynchronously)
2015-04-29 18:41:12,383 [10] TREC.Web.Global ERROR - 错误:
UserAgent:

UserHostName:
127.0.0.1
UserHostAddress:
127.0.0.1

System.Web.HttpException: 文件不存在。
   在 System.Web.StaticFileHandler.GetFileInfo(String virtualPathWithPathInfo, String physicalPath, HttpResponse response)
   在 System.Web.StaticFileHandler.ProcessRequestInternal(HttpContext context)
   在 System.Web.DefaultHttpHandler.BeginProcessRequest(HttpContext context, AsyncCallback callback, Object state)
   在 System.Web.HttpApplication.CallHandlerExecutionStep.System.Web.HttpApplication.IExecutionStep.Execute()
   在 System.Web.HttpApplication.ExecuteStep(IExecutionStep step, Boolean& completedSynchronously)
2015-04-29 18:42:04,289 [10] TREC.Web.Global ERROR - 错误:
UserAgent:

UserHostName:
127.0.0.1
UserHostAddress:
127.0.0.1

System.Web.HttpException: 文件不存在。
   在 System.Web.StaticFileHandler.GetFileInfo(String virtualPathWithPathInfo, String physicalPath, HttpResponse response)
   在 System.Web.StaticFileHandler.ProcessRequestInternal(HttpContext context)
   在 System.Web.DefaultHttpHandler.BeginProcessRequest(HttpContext context, AsyncCallback callback, Object state)
   在 System.Web.HttpApplication.CallHandlerExecutionStep.System.Web.HttpApplication.IExecutionStep.Execute()
   在 System.Web.HttpApplication.ExecuteStep(IExecutionStep step, Boolean& completedSynchronously)
2015-04-29 18:44:23,172 [10] TREC.Web.Global DEBUG - 家具快搜停止
