2015-05-12 11:32:25,413 [6] TREC.Web.Global DEBUG - 家具快搜启动
2015-05-12 11:32:28,372 [6] TREC.Web.Global ERROR - 错误:
UserAgent:
Mozilla/5.0 (Windows NT 6.1; WOW64; rv:37.0) Gecko/20100101 Firefox/37.0
UserHostName:
192.168.1.115
UserHostAddress:
192.168.1.115

System.Web.HttpCompileException: f:\CodeNew\trunk\TREC.Web\template\web\default\Dealer\index.aspx(211): error CS0103: 当前上下文中不存在名称“companyInfo”
   在 System.Web.Compilation.BuildManager.CompileWebFile(VirtualPath virtualPath)
   在 System.Web.Compilation.BuildManager.GetVPathBuildResultInternal(VirtualPath virtualPath, Boolean noBuild, Boolean allowCrossApp, Boolean allowBuildInPrecompile)
   在 System.Web.Compilation.BuildManager.GetVPathBuildResultWithNoAssert(HttpContext context, VirtualPath virtualPath, Boolean noBuild, Boolean allowCrossApp, Boolean allowBuildInPrecompile)
   在 System.Web.Compilation.BuildManager.GetVirtualPathObjectFactory(VirtualPath virtualPath, HttpContext context, Boolean allowCrossApp, Boolean noAssert)
   在 System.Web.Compilation.BuildManager.CreateInstanceFromVirtualPath(VirtualPath virtualPath, Type requiredBaseType, HttpContext context, Boolean allowCrossApp, Boolean noAssert)
   在 System.Web.UI.PageHandlerFactory.GetHandlerHelper(HttpContext context, String requestType, VirtualPath virtualPath, String physicalPath)
   在 System.Web.HttpApplication.MapHttpHandler(HttpContext context, String requestType, VirtualPath path, String pathTranslated, Boolean useAppConfig)
   在 System.Web.HttpApplication.MapHandlerExecutionStep.System.Web.HttpApplication.IExecutionStep.Execute()
   在 System.Web.HttpApplication.ExecuteStep(IExecutionStep step, Boolean& completedSynchronously)
2015-05-12 11:33:00,189 [6] TREC.Web.Global ERROR - 错误:
UserAgent:
Mozilla/5.0 (Windows NT 6.1; WOW64; rv:37.0) Gecko/20100101 Firefox/37.0
UserHostName:
192.168.1.115
UserHostAddress:
192.168.1.115

System.Web.HttpCompileException: f:\CodeNew\trunk\TREC.Web\template\web\default\Dealer\index.aspx(211): error CS0103: 当前上下文中不存在名称“companyInfo”
   在 System.Web.Compilation.BuildManager.CompileWebFile(VirtualPath virtualPath)
   在 System.Web.Compilation.BuildManager.GetVPathBuildResultInternal(VirtualPath virtualPath, Boolean noBuild, Boolean allowCrossApp, Boolean allowBuildInPrecompile)
   在 System.Web.Compilation.BuildManager.GetVPathBuildResultWithNoAssert(HttpContext context, VirtualPath virtualPath, Boolean noBuild, Boolean allowCrossApp, Boolean allowBuildInPrecompile)
   在 System.Web.Compilation.BuildManager.GetVirtualPathObjectFactory(VirtualPath virtualPath, HttpContext context, Boolean allowCrossApp, Boolean noAssert)
   在 System.Web.Compilation.BuildManager.CreateInstanceFromVirtualPath(VirtualPath virtualPath, Type requiredBaseType, HttpContext context, Boolean allowCrossApp, Boolean noAssert)
   在 System.Web.UI.PageHandlerFactory.GetHandlerHelper(HttpContext context, String requestType, VirtualPath virtualPath, String physicalPath)
   在 System.Web.HttpApplication.MapHttpHandler(HttpContext context, String requestType, VirtualPath path, String pathTranslated, Boolean useAppConfig)
   在 System.Web.HttpApplication.MapHandlerExecutionStep.System.Web.HttpApplication.IExecutionStep.Execute()
   在 System.Web.HttpApplication.ExecuteStep(IExecutionStep step, Boolean& completedSynchronously)
2015-05-12 11:33:49,611 [6] TREC.Web.Global ERROR - 错误:
UserAgent:
Mozilla/5.0 (Windows NT 6.1; WOW64; rv:37.0) Gecko/20100101 Firefox/37.0
UserHostName:
192.168.1.115
UserHostAddress:
192.168.1.115

System.Web.HttpException: 请求在此上下文中不可用
   在 System.Data.Linq.SqlClient.QueryConverter.VisitInvocation(InvocationExpression invoke)
   在 System.Data.Linq.SqlClient.QueryConverter.VisitInner(Expression node)
   在 System.Data.Linq.SqlClient.QueryConverter.VisitExpression(Expression exp)
   在 System.Data.Linq.SqlClient.QueryConverter.VisitBinary(BinaryExpression b)
   在 System.Data.Linq.SqlClient.QueryConverter.VisitInner(Expression node)
   在 System.Data.Linq.SqlClient.QueryConverter.VisitExpression(Expression exp)
   在 System.Data.Linq.SqlClient.QueryConverter.VisitBinary(BinaryExpression b)
   在 System.Data.Linq.SqlClient.QueryConverter.VisitInner(Expression node)
   在 System.Data.Linq.SqlClient.QueryConverter.VisitExpression(Expression exp)
   在 System.Data.Linq.SqlClient.QueryConverter.VisitBinary(BinaryExpression b)
   在 System.Data.Linq.SqlClient.QueryConverter.VisitInner(Expression node)
   在 System.Data.Linq.SqlClient.QueryConverter.VisitExpression(Expression exp)
   在 System.Data.Linq.SqlClient.QueryConverter.VisitWhere(Expression sequence, LambdaExpression predicate)
   在 System.Data.Linq.SqlClient.QueryConverter.VisitSequenceOperatorCall(MethodCallExpression mc)
   在 System.Data.Linq.SqlClient.QueryConverter.VisitInner(Expression node)
   在 System.Data.Linq.SqlClient.QueryConverter.VisitFirst(Expression sequence, LambdaExpression lambda, Boolean isFirst)
   在 System.Data.Linq.SqlClient.QueryConverter.VisitSequenceOperatorCall(MethodCallExpression mc)
   在 System.Data.Linq.SqlClient.QueryConverter.VisitInner(Expression node)
   在 System.Data.Linq.SqlClient.QueryConverter.ConvertOuter(Expression node)
   在 System.Data.Linq.SqlClient.SqlProvider.BuildQuery(Expression query, SqlNodeAnnotations annotations)
   在 System.Data.Linq.SqlClient.SqlProvider.System.Data.Linq.Provider.IProvider.Execute(Expression query)
   在 System.Data.Linq.DataQuery`1.System.Linq.IQueryProvider.Execute[S](Expression expression)
   在 System.Linq.Queryable.FirstOrDefault[TSource](IQueryable`1 source)
   在 TREC.Web.Code.DealerPageBase..ctor() 位置 F:\CodeNew\trunk\TREC.Web\Code\DealerPageBase.cs:行号 34
   在 TREC.Web.template.web.Dealer.index..ctor() 位置 F:\CodeNew\trunk\TREC.Web\template\web\default\Dealer\index.aspx.cs:行号 16
   在 ASP.template_web_default_dealer_index_aspx..ctor() 位置 c:\Windows\Microsoft.NET\Framework64\v2.0.50727\Temporary ASP.NET Files\root\a1a14bdb\63861841\App_Web_afooafiu.1.cs:行号 0
   在 __ASP.FastObjectFactory_app_web_afooafiu.Create_ASP_template_web_default_dealer_index_aspx() 位置 c:\Windows\Microsoft.NET\Framework64\v2.0.50727\Temporary ASP.NET Files\root\a1a14bdb\63861841\App_Web_afooafiu.2.cs:行号 0
   在 System.Web.Compilation.BuildManager.CreateInstanceFromVirtualPath(VirtualPath virtualPath, Type requiredBaseType, HttpContext context, Boolean allowCrossApp, Boolean noAssert)
   在 System.Web.UI.PageHandlerFactory.GetHandlerHelper(HttpContext context, String requestType, VirtualPath virtualPath, String physicalPath)
   在 System.Web.HttpApplication.MapHttpHandler(HttpContext context, String requestType, VirtualPath path, String pathTranslated, Boolean useAppConfig)
   在 System.Web.HttpApplication.MapHandlerExecutionStep.System.Web.HttpApplication.IExecutionStep.Execute()
   在 System.Web.HttpApplication.ExecuteStep(IExecutionStep step, Boolean& completedSynchronously)
2015-05-12 11:36:05,087 [6] TREC.Web.Global DEBUG - 家具快搜停止
