2015-04-01 11:43:54,399 [3] TREC.Web.Global DEBUG - 家具快搜启动
2015-04-01 11:44:59,767 [3] TREC.Web.Global ERROR - 错误:
UrlReferrer:
http://192.168.1.115:84/admin/menu.aspx?id=9
UserAgent:
Mozilla/5.0 (compatible; MSIE 9.0; Windows NT 6.1; Trident/5.0)
UserHostName:
192.168.1.123
UserHostAddress:
192.168.1.123

System.Web.HttpCompileException: f:\CodeNew\trunk\TREC.Web\Admin\advertisement\advertisementlist.aspx(68): error CS1061: “ASP.admin_advertisement_advertisementlist_aspx”不包含“btnSearch_Click”的定义，并且找不到可接受类型为“ASP.admin_advertisement_advertisementlist_aspx”的第一个参数的扩展方法“btnSearch_Click”(是否缺少 using 指令或程序集引用?)
   在 System.Web.Compilation.BuildManager.CompileWebFile(VirtualPath virtualPath)
   在 System.Web.Compilation.BuildManager.GetVPathBuildResultInternal(VirtualPath virtualPath, Boolean noBuild, Boolean allowCrossApp, Boolean allowBuildInPrecompile)
   在 System.Web.Compilation.BuildManager.GetVPathBuildResultWithNoAssert(HttpContext context, VirtualPath virtualPath, Boolean noBuild, Boolean allowCrossApp, Boolean allowBuildInPrecompile)
   在 System.Web.Compilation.BuildManager.GetVirtualPathObjectFactory(VirtualPath virtualPath, HttpContext context, Boolean allowCrossApp, Boolean noAssert)
   在 System.Web.Compilation.BuildManager.CreateInstanceFromVirtualPath(VirtualPath virtualPath, Type requiredBaseType, HttpContext context, Boolean allowCrossApp, Boolean noAssert)
   在 System.Web.UI.PageHandlerFactory.GetHandlerHelper(HttpContext context, String requestType, VirtualPath virtualPath, String physicalPath)
   在 System.Web.HttpApplication.MapHttpHandler(HttpContext context, String requestType, VirtualPath path, String pathTranslated, Boolean useAppConfig)
   在 System.Web.HttpApplication.MapHandlerExecutionStep.System.Web.HttpApplication.IExecutionStep.Execute()
   在 System.Web.HttpApplication.ExecuteStep(IExecutionStep step, Boolean& completedSynchronously)
2015-04-01 11:45:12,092 [3] TREC.Web.Global DEBUG - 家具快搜停止
