2015-04-13 13:03:24,219 [3] TREC.Web.Global DEBUG - 家具快搜启动
2015-04-13 13:04:58,458 [3] TREC.Web.Global ERROR - 错误:
UserAgent:
Mozilla/5.0 (Windows NT 6.3; WOW64; Trident/7.0; rv:11.0; QQBrowser/8.0.3345.400) like Gecko
UserHostName:
192.168.1.102
UserHostAddress:
192.168.1.102

System.Web.HttpUnhandledException: 引发类型为“System.Web.HttpUnhandledException”的异常。 ---> System.Web.HttpException: 无法验证数据。
   在 System.Web.Configuration.MachineKeySection.EncryptOrDecryptData(Boolean fEncrypt, Byte[] buf, Byte[] modifier, Int32 start, Int32 length, IVType ivType, Boolean useValidationSymAlgo, Boolean signData)
   在 System.Web.Security.FormsAuthentication.Decrypt(String encryptedTicket)
   在 TRECommon.CookiesHelper.GetUserTicket(String strKey) 位置 F:\CodeNew\trunk\TRECommon\Cookies&Session\CookiesManager.cs:行号 82
   在 TRECommon.CookiesHelper.GetCookieCustomer(String strName) 位置 F:\CodeNew\trunk\TRECommon\Cookies&Session\CookiesManager.cs:行号 328
   在 ASP.template_web_default_index_aspx.__Render__control1(HtmlTextWriter __w, Control parameterContainer) 位置 f:\CodeNew\trunk\TREC.Web\template\web\default\index.aspx:行号 99
   在 System.Web.UI.Control.RenderChildrenInternal(HtmlTextWriter writer, ICollection children)
   在 System.Web.UI.Page.Render(HtmlTextWriter writer)
   在 System.Web.UI.Page.ProcessRequestMain(Boolean includeStagesBeforeAsyncPoint, Boolean includeStagesAfterAsyncPoint)
   --- 内部异常堆栈跟踪的结尾 ---
   在 System.Web.UI.Page.HandleError(Exception e)
   在 System.Web.UI.Page.ProcessRequestMain(Boolean includeStagesBeforeAsyncPoint, Boolean includeStagesAfterAsyncPoint)
   在 System.Web.UI.Page.ProcessRequest(Boolean includeStagesBeforeAsyncPoint, Boolean includeStagesAfterAsyncPoint)
   在 System.Web.UI.Page.ProcessRequest()
   在 System.Web.UI.Page.ProcessRequest(HttpContext context)
   在 ASP.template_web_default_index_aspx.ProcessRequest(HttpContext context) 位置 c:\Windows\Microsoft.NET\Framework64\v2.0.50727\Temporary ASP.NET Files\root\a1a14bdb\63861841\App_Web_index.aspx.392f1fb4.jqr4ekny.0.cs:行号 0
   在 System.Web.HttpApplication.CallHandlerExecutionStep.System.Web.HttpApplication.IExecutionStep.Execute()
   在 System.Web.HttpApplication.ExecuteStep(IExecutionStep step, Boolean& completedSynchronously)
2015-04-13 13:05:39,041 [3] TREC.Web.Global ERROR - 错误:
UserAgent:
Mozilla/5.0 (compatible; MSIE 10.0; Windows NT 6.1; Trident/6.0)
UserHostName:
192.168.1.102
UserHostAddress:
192.168.1.102

System.Web.HttpUnhandledException: 引发类型为“System.Web.HttpUnhandledException”的异常。 ---> System.Web.HttpException: 无法验证数据。
   在 System.Web.Configuration.MachineKeySection.EncryptOrDecryptData(Boolean fEncrypt, Byte[] buf, Byte[] modifier, Int32 start, Int32 length, IVType ivType, Boolean useValidationSymAlgo, Boolean signData)
   在 System.Web.Security.FormsAuthentication.Decrypt(String encryptedTicket)
   在 TRECommon.CookiesHelper.GetUserTicket(String strKey) 位置 F:\CodeNew\trunk\TRECommon\Cookies&Session\CookiesManager.cs:行号 82
   在 TRECommon.CookiesHelper.GetCookieCustomer(String strName) 位置 F:\CodeNew\trunk\TRECommon\Cookies&Session\CookiesManager.cs:行号 328
   在 ASP.template_web_default_productlist_aspx.__Render__control1(HtmlTextWriter __w, Control parameterContainer) 位置 f:\CodeNew\trunk\TREC.Web\template\web\default\productlist.aspx:行号 88
   在 System.Web.UI.Control.RenderChildrenInternal(HtmlTextWriter writer, ICollection children)
   在 System.Web.UI.Page.Render(HtmlTextWriter writer)
   在 System.Web.UI.Page.ProcessRequestMain(Boolean includeStagesBeforeAsyncPoint, Boolean includeStagesAfterAsyncPoint)
   --- 内部异常堆栈跟踪的结尾 ---
   在 System.Web.UI.Page.HandleError(Exception e)
   在 System.Web.UI.Page.ProcessRequestMain(Boolean includeStagesBeforeAsyncPoint, Boolean includeStagesAfterAsyncPoint)
   在 System.Web.UI.Page.ProcessRequest(Boolean includeStagesBeforeAsyncPoint, Boolean includeStagesAfterAsyncPoint)
   在 System.Web.UI.Page.ProcessRequest()
   在 System.Web.UI.Page.ProcessRequest(HttpContext context)
   在 ASP.template_web_default_productlist_aspx.ProcessRequest(HttpContext context) 位置 c:\Windows\Microsoft.NET\Framework64\v2.0.50727\Temporary ASP.NET Files\root\a1a14bdb\63861841\App_Web_productlist.aspx.392f1fb4.s4qnxpl1.0.cs:行号 0
   在 System.Web.HttpApplication.CallHandlerExecutionStep.System.Web.HttpApplication.IExecutionStep.Execute()
   在 System.Web.HttpApplication.ExecuteStep(IExecutionStep step, Boolean& completedSynchronously)
2015-04-13 13:06:25,913 [3] TREC.Web.Global DEBUG - 家具快搜停止
