2015-03-20 09:53:41,060 [4] TREC.Web.Global DEBUG - 家具快搜启动
2015-03-20 09:54:00,782 [9] TREC.Web.Global ERROR - 错误:
UrlReferrer:
http://localhost:10080/index.aspx
UserAgent:
Mozilla/5.0 (Windows NT 6.1; WOW64; Trident/7.0; rv:11.0) like Gecko
UserHostName:
127.0.0.1
UserHostAddress:
127.0.0.1

System.Web.HttpException: 文件不存在。
   在 System.Web.StaticFileHandler.GetFileInfo(String virtualPathWithPathInfo, String physicalPath, HttpResponse response)
   在 System.Web.StaticFileHandler.ProcessRequestInternal(HttpContext context)
   在 System.Web.DefaultHttpHandler.BeginProcessRequest(HttpContext context, AsyncCallback callback, Object state)
   在 System.Web.HttpApplication.CallHandlerExecutionStep.System.Web.HttpApplication.IExecutionStep.Execute()
   在 System.Web.HttpApplication.ExecuteStep(IExecutionStep step, Boolean& completedSynchronously)
2015-03-20 09:54:00,785 [8] TREC.Web.Global ERROR - 错误:
UrlReferrer:
http://localhost:10080/index.aspx
UserAgent:
Mozilla/5.0 (Windows NT 6.1; WOW64; Trident/7.0; rv:11.0) like Gecko
UserHostName:
127.0.0.1
UserHostAddress:
127.0.0.1

System.Web.HttpException: 文件不存在。
   在 System.Web.StaticFileHandler.GetFileInfo(String virtualPathWithPathInfo, String physicalPath, HttpResponse response)
   在 System.Web.StaticFileHandler.ProcessRequestInternal(HttpContext context)
   在 System.Web.DefaultHttpHandler.BeginProcessRequest(HttpContext context, AsyncCallback callback, Object state)
   在 System.Web.HttpApplication.CallHandlerExecutionStep.System.Web.HttpApplication.IExecutionStep.Execute()
   在 System.Web.HttpApplication.ExecuteStep(IExecutionStep step, Boolean& completedSynchronously)
2015-03-20 09:54:00,786 [13] TREC.Web.Global ERROR - 错误:
UrlReferrer:
http://localhost:10080/index.aspx
UserAgent:
Mozilla/5.0 (Windows NT 6.1; WOW64; Trident/7.0; rv:11.0) like Gecko
UserHostName:
127.0.0.1
UserHostAddress:
127.0.0.1

System.Web.HttpException: 文件不存在。
   在 System.Web.StaticFileHandler.GetFileInfo(String virtualPathWithPathInfo, String physicalPath, HttpResponse response)
   在 System.Web.StaticFileHandler.ProcessRequestInternal(HttpContext context)
   在 System.Web.DefaultHttpHandler.BeginProcessRequest(HttpContext context, AsyncCallback callback, Object state)
   在 System.Web.HttpApplication.CallHandlerExecutionStep.System.Web.HttpApplication.IExecutionStep.Execute()
   在 System.Web.HttpApplication.ExecuteStep(IExecutionStep step, Boolean& completedSynchronously)
2015-03-20 09:54:00,837 [10] TREC.Web.Global ERROR - 错误:
UrlReferrer:
http://localhost:10080/index.aspx
UserAgent:
Mozilla/5.0 (Windows NT 6.1; WOW64; Trident/7.0; rv:11.0) like Gecko
UserHostName:
127.0.0.1
UserHostAddress:
127.0.0.1

System.Web.HttpException: 文件不存在。
   在 System.Web.StaticFileHandler.GetFileInfo(String virtualPathWithPathInfo, String physicalPath, HttpResponse response)
   在 System.Web.StaticFileHandler.ProcessRequestInternal(HttpContext context)
   在 System.Web.DefaultHttpHandler.BeginProcessRequest(HttpContext context, AsyncCallback callback, Object state)
   在 System.Web.HttpApplication.CallHandlerExecutionStep.System.Web.HttpApplication.IExecutionStep.Execute()
   在 System.Web.HttpApplication.ExecuteStep(IExecutionStep step, Boolean& completedSynchronously)
2015-03-20 09:54:00,867 [11] TREC.Web.Global ERROR - 错误:
UrlReferrer:
http://localhost:10080/index.aspx
UserAgent:
Mozilla/5.0 (Windows NT 6.1; WOW64; Trident/7.0; rv:11.0) like Gecko
UserHostName:
127.0.0.1
UserHostAddress:
127.0.0.1

System.Web.HttpException: 文件不存在。
   在 System.Web.StaticFileHandler.GetFileInfo(String virtualPathWithPathInfo, String physicalPath, HttpResponse response)
   在 System.Web.StaticFileHandler.ProcessRequestInternal(HttpContext context)
   在 System.Web.DefaultHttpHandler.BeginProcessRequest(HttpContext context, AsyncCallback callback, Object state)
   在 System.Web.HttpApplication.CallHandlerExecutionStep.System.Web.HttpApplication.IExecutionStep.Execute()
   在 System.Web.HttpApplication.ExecuteStep(IExecutionStep step, Boolean& completedSynchronously)
2015-03-20 09:54:00,871 [12] TREC.Web.Global ERROR - 错误:
UrlReferrer:
http://localhost:10080/index.aspx
UserAgent:
Mozilla/5.0 (Windows NT 6.1; WOW64; Trident/7.0; rv:11.0) like Gecko
UserHostName:
127.0.0.1
UserHostAddress:
127.0.0.1

System.Web.HttpException: 文件不存在。
   在 System.Web.StaticFileHandler.GetFileInfo(String virtualPathWithPathInfo, String physicalPath, HttpResponse response)
   在 System.Web.StaticFileHandler.ProcessRequestInternal(HttpContext context)
   在 System.Web.DefaultHttpHandler.BeginProcessRequest(HttpContext context, AsyncCallback callback, Object state)
   在 System.Web.HttpApplication.CallHandlerExecutionStep.System.Web.HttpApplication.IExecutionStep.Execute()
   在 System.Web.HttpApplication.ExecuteStep(IExecutionStep step, Boolean& completedSynchronously)
2015-03-20 09:54:01,566 [11] TREC.Web.Global ERROR - 错误:
UrlReferrer:
http://localhost:10080/index.aspx
UserAgent:
Mozilla/5.0 (Windows NT 6.1; WOW64; Trident/7.0; rv:11.0) like Gecko
UserHostName:
127.0.0.1
UserHostAddress:
127.0.0.1

System.Web.HttpException: 文件不存在。
   在 System.Web.StaticFileHandler.GetFileInfo(String virtualPathWithPathInfo, String physicalPath, HttpResponse response)
   在 System.Web.StaticFileHandler.ProcessRequestInternal(HttpContext context)
   在 System.Web.DefaultHttpHandler.BeginProcessRequest(HttpContext context, AsyncCallback callback, Object state)
   在 System.Web.HttpApplication.CallHandlerExecutionStep.System.Web.HttpApplication.IExecutionStep.Execute()
   在 System.Web.HttpApplication.ExecuteStep(IExecutionStep step, Boolean& completedSynchronously)
2015-03-20 09:54:02,082 [9] TREC.Web.Global ERROR - 错误:
UrlReferrer:
http://localhost:10080/index.aspx
UserAgent:
Mozilla/5.0 (Windows NT 6.1; WOW64; Trident/7.0; rv:11.0) like Gecko
UserHostName:
127.0.0.1
UserHostAddress:
127.0.0.1

System.Web.HttpException: 文件不存在。
   在 System.Web.StaticFileHandler.GetFileInfo(String virtualPathWithPathInfo, String physicalPath, HttpResponse response)
   在 System.Web.StaticFileHandler.ProcessRequestInternal(HttpContext context)
   在 System.Web.DefaultHttpHandler.BeginProcessRequest(HttpContext context, AsyncCallback callback, Object state)
   在 System.Web.HttpApplication.CallHandlerExecutionStep.System.Web.HttpApplication.IExecutionStep.Execute()
   在 System.Web.HttpApplication.ExecuteStep(IExecutionStep step, Boolean& completedSynchronously)
2015-03-20 09:54:02,084 [11] TREC.Web.Global ERROR - 错误:
UrlReferrer:
http://localhost:10080/index.aspx
UserAgent:
Mozilla/5.0 (Windows NT 6.1; WOW64; Trident/7.0; rv:11.0) like Gecko
UserHostName:
127.0.0.1
UserHostAddress:
127.0.0.1

System.Web.HttpException: 文件不存在。
   在 System.Web.StaticFileHandler.GetFileInfo(String virtualPathWithPathInfo, String physicalPath, HttpResponse response)
   在 System.Web.StaticFileHandler.ProcessRequestInternal(HttpContext context)
   在 System.Web.DefaultHttpHandler.BeginProcessRequest(HttpContext context, AsyncCallback callback, Object state)
   在 System.Web.HttpApplication.CallHandlerExecutionStep.System.Web.HttpApplication.IExecutionStep.Execute()
   在 System.Web.HttpApplication.ExecuteStep(IExecutionStep step, Boolean& completedSynchronously)
2015-03-20 09:54:02,101 [10] TREC.Web.Global ERROR - 错误:
UrlReferrer:
http://localhost:10080/index.aspx
UserAgent:
Mozilla/5.0 (Windows NT 6.1; WOW64; Trident/7.0; rv:11.0) like Gecko
UserHostName:
127.0.0.1
UserHostAddress:
127.0.0.1

System.Web.HttpException: 文件不存在。
   在 System.Web.StaticFileHandler.GetFileInfo(String virtualPathWithPathInfo, String physicalPath, HttpResponse response)
   在 System.Web.StaticFileHandler.ProcessRequestInternal(HttpContext context)
   在 System.Web.DefaultHttpHandler.BeginProcessRequest(HttpContext context, AsyncCallback callback, Object state)
   在 System.Web.HttpApplication.CallHandlerExecutionStep.System.Web.HttpApplication.IExecutionStep.Execute()
   在 System.Web.HttpApplication.ExecuteStep(IExecutionStep step, Boolean& completedSynchronously)
2015-03-20 09:54:02,101 [13] TREC.Web.Global ERROR - 错误:
UrlReferrer:
http://localhost:10080/index.aspx
UserAgent:
Mozilla/5.0 (Windows NT 6.1; WOW64; Trident/7.0; rv:11.0) like Gecko
UserHostName:
127.0.0.1
UserHostAddress:
127.0.0.1

System.Web.HttpException: 文件不存在。
   在 System.Web.StaticFileHandler.GetFileInfo(String virtualPathWithPathInfo, String physicalPath, HttpResponse response)
   在 System.Web.StaticFileHandler.ProcessRequestInternal(HttpContext context)
   在 System.Web.DefaultHttpHandler.BeginProcessRequest(HttpContext context, AsyncCallback callback, Object state)
   在 System.Web.HttpApplication.CallHandlerExecutionStep.System.Web.HttpApplication.IExecutionStep.Execute()
   在 System.Web.HttpApplication.ExecuteStep(IExecutionStep step, Boolean& completedSynchronously)
2015-03-20 09:54:02,218 [4] TREC.Web.Global ERROR - 错误:
UrlReferrer:
http://localhost:10080/index.aspx
UserAgent:
Mozilla/5.0 (Windows NT 6.1; WOW64; Trident/7.0; rv:11.0) like Gecko
UserHostName:
127.0.0.1
UserHostAddress:
127.0.0.1

System.Web.HttpException: 文件不存在。
   在 System.Web.StaticFileHandler.GetFileInfo(String virtualPathWithPathInfo, String physicalPath, HttpResponse response)
   在 System.Web.StaticFileHandler.ProcessRequestInternal(HttpContext context)
   在 System.Web.DefaultHttpHandler.BeginProcessRequest(HttpContext context, AsyncCallback callback, Object state)
   在 System.Web.HttpApplication.CallHandlerExecutionStep.System.Web.HttpApplication.IExecutionStep.Execute()
   在 System.Web.HttpApplication.ExecuteStep(IExecutionStep step, Boolean& completedSynchronously)
2015-03-20 09:54:02,234 [12] TREC.Web.Global ERROR - 错误:
UrlReferrer:
http://localhost:10080/index.aspx
UserAgent:
Mozilla/5.0 (Windows NT 6.1; WOW64; Trident/7.0; rv:11.0) like Gecko
UserHostName:
127.0.0.1
UserHostAddress:
127.0.0.1

System.Web.HttpException: 文件不存在。
   在 System.Web.StaticFileHandler.GetFileInfo(String virtualPathWithPathInfo, String physicalPath, HttpResponse response)
   在 System.Web.StaticFileHandler.ProcessRequestInternal(HttpContext context)
   在 System.Web.DefaultHttpHandler.BeginProcessRequest(HttpContext context, AsyncCallback callback, Object state)
   在 System.Web.HttpApplication.CallHandlerExecutionStep.System.Web.HttpApplication.IExecutionStep.Execute()
   在 System.Web.HttpApplication.ExecuteStep(IExecutionStep step, Boolean& completedSynchronously)
2015-03-20 09:54:02,327 [9] TREC.Web.Global ERROR - 错误:
UrlReferrer:
http://localhost:10080/index.aspx
UserAgent:
Mozilla/5.0 (Windows NT 6.1; WOW64; Trident/7.0; rv:11.0) like Gecko
UserHostName:
127.0.0.1
UserHostAddress:
127.0.0.1

System.Web.HttpException: 文件不存在。
   在 System.Web.StaticFileHandler.GetFileInfo(String virtualPathWithPathInfo, String physicalPath, HttpResponse response)
   在 System.Web.StaticFileHandler.ProcessRequestInternal(HttpContext context)
   在 System.Web.DefaultHttpHandler.BeginProcessRequest(HttpContext context, AsyncCallback callback, Object state)
   在 System.Web.HttpApplication.CallHandlerExecutionStep.System.Web.HttpApplication.IExecutionStep.Execute()
   在 System.Web.HttpApplication.ExecuteStep(IExecutionStep step, Boolean& completedSynchronously)
2015-03-20 09:54:02,373 [8] TREC.Web.Global ERROR - 错误:
UrlReferrer:
http://localhost:10080/index.aspx
UserAgent:
Mozilla/5.0 (Windows NT 6.1; WOW64; Trident/7.0; rv:11.0) like Gecko
UserHostName:
127.0.0.1
UserHostAddress:
127.0.0.1

System.Web.HttpException: 文件不存在。
   在 System.Web.StaticFileHandler.GetFileInfo(String virtualPathWithPathInfo, String physicalPath, HttpResponse response)
   在 System.Web.StaticFileHandler.ProcessRequestInternal(HttpContext context)
   在 System.Web.DefaultHttpHandler.BeginProcessRequest(HttpContext context, AsyncCallback callback, Object state)
   在 System.Web.HttpApplication.CallHandlerExecutionStep.System.Web.HttpApplication.IExecutionStep.Execute()
   在 System.Web.HttpApplication.ExecuteStep(IExecutionStep step, Boolean& completedSynchronously)
2015-03-20 09:54:02,388 [4] TREC.Web.Global ERROR - 错误:
UrlReferrer:
http://localhost:10080/index.aspx
UserAgent:
Mozilla/5.0 (Windows NT 6.1; WOW64; Trident/7.0; rv:11.0) like Gecko
UserHostName:
127.0.0.1
UserHostAddress:
127.0.0.1

System.Web.HttpException: 文件不存在。
   在 System.Web.StaticFileHandler.GetFileInfo(String virtualPathWithPathInfo, String physicalPath, HttpResponse response)
   在 System.Web.StaticFileHandler.ProcessRequestInternal(HttpContext context)
   在 System.Web.DefaultHttpHandler.BeginProcessRequest(HttpContext context, AsyncCallback callback, Object state)
   在 System.Web.HttpApplication.CallHandlerExecutionStep.System.Web.HttpApplication.IExecutionStep.Execute()
   在 System.Web.HttpApplication.ExecuteStep(IExecutionStep step, Boolean& completedSynchronously)
2015-03-20 09:54:02,395 [13] TREC.Web.Global ERROR - 错误:
UrlReferrer:
http://localhost:10080/index.aspx
UserAgent:
Mozilla/5.0 (Windows NT 6.1; WOW64; Trident/7.0; rv:11.0) like Gecko
UserHostName:
127.0.0.1
UserHostAddress:
127.0.0.1

System.Web.HttpException: 文件不存在。
   在 System.Web.StaticFileHandler.GetFileInfo(String virtualPathWithPathInfo, String physicalPath, HttpResponse response)
   在 System.Web.StaticFileHandler.ProcessRequestInternal(HttpContext context)
   在 System.Web.DefaultHttpHandler.BeginProcessRequest(HttpContext context, AsyncCallback callback, Object state)
   在 System.Web.HttpApplication.CallHandlerExecutionStep.System.Web.HttpApplication.IExecutionStep.Execute()
   在 System.Web.HttpApplication.ExecuteStep(IExecutionStep step, Boolean& completedSynchronously)
2015-03-20 09:54:02,394 [10] TREC.Web.Global ERROR - 错误:
UrlReferrer:
http://localhost:10080/index.aspx
UserAgent:
Mozilla/5.0 (Windows NT 6.1; WOW64; Trident/7.0; rv:11.0) like Gecko
UserHostName:
127.0.0.1
UserHostAddress:
127.0.0.1

System.Web.HttpException: 文件不存在。
   在 System.Web.StaticFileHandler.GetFileInfo(String virtualPathWithPathInfo, String physicalPath, HttpResponse response)
   在 System.Web.StaticFileHandler.ProcessRequestInternal(HttpContext context)
   在 System.Web.DefaultHttpHandler.BeginProcessRequest(HttpContext context, AsyncCallback callback, Object state)
   在 System.Web.HttpApplication.CallHandlerExecutionStep.System.Web.HttpApplication.IExecutionStep.Execute()
   在 System.Web.HttpApplication.ExecuteStep(IExecutionStep step, Boolean& completedSynchronously)
2015-03-20 09:54:02,480 [11] TREC.Web.Global ERROR - 错误:
UrlReferrer:
http://localhost:10080/index.aspx
UserAgent:
Mozilla/5.0 (Windows NT 6.1; WOW64; Trident/7.0; rv:11.0) like Gecko
UserHostName:
127.0.0.1
UserHostAddress:
127.0.0.1

System.Web.HttpException: 文件不存在。
   在 System.Web.StaticFileHandler.GetFileInfo(String virtualPathWithPathInfo, String physicalPath, HttpResponse response)
   在 System.Web.StaticFileHandler.ProcessRequestInternal(HttpContext context)
   在 System.Web.DefaultHttpHandler.BeginProcessRequest(HttpContext context, AsyncCallback callback, Object state)
   在 System.Web.HttpApplication.CallHandlerExecutionStep.System.Web.HttpApplication.IExecutionStep.Execute()
   在 System.Web.HttpApplication.ExecuteStep(IExecutionStep step, Boolean& completedSynchronously)
2015-03-20 09:54:02,554 [12] TREC.Web.Global ERROR - 错误:
UrlReferrer:
http://localhost:10080/index.aspx
UserAgent:
Mozilla/5.0 (Windows NT 6.1; WOW64; Trident/7.0; rv:11.0) like Gecko
UserHostName:
127.0.0.1
UserHostAddress:
127.0.0.1

System.Web.HttpException: 文件不存在。
   在 System.Web.StaticFileHandler.GetFileInfo(String virtualPathWithPathInfo, String physicalPath, HttpResponse response)
   在 System.Web.StaticFileHandler.ProcessRequestInternal(HttpContext context)
   在 System.Web.DefaultHttpHandler.BeginProcessRequest(HttpContext context, AsyncCallback callback, Object state)
   在 System.Web.HttpApplication.CallHandlerExecutionStep.System.Web.HttpApplication.IExecutionStep.Execute()
   在 System.Web.HttpApplication.ExecuteStep(IExecutionStep step, Boolean& completedSynchronously)
2015-03-20 09:54:02,600 [4] TREC.Web.Global ERROR - 错误:
UrlReferrer:
http://localhost:10080/index.aspx
UserAgent:
Mozilla/5.0 (Windows NT 6.1; WOW64; Trident/7.0; rv:11.0) like Gecko
UserHostName:
127.0.0.1
UserHostAddress:
127.0.0.1

System.Web.HttpException: 文件不存在。
   在 System.Web.StaticFileHandler.GetFileInfo(String virtualPathWithPathInfo, String physicalPath, HttpResponse response)
   在 System.Web.StaticFileHandler.ProcessRequestInternal(HttpContext context)
   在 System.Web.DefaultHttpHandler.BeginProcessRequest(HttpContext context, AsyncCallback callback, Object state)
   在 System.Web.HttpApplication.CallHandlerExecutionStep.System.Web.HttpApplication.IExecutionStep.Execute()
   在 System.Web.HttpApplication.ExecuteStep(IExecutionStep step, Boolean& completedSynchronously)
2015-03-20 09:54:02,600 [9] TREC.Web.Global ERROR - 错误:
UrlReferrer:
http://localhost:10080/index.aspx
UserAgent:
Mozilla/5.0 (Windows NT 6.1; WOW64; Trident/7.0; rv:11.0) like Gecko
UserHostName:
127.0.0.1
UserHostAddress:
127.0.0.1

System.Web.HttpException: 文件不存在。
   在 System.Web.StaticFileHandler.GetFileInfo(String virtualPathWithPathInfo, String physicalPath, HttpResponse response)
   在 System.Web.StaticFileHandler.ProcessRequestInternal(HttpContext context)
   在 System.Web.DefaultHttpHandler.BeginProcessRequest(HttpContext context, AsyncCallback callback, Object state)
   在 System.Web.HttpApplication.CallHandlerExecutionStep.System.Web.HttpApplication.IExecutionStep.Execute()
   在 System.Web.HttpApplication.ExecuteStep(IExecutionStep step, Boolean& completedSynchronously)
2015-03-20 09:54:02,601 [10] TREC.Web.Global ERROR - 错误:
UrlReferrer:
http://localhost:10080/index.aspx
UserAgent:
Mozilla/5.0 (Windows NT 6.1; WOW64; Trident/7.0; rv:11.0) like Gecko
UserHostName:
127.0.0.1
UserHostAddress:
127.0.0.1

System.Web.HttpException: 文件不存在。
   在 System.Web.StaticFileHandler.GetFileInfo(String virtualPathWithPathInfo, String physicalPath, HttpResponse response)
   在 System.Web.StaticFileHandler.ProcessRequestInternal(HttpContext context)
   在 System.Web.DefaultHttpHandler.BeginProcessRequest(HttpContext context, AsyncCallback callback, Object state)
   在 System.Web.HttpApplication.CallHandlerExecutionStep.System.Web.HttpApplication.IExecutionStep.Execute()
   在 System.Web.HttpApplication.ExecuteStep(IExecutionStep step, Boolean& completedSynchronously)
2015-03-20 09:54:02,607 [13] TREC.Web.Global ERROR - 错误:
UrlReferrer:
http://localhost:10080/index.aspx
UserAgent:
Mozilla/5.0 (Windows NT 6.1; WOW64; Trident/7.0; rv:11.0) like Gecko
UserHostName:
127.0.0.1
UserHostAddress:
127.0.0.1

System.Web.HttpException: 文件不存在。
   在 System.Web.StaticFileHandler.GetFileInfo(String virtualPathWithPathInfo, String physicalPath, HttpResponse response)
   在 System.Web.StaticFileHandler.ProcessRequestInternal(HttpContext context)
   在 System.Web.DefaultHttpHandler.BeginProcessRequest(HttpContext context, AsyncCallback callback, Object state)
   在 System.Web.HttpApplication.CallHandlerExecutionStep.System.Web.HttpApplication.IExecutionStep.Execute()
   在 System.Web.HttpApplication.ExecuteStep(IExecutionStep step, Boolean& completedSynchronously)
2015-03-20 09:54:02,670 [11] TREC.Web.Global ERROR - 错误:
UrlReferrer:
http://localhost:10080/index.aspx
UserAgent:
Mozilla/5.0 (Windows NT 6.1; WOW64; Trident/7.0; rv:11.0) like Gecko
UserHostName:
127.0.0.1
UserHostAddress:
127.0.0.1

System.Web.HttpException: 文件不存在。
   在 System.Web.StaticFileHandler.GetFileInfo(String virtualPathWithPathInfo, String physicalPath, HttpResponse response)
   在 System.Web.StaticFileHandler.ProcessRequestInternal(HttpContext context)
   在 System.Web.DefaultHttpHandler.BeginProcessRequest(HttpContext context, AsyncCallback callback, Object state)
   在 System.Web.HttpApplication.CallHandlerExecutionStep.System.Web.HttpApplication.IExecutionStep.Execute()
   在 System.Web.HttpApplication.ExecuteStep(IExecutionStep step, Boolean& completedSynchronously)
2015-03-20 09:54:08,841 [10] TREC.Web.Global ERROR - 错误:
UrlReferrer:
http://localhost:10080/reg.aspx?r=l
UserAgent:
Mozilla/5.0 (Windows NT 6.1; WOW64; Trident/7.0; rv:11.0) like Gecko
UserHostName:
127.0.0.1
UserHostAddress:
127.0.0.1

System.Web.HttpException: 文件不存在。
   在 System.Web.StaticFileHandler.GetFileInfo(String virtualPathWithPathInfo, String physicalPath, HttpResponse response)
   在 System.Web.StaticFileHandler.ProcessRequestInternal(HttpContext context)
   在 System.Web.DefaultHttpHandler.BeginProcessRequest(HttpContext context, AsyncCallback callback, Object state)
   在 System.Web.HttpApplication.CallHandlerExecutionStep.System.Web.HttpApplication.IExecutionStep.Execute()
   在 System.Web.HttpApplication.ExecuteStep(IExecutionStep step, Boolean& completedSynchronously)
2015-03-20 09:54:08,842 [4] TREC.Web.Global ERROR - 错误:
UrlReferrer:
http://localhost:10080/reg.aspx?r=l
UserAgent:
Mozilla/5.0 (Windows NT 6.1; WOW64; Trident/7.0; rv:11.0) like Gecko
UserHostName:
127.0.0.1
UserHostAddress:
127.0.0.1

System.Web.HttpException: 文件不存在。
   在 System.Web.StaticFileHandler.GetFileInfo(String virtualPathWithPathInfo, String physicalPath, HttpResponse response)
   在 System.Web.StaticFileHandler.ProcessRequestInternal(HttpContext context)
   在 System.Web.DefaultHttpHandler.BeginProcessRequest(HttpContext context, AsyncCallback callback, Object state)
   在 System.Web.HttpApplication.CallHandlerExecutionStep.System.Web.HttpApplication.IExecutionStep.Execute()
   在 System.Web.HttpApplication.ExecuteStep(IExecutionStep step, Boolean& completedSynchronously)
2015-03-20 09:54:08,843 [8] TREC.Web.Global ERROR - 错误:
UrlReferrer:
http://localhost:10080/reg.aspx?r=l
UserAgent:
Mozilla/5.0 (Windows NT 6.1; WOW64; Trident/7.0; rv:11.0) like Gecko
UserHostName:
127.0.0.1
UserHostAddress:
127.0.0.1

System.Web.HttpException: 文件不存在。
   在 System.Web.StaticFileHandler.GetFileInfo(String virtualPathWithPathInfo, String physicalPath, HttpResponse response)
   在 System.Web.StaticFileHandler.ProcessRequestInternal(HttpContext context)
   在 System.Web.DefaultHttpHandler.BeginProcessRequest(HttpContext context, AsyncCallback callback, Object state)
   在 System.Web.HttpApplication.CallHandlerExecutionStep.System.Web.HttpApplication.IExecutionStep.Execute()
   在 System.Web.HttpApplication.ExecuteStep(IExecutionStep step, Boolean& completedSynchronously)
2015-03-20 09:54:08,850 [9] TREC.Web.Global ERROR - 错误:
UrlReferrer:
http://localhost:10080/reg.aspx?r=l
UserAgent:
Mozilla/5.0 (Windows NT 6.1; WOW64; Trident/7.0; rv:11.0) like Gecko
UserHostName:
127.0.0.1
UserHostAddress:
127.0.0.1

System.Web.HttpException: 文件不存在。
   在 System.Web.StaticFileHandler.GetFileInfo(String virtualPathWithPathInfo, String physicalPath, HttpResponse response)
   在 System.Web.StaticFileHandler.ProcessRequestInternal(HttpContext context)
   在 System.Web.DefaultHttpHandler.BeginProcessRequest(HttpContext context, AsyncCallback callback, Object state)
   在 System.Web.HttpApplication.CallHandlerExecutionStep.System.Web.HttpApplication.IExecutionStep.Execute()
   在 System.Web.HttpApplication.ExecuteStep(IExecutionStep step, Boolean& completedSynchronously)
2015-03-20 09:54:08,895 [12] TREC.Web.Global ERROR - 错误:
UrlReferrer:
http://localhost:10080/reg.aspx?r=l
UserAgent:
Mozilla/5.0 (Windows NT 6.1; WOW64; Trident/7.0; rv:11.0) like Gecko
UserHostName:
127.0.0.1
UserHostAddress:
127.0.0.1

System.Web.HttpException: 文件不存在。
   在 System.Web.StaticFileHandler.GetFileInfo(String virtualPathWithPathInfo, String physicalPath, HttpResponse response)
   在 System.Web.StaticFileHandler.ProcessRequestInternal(HttpContext context)
   在 System.Web.DefaultHttpHandler.BeginProcessRequest(HttpContext context, AsyncCallback callback, Object state)
   在 System.Web.HttpApplication.CallHandlerExecutionStep.System.Web.HttpApplication.IExecutionStep.Execute()
   在 System.Web.HttpApplication.ExecuteStep(IExecutionStep step, Boolean& completedSynchronously)
2015-03-20 09:54:08,955 [11] TREC.Web.Global ERROR - 错误:
UrlReferrer:
http://localhost:10080/reg.aspx?r=l
UserAgent:
Mozilla/5.0 (Windows NT 6.1; WOW64; Trident/7.0; rv:11.0) like Gecko
UserHostName:
127.0.0.1
UserHostAddress:
127.0.0.1

System.Web.HttpException: 文件不存在。
   在 System.Web.StaticFileHandler.GetFileInfo(String virtualPathWithPathInfo, String physicalPath, HttpResponse response)
   在 System.Web.StaticFileHandler.ProcessRequestInternal(HttpContext context)
   在 System.Web.DefaultHttpHandler.BeginProcessRequest(HttpContext context, AsyncCallback callback, Object state)
   在 System.Web.HttpApplication.CallHandlerExecutionStep.System.Web.HttpApplication.IExecutionStep.Execute()
   在 System.Web.HttpApplication.ExecuteStep(IExecutionStep step, Boolean& completedSynchronously)
2015-03-20 09:54:10,340 [13] TREC.Web.Global ERROR - 错误:
UrlReferrer:
http://localhost:10080/reg.aspx?r=l
UserAgent:
Mozilla/5.0 (Windows NT 6.1; WOW64; Trident/7.0; rv:11.0) like Gecko
UserHostName:
127.0.0.1
UserHostAddress:
127.0.0.1

System.Web.HttpException: 文件不存在。
   在 System.Web.StaticFileHandler.GetFileInfo(String virtualPathWithPathInfo, String physicalPath, HttpResponse response)
   在 System.Web.StaticFileHandler.ProcessRequestInternal(HttpContext context)
   在 System.Web.DefaultHttpHandler.BeginProcessRequest(HttpContext context, AsyncCallback callback, Object state)
   在 System.Web.HttpApplication.CallHandlerExecutionStep.System.Web.HttpApplication.IExecutionStep.Execute()
   在 System.Web.HttpApplication.ExecuteStep(IExecutionStep step, Boolean& completedSynchronously)
2015-03-20 09:54:27,315 [9] TREC.Web.Global ERROR - 错误:
UrlReferrer:
http://localhost:10080/reg.aspx?r=l
UserAgent:
Mozilla/5.0 (Windows NT 6.1; WOW64; Trident/7.0; rv:11.0) like Gecko
UserHostName:
127.0.0.1
UserHostAddress:
127.0.0.1

System.Web.HttpParseException: f:\CodeNew\trunk\TREC.Web\suppler\Member.Master(38): error CS0103: 当前上下文中不存在名称“EnterpriseName” ---> System.Web.HttpCompileException: f:\CodeNew\trunk\TREC.Web\suppler\Member.Master(38): error CS0103: 当前上下文中不存在名称“EnterpriseName”
   在 System.Web.Compilation.BuildManager.PostProcessFoundBuildResult(BuildResult result, Boolean keyFromVPP, VirtualPath virtualPath)
   在 System.Web.Compilation.BuildManager.GetBuildResultFromCacheInternal(String cacheKey, Boolean keyFromVPP, VirtualPath virtualPath, Int64 hashCode)
   在 System.Web.Compilation.BuildManager.GetVPathBuildResultFromCacheInternal(VirtualPath virtualPath)
   在 System.Web.Compilation.BuildManager.GetVPathBuildResultInternal(VirtualPath virtualPath, Boolean noBuild, Boolean allowCrossApp, Boolean allowBuildInPrecompile)
   在 System.Web.Compilation.BuildManager.GetVPathBuildResultWithNoAssert(HttpContext context, VirtualPath virtualPath, Boolean noBuild, Boolean allowCrossApp, Boolean allowBuildInPrecompile)
   在 System.Web.Compilation.BuildManager.GetVPathBuildResult(HttpContext context, VirtualPath virtualPath, Boolean noBuild, Boolean allowCrossApp, Boolean allowBuildInPrecompile)
   在 System.Web.UI.BaseTemplateParser.GetReferencedType(VirtualPath virtualPath, Boolean allowNoCompile)
   在 System.Web.UI.PageParser.ProcessMainDirectiveAttribute(String deviceName, String name, String value, IDictionary parseData)
   在 System.Web.UI.TemplateParser.ProcessMainDirective(IDictionary mainDirective)
   --- 内部异常堆栈跟踪的结尾 ---
   在 System.Web.UI.TemplateParser.ProcessException(Exception ex)
   在 System.Web.UI.TemplateParser.ParseStringInternal(String text, Encoding fileEncoding)
   在 System.Web.UI.TemplateParser.ParseString(String text, VirtualPath virtualPath, Encoding fileEncoding)
   在 System.Web.UI.TemplateParser.ParseReader(StreamReader reader, VirtualPath virtualPath)
   在 System.Web.UI.TemplateParser.ParseFile(String physicalPath, VirtualPath virtualPath)
   在 System.Web.UI.TemplateParser.ParseInternal()
   在 System.Web.UI.TemplateParser.Parse()
   在 System.Web.UI.TemplateParser.Parse(ICollection referencedAssemblies, VirtualPath virtualPath)
   在 System.Web.Compilation.BaseTemplateBuildProvider.get_CodeCompilerType()
   在 System.Web.Compilation.BuildProvider.GetCompilerTypeFromBuildProvider(BuildProvider buildProvider)
   在 System.Web.Compilation.BuildProvidersCompiler.ProcessBuildProviders()
   在 System.Web.Compilation.BuildProvidersCompiler.PerformBuild()
   在 System.Web.Compilation.BuildManager.CompileWebFile(VirtualPath virtualPath)
   在 System.Web.Compilation.BuildManager.GetVPathBuildResultInternal(VirtualPath virtualPath, Boolean noBuild, Boolean allowCrossApp, Boolean allowBuildInPrecompile)
   在 System.Web.Compilation.BuildManager.GetVPathBuildResultWithNoAssert(HttpContext context, VirtualPath virtualPath, Boolean noBuild, Boolean allowCrossApp, Boolean allowBuildInPrecompile)
   在 System.Web.Compilation.BuildManager.GetVirtualPathObjectFactory(VirtualPath virtualPath, HttpContext context, Boolean allowCrossApp, Boolean noAssert)
   在 System.Web.Compilation.BuildManager.CreateInstanceFromVirtualPath(VirtualPath virtualPath, Type requiredBaseType, HttpContext context, Boolean allowCrossApp, Boolean noAssert)
   在 System.Web.UI.PageHandlerFactory.GetHandlerHelper(HttpContext context, String requestType, VirtualPath virtualPath, String physicalPath)
   在 System.Web.UI.PageHandlerFactory.System.Web.IHttpHandlerFactory2.GetHandler(HttpContext context, String requestType, VirtualPath virtualPath, String physicalPath)
   在 System.Web.HttpApplication.MapHttpHandler(HttpContext context, String requestType, VirtualPath path, String pathTranslated, Boolean useAppConfig)
   在 System.Web.HttpApplication.MapHandlerExecutionStep.System.Web.HttpApplication.IExecutionStep.Execute()
   在 System.Web.HttpApplication.ExecuteStep(IExecutionStep step, Boolean& completedSynchronously)
2015-03-20 09:54:41,854 [14] TREC.Web.Global DEBUG - 家具快搜停止
