2015-06-02 18:59:12,974 [8] TREC.Web.Global DEBUG - 家具快搜启动
2015-06-02 19:02:24,288 [6] TREC.Web.Global ERROR - 错误:
UrlReferrer:
http://192.168.1.115:84/suppler/product/ProductList.aspx?ShopID=0
UserAgent:
Mozilla/5.0 (Windows NT 6.3; WOW64; rv:38.0) Gecko/20100101 Firefox/38.0
UserHostName:
192.168.1.102
UserHostAddress:
192.168.1.102

System.Data.SqlClient.SqlException: 在将 varchar 值 '0804-18' 转换成数据类型 int 时失败。
   在 System.Data.SqlClient.SqlConnection.OnError(SqlException exception, Boolean breakConnection)
   在 System.Data.SqlClient.TdsParser.ThrowExceptionAndWarning(TdsParserStateObject stateObj)
   在 System.Data.SqlClient.TdsParser.Run(RunBehavior runBehavior, SqlCommand cmdHandler, SqlDataReader dataStream, BulkCopySimpleResultSet bulkCopyHandler, TdsParserStateObject stateObj)
   在 System.Data.SqlClient.SqlDataReader.HasMoreRows()
   在 System.Data.SqlClient.SqlDataReader.ReadInternal(Boolean setTimeout)
   在 System.Data.Common.DataAdapter.FillLoadDataRow(SchemaMapping mapping)
   在 System.Data.Common.DataAdapter.FillFromReader(DataSet dataset, DataTable datatable, String srcTable, DataReaderContainer dataReader, Int32 startRecord, Int32 maxRecords, DataColumn parentChapterColumn, Object parentChapterValue)
   在 System.Data.Common.DataAdapter.Fill(DataSet dataSet, String srcTable, IDataReader dataReader, Int32 startRecord, Int32 maxRecords)
   在 System.Data.Common.DbDataAdapter.FillInternal(DataSet dataset, DataTable[] datatables, Int32 startRecord, Int32 maxRecords, String srcTable, IDbCommand command, CommandBehavior behavior)
   在 System.Data.Common.DbDataAdapter.Fill(DataSet dataSet, Int32 startRecord, Int32 maxRecords, String srcTable, IDbCommand command, CommandBehavior behavior)
   在 System.Data.Common.DbDataAdapter.Fill(DataSet dataSet)
   在 TREC.Data.DbHelper.ExecuteDataset(DbConnection connection, CommandType commandType, String commandText, DbParameter[] commandParameters) 位置 F:\CodeNew\trunk\TREC.Data\DbHelper.cs:行号 1128
   在 TREC.Data.DbHelper.ExecuteDataset(CommandType commandType, String commandText, DbParameter[] commandParameters) 位置 F:\CodeNew\trunk\TREC.Data\DbHelper.cs:行号 1076
   在 TREC.Data.DbHelper.ExecuteDataset(String commandText) 位置 F:\CodeNew\trunk\TREC.Data\DbHelper.cs:行号 1032
   在 TREC.Data.DataCommon.GetPageDataTable(String tableName, Int32 PageIndex, Int32 PageSize, String strWhere, String key, Int32 orderType, Int32& pageCount) 位置 F:\CodeNew\trunk\TREC.Data\DataCommon.cs:行号 460
   在 TREC.Data.Products.GetProductList(Int32 PageIndex, Int32 PageSize, String strWhere, Int32& pageCount) 位置 F:\CodeNew\trunk\TREC.Data\Provide\Products.cs:行号 1983
   在 TREC.ECommerce.ECProduct.GetProductList(Int32 PageIndex, Int32 PageSize, String strWhere, Int32& pageCount) 位置 F:\CodeNew\trunk\TREC.ECommerce\ECProduct.cs:行号 698
   在 TREC.ECommerce.ECProduct.GetProductList(String strWhere) 位置 F:\CodeNew\trunk\TREC.ECommerce\ECProduct.cs:行号 730
   在 TREC.Web.ajax.ajaxproduct.saveproductcopyshop(HttpContext c) 位置 F:\CodeNew\trunk\TREC.Web\ajax\ajaxproduct.ashx.cs:行号 424
   在 TREC.Web.ajax.ajaxproduct.ProcessRequest(HttpContext context) 位置 F:\CodeNew\trunk\TREC.Web\ajax\ajaxproduct.ashx.cs:行号 149
   在 System.Web.HttpApplication.CallHandlerExecutionStep.System.Web.HttpApplication.IExecutionStep.Execute()
   在 System.Web.HttpApplication.ExecuteStep(IExecutionStep step, Boolean& completedSynchronously)
2015-06-02 19:12:07,946 [6] TREC.Web.Global DEBUG - 家具快搜停止
