2015-04-10 20:43:30,778 [15] TREC.Web.Global DEBUG - 家具快搜启动
2015-04-10 20:43:35,204 [15] TREC.Web.Global ERROR - 错误:
UserAgent:
Mozilla/5.0 (Windows NT 6.1; WOW64; Trident/7.0; rv:11.0) like Gecko
UserHostName:
127.0.0.1
UserHostAddress:
127.0.0.1

System.Web.HttpUnhandledException: 引发类型为“System.Web.HttpUnhandledException”的异常。 ---> System.NullReferenceException: 未将对象引用设置到对象的实例。
   在 TREC.Web.Suppler.Member.Page_Load(Object sender, EventArgs e) 位置 F:\CodeNew\trunk\TREC.Web\suppler\Member.Master.cs:行号 28
   在 System.Web.Util.CalliHelper.EventArgFunctionCaller(IntPtr fp, Object o, Object t, EventArgs e)
   在 System.Web.Util.CalliEventHandlerDelegateProxy.Callback(Object sender, EventArgs e)
   在 System.Web.UI.Control.OnLoad(EventArgs e)
   在 System.Web.UI.Control.LoadRecursive()
   在 System.Web.UI.Control.LoadRecursive()
   在 System.Web.UI.Page.ProcessRequestMain(Boolean includeStagesBeforeAsyncPoint, Boolean includeStagesAfterAsyncPoint)
   --- 内部异常堆栈跟踪的结尾 ---
   在 System.Web.UI.Page.HandleError(Exception e)
   在 System.Web.UI.Page.ProcessRequestMain(Boolean includeStagesBeforeAsyncPoint, Boolean includeStagesAfterAsyncPoint)
   在 System.Web.UI.Page.ProcessRequest(Boolean includeStagesBeforeAsyncPoint, Boolean includeStagesAfterAsyncPoint)
   在 System.Web.UI.Page.ProcessRequest()
   在 System.Web.UI.Page.ProcessRequestWithNoAssert(HttpContext context)
   在 System.Web.UI.Page.ProcessRequest(HttpContext context)
   在 ASP.suppler_index_aspx.ProcessRequest(HttpContext context) 位置 c:\Windows\Microsoft.NET\Framework\v2.0.50727\Temporary ASP.NET Files\root\98a5a42a\612aefc7\App_Web_pqinaq57.1.cs:行号 0
   在 System.Web.HttpApplication.CallHandlerExecutionStep.System.Web.HttpApplication.IExecutionStep.Execute()
   在 System.Web.HttpApplication.ExecuteStep(IExecutionStep step, Boolean& completedSynchronously)
2015-04-10 20:44:46,990 [15] TREC.Web.Global DEBUG - 家具快搜停止
