2015-04-01 14:40:44,560 [7] TREC.Web.Global DEBUG - 家具快搜启动
2015-04-01 14:40:45,315 [3] TREC.Web.Global ERROR - 错误:
UrlReferrer:
http://192.168.1.115:84/suppler/index.aspx
UserAgent:
Mozilla/5.0 (Windows NT 6.1; WOW64; rv:36.0) Gecko/20100101 Firefox/36.0
UserHostName:
192.168.1.115
UserHostAddress:
192.168.1.115

System.Web.HttpException: 文件“/suppler/market/loginout.aspx”不存在。
   在 System.Web.UI.Util.CheckVirtualFileExists(VirtualPath virtualPath)
   在 System.Web.Compilation.BuildManager.GetVPathBuildResultInternal(VirtualPath virtualPath, Boolean noBuild, Boolean allowCrossApp, Boolean allowBuildInPrecompile)
   在 System.Web.Compilation.BuildManager.GetVPathBuildResultWithNoAssert(HttpContext context, VirtualPath virtualPath, Boolean noBuild, Boolean allowCrossApp, Boolean allowBuildInPrecompile)
   在 System.Web.Compilation.BuildManager.GetVirtualPathObjectFactory(VirtualPath virtualPath, HttpContext context, Boolean allowCrossApp, Boolean noAssert)
   在 System.Web.Compilation.BuildManager.CreateInstanceFromVirtualPath(VirtualPath virtualPath, Type requiredBaseType, HttpContext context, Boolean allowCrossApp, Boolean noAssert)
   在 System.Web.UI.PageHandlerFactory.GetHandlerHelper(HttpContext context, String requestType, VirtualPath virtualPath, String physicalPath)
   在 System.Web.HttpApplication.MapHttpHandler(HttpContext context, String requestType, VirtualPath path, String pathTranslated, Boolean useAppConfig)
   在 System.Web.HttpApplication.MapHandlerExecutionStep.System.Web.HttpApplication.IExecutionStep.Execute()
   在 System.Web.HttpApplication.ExecuteStep(IExecutionStep step, Boolean& completedSynchronously)
2015-04-01 14:43:24,826 [7] TREC.Web.Global ERROR - 错误:
UrlReferrer:
http://192.168.1.115:84/suppler/index.aspx
UserAgent:
Mozilla/5.0 (Windows NT 6.1; WOW64; rv:36.0) Gecko/20100101 Firefox/36.0
UserHostName:
192.168.1.115
UserHostAddress:
192.168.1.115

System.Web.HttpUnhandledException: 引发类型为“System.Web.HttpUnhandledException”的异常。 ---> System.NullReferenceException: 未将对象引用设置到对象的实例。
   在 TREC.Web.Suppler.market.marketinfo.ShowData() 位置 F:\CodeNew\trunk\TREC.Web\suppler\market\marketinfo.aspx.cs:行号 58
   在 TREC.Web.Suppler.market.marketinfo.Page_Load(Object sender, EventArgs e) 位置 F:\CodeNew\trunk\TREC.Web\suppler\market\marketinfo.aspx.cs:行号 44
   在 System.Web.Util.CalliHelper.EventArgFunctionCaller(IntPtr fp, Object o, Object t, EventArgs e)
   在 System.Web.Util.CalliEventHandlerDelegateProxy.Callback(Object sender, EventArgs e)
   在 System.Web.UI.Control.OnLoad(EventArgs e)
   在 System.Web.UI.Control.LoadRecursive()
   在 System.Web.UI.Page.ProcessRequestMain(Boolean includeStagesBeforeAsyncPoint, Boolean includeStagesAfterAsyncPoint)
   --- 内部异常堆栈跟踪的结尾 ---
   在 System.Web.UI.Page.HandleError(Exception e)
   在 System.Web.UI.Page.ProcessRequestMain(Boolean includeStagesBeforeAsyncPoint, Boolean includeStagesAfterAsyncPoint)
   在 System.Web.UI.Page.ProcessRequest(Boolean includeStagesBeforeAsyncPoint, Boolean includeStagesAfterAsyncPoint)
   在 System.Web.UI.Page.ProcessRequest()
   在 System.Web.UI.Page.ProcessRequest(HttpContext context)
   在 ASP.suppler_market_marketinfo_aspx.ProcessRequest(HttpContext context) 位置 c:\Windows\Microsoft.NET\Framework64\v2.0.50727\Temporary ASP.NET Files\root\a1a14bdb\63861841\App_Web_2knedzkx.3.cs:行号 0
   在 System.Web.HttpApplication.CallHandlerExecutionStep.System.Web.HttpApplication.IExecutionStep.Execute()
   在 System.Web.HttpApplication.ExecuteStep(IExecutionStep step, Boolean& completedSynchronously)
2015-04-01 14:47:55,003 [7] TREC.Web.Global DEBUG - 家具快搜停止
