2015-04-02 16:59:57,737 [3] TREC.Web.Global DEBUG - 家具快搜启动
2015-04-02 17:26:47,866 [3] TREC.Web.Global ERROR - 错误:
UrlReferrer:
http://192.168.1.115:84/admin/market/marketinfo.aspx?edit=1&id=213
UserAgent:
Mozilla/5.0 (compatible; MSIE 9.0; Windows NT 6.1; Trident/5.0)
UserHostName:
192.168.1.123
UserHostAddress:
192.168.1.123

System.Web.HttpUnhandledException: 引发类型为“System.Web.HttpUnhandledException”的异常。 ---> System.NullReferenceException: 未将对象引用设置到对象的实例。
   在 TREC.Web.Admin.market.marketinfo.btnSave_Click(Object sender, EventArgs e)
   在 System.Web.UI.WebControls.Button.OnClick(EventArgs e)
   在 System.Web.UI.WebControls.Button.RaisePostBackEvent(String eventArgument)
   在 System.Web.UI.Page.RaisePostBackEvent(IPostBackEventHandler sourceControl, String eventArgument)
   在 System.Web.UI.Page.ProcessRequestMain(Boolean includeStagesBeforeAsyncPoint, Boolean includeStagesAfterAsyncPoint)
   --- 内部异常堆栈跟踪的结尾 ---
   在 System.Web.UI.Page.HandleError(Exception e)
   在 System.Web.UI.Page.ProcessRequestMain(Boolean includeStagesBeforeAsyncPoint, Boolean includeStagesAfterAsyncPoint)
   在 System.Web.UI.Page.ProcessRequest(Boolean includeStagesBeforeAsyncPoint, Boolean includeStagesAfterAsyncPoint)
   在 System.Web.UI.Page.ProcessRequest()
   在 System.Web.UI.Page.ProcessRequest(HttpContext context)
   在 ASP.admin_market_marketinfo_aspx.ProcessRequest(HttpContext context) 位置 c:\Windows\Microsoft.NET\Framework64\v2.0.50727\Temporary ASP.NET Files\root\a1a14bdb\63861841\App_Web_fdsfacvt.3.cs:行号 0
   在 System.Web.HttpApplication.CallHandlerExecutionStep.System.Web.HttpApplication.IExecutionStep.Execute()
   在 System.Web.HttpApplication.ExecuteStep(IExecutionStep step, Boolean& completedSynchronously)
2015-04-02 17:27:36,767 [8] TREC.Web.Global DEBUG - 家具快搜停止
