2015-05-07 09:47:23,174 [3] TREC.Web.Global DEBUG - 家具快搜启动
2015-05-07 09:47:31,940 [3] TREC.Web.Global ERROR - 错误:
UserAgent:
Mozilla/5.0 (Windows NT 6.1; WOW64; rv:37.0) Gecko/20100101 Firefox/37.0
UserHostName:
192.168.1.115
UserHostAddress:
192.168.1.115

System.Web.HttpUnhandledException: 引发类型为“System.Web.HttpUnhandledException”的异常。 ---> System.NullReferenceException: 未将对象引用设置到对象的实例。
   在 TREC.Web.loginuser.get_getUrlReferrer() 位置 F:\CodeNew\trunk\TREC.Web\template\web\default\loginuser.aspx.cs:行号 18
   在 ASP.template_web_default_loginuser_aspx.__Render__control2(HtmlTextWriter __w, Control parameterContainer) 位置 f:\CodeNew\trunk\TREC.Web\template\web\default\loginuser.aspx:行号 180
   在 System.Web.UI.Control.RenderChildrenInternal(HtmlTextWriter writer, ICollection children)
   在 System.Web.UI.HtmlControls.HtmlHead.RenderChildren(HtmlTextWriter writer)
   在 System.Web.UI.HtmlControls.HtmlContainerControl.Render(HtmlTextWriter writer)
   在 System.Web.UI.Control.RenderChildrenInternal(HtmlTextWriter writer, ICollection children)
   在 System.Web.UI.Page.Render(HtmlTextWriter writer)
   在 System.Web.UI.Page.ProcessRequestMain(Boolean includeStagesBeforeAsyncPoint, Boolean includeStagesAfterAsyncPoint)
   --- 内部异常堆栈跟踪的结尾 ---
   在 System.Web.UI.Page.HandleError(Exception e)
   在 System.Web.UI.Page.ProcessRequestMain(Boolean includeStagesBeforeAsyncPoint, Boolean includeStagesAfterAsyncPoint)
   在 System.Web.UI.Page.ProcessRequest(Boolean includeStagesBeforeAsyncPoint, Boolean includeStagesAfterAsyncPoint)
   在 System.Web.UI.Page.ProcessRequest()
   在 System.Web.UI.Page.ProcessRequest(HttpContext context)
   在 ASP.template_web_default_loginuser_aspx.ProcessRequest(HttpContext context) 位置 c:\Windows\Microsoft.NET\Framework64\v2.0.50727\Temporary ASP.NET Files\root\a1a14bdb\63861841\App_Web_loginuser.aspx.392f1fb4.f3v3a8cf.0.cs:行号 0
   在 System.Web.HttpApplication.CallHandlerExecutionStep.System.Web.HttpApplication.IExecutionStep.Execute()
   在 System.Web.HttpApplication.ExecuteStep(IExecutionStep step, Boolean& completedSynchronously)
2015-05-07 09:47:39,252 [6] TREC.Web.Global ERROR - 错误:
UserAgent:
Mozilla/5.0 (Windows NT 6.1; WOW64; rv:37.0) Gecko/20100101 Firefox/37.0
UserHostName:
192.168.1.115
UserHostAddress:
192.168.1.115

System.Web.HttpUnhandledException: 引发类型为“System.Web.HttpUnhandledException”的异常。 ---> System.NullReferenceException: 未将对象引用设置到对象的实例。
   在 TREC.Web.loginuser.get_getUrlReferrer() 位置 F:\CodeNew\trunk\TREC.Web\template\web\default\loginuser.aspx.cs:行号 18
   在 ASP.template_web_default_loginuser_aspx.__Render__control2(HtmlTextWriter __w, Control parameterContainer) 位置 f:\CodeNew\trunk\TREC.Web\template\web\default\loginuser.aspx:行号 180
   在 System.Web.UI.Control.RenderChildrenInternal(HtmlTextWriter writer, ICollection children)
   在 System.Web.UI.HtmlControls.HtmlHead.RenderChildren(HtmlTextWriter writer)
   在 System.Web.UI.HtmlControls.HtmlContainerControl.Render(HtmlTextWriter writer)
   在 System.Web.UI.Control.RenderChildrenInternal(HtmlTextWriter writer, ICollection children)
   在 System.Web.UI.Page.Render(HtmlTextWriter writer)
   在 System.Web.UI.Page.ProcessRequestMain(Boolean includeStagesBeforeAsyncPoint, Boolean includeStagesAfterAsyncPoint)
   --- 内部异常堆栈跟踪的结尾 ---
   在 System.Web.UI.Page.HandleError(Exception e)
   在 System.Web.UI.Page.ProcessRequestMain(Boolean includeStagesBeforeAsyncPoint, Boolean includeStagesAfterAsyncPoint)
   在 System.Web.UI.Page.ProcessRequest(Boolean includeStagesBeforeAsyncPoint, Boolean includeStagesAfterAsyncPoint)
   在 System.Web.UI.Page.ProcessRequest()
   在 System.Web.UI.Page.ProcessRequest(HttpContext context)
   在 ASP.template_web_default_loginuser_aspx.ProcessRequest(HttpContext context) 位置 c:\Windows\Microsoft.NET\Framework64\v2.0.50727\Temporary ASP.NET Files\root\a1a14bdb\63861841\App_Web_loginuser.aspx.392f1fb4.f3v3a8cf.0.cs:行号 0
   在 System.Web.HttpApplication.CallHandlerExecutionStep.System.Web.HttpApplication.IExecutionStep.Execute()
   在 System.Web.HttpApplication.ExecuteStep(IExecutionStep step, Boolean& completedSynchronously)
2015-05-07 09:47:54,981 [3] TREC.Web.Global DEBUG - 家具快搜停止
