2015-04-27 09:49:40,846 [8] TREC.Web.Global DEBUG - 家具快搜启动
2015-04-27 09:49:42,843 [8] TREC.Web.Global ERROR - 错误:
UrlReferrer:
http://localhost:10080/admin/brand/brandlist.aspx
UserAgent:
Mozilla/5.0 (Windows NT 6.1; WOW64; rv:37.0) Gecko/20100101 Firefox/37.0
UserHostName:
127.0.0.1
UserHostAddress:
127.0.0.1

System.Web.HttpException: 这是一个无效的 Webresource 请求。
   在 System.Web.Handlers.AssemblyResourceLoader.System.Web.IHttpHandler.ProcessRequest(HttpContext context)
   在 System.Web.HttpApplication.CallHandlerExecutionStep.System.Web.HttpApplication.IExecutionStep.Execute()
   在 System.Web.HttpApplication.ExecuteStep(IExecutionStep step, Boolean& completedSynchronously)
2015-04-27 09:49:43,156 [10] TREC.Web.Global ERROR - 错误:
UrlReferrer:
http://localhost:10080/admin/brand/brandlist.aspx
UserAgent:
Mozilla/5.0 (Windows NT 6.1; WOW64; rv:37.0) Gecko/20100101 Firefox/37.0
UserHostName:
127.0.0.1
UserHostAddress:
127.0.0.1

System.Web.HttpException: 此请求是无效的脚本资源请求。
   在 System.Web.Handlers.ScriptResourceHandler.Throw404()
   在 System.Web.Handlers.ScriptResourceHandler.ProcessRequest(HttpContext context)
   在 System.Web.Handlers.ScriptResourceHandler.System.Web.IHttpHandler.ProcessRequest(HttpContext context)
   在 System.Web.HttpApplication.CallHandlerExecutionStep.System.Web.HttpApplication.IExecutionStep.Execute()
   在 System.Web.HttpApplication.ExecuteStep(IExecutionStep step, Boolean& completedSynchronously)
2015-04-27 09:49:43,239 [8] TREC.Web.Global ERROR - 错误:
UrlReferrer:
http://localhost:10080/admin/brand/brandlist.aspx
UserAgent:
Mozilla/5.0 (Windows NT 6.1; WOW64; rv:37.0) Gecko/20100101 Firefox/37.0
UserHostName:
127.0.0.1
UserHostAddress:
127.0.0.1

System.Web.HttpException: 此请求是无效的脚本资源请求。
   在 System.Web.Handlers.ScriptResourceHandler.Throw404()
   在 System.Web.Handlers.ScriptResourceHandler.ProcessRequest(HttpContext context)
   在 System.Web.Handlers.ScriptResourceHandler.System.Web.IHttpHandler.ProcessRequest(HttpContext context)
   在 System.Web.HttpApplication.CallHandlerExecutionStep.System.Web.HttpApplication.IExecutionStep.Execute()
   在 System.Web.HttpApplication.ExecuteStep(IExecutionStep step, Boolean& completedSynchronously)
2015-04-27 09:49:46,054 [8] TREC.Web.Global ERROR - 错误:
UrlReferrer:
http://localhost:10080/admin/brand/brandlist.aspx
UserAgent:
Mozilla/5.0 (Windows NT 6.1; WOW64; rv:37.0) Gecko/20100101 Firefox/37.0
UserHostName:
127.0.0.1
UserHostAddress:
127.0.0.1

System.Web.HttpException: 这是一个无效的 Webresource 请求。
   在 System.Web.Handlers.AssemblyResourceLoader.System.Web.IHttpHandler.ProcessRequest(HttpContext context)
   在 System.Web.HttpApplication.CallHandlerExecutionStep.System.Web.HttpApplication.IExecutionStep.Execute()
   在 System.Web.HttpApplication.ExecuteStep(IExecutionStep step, Boolean& completedSynchronously)
2015-04-27 09:49:46,345 [10] TREC.Web.Global ERROR - 错误:
UrlReferrer:
http://localhost:10080/admin/brand/brandlist.aspx
UserAgent:
Mozilla/5.0 (Windows NT 6.1; WOW64; rv:37.0) Gecko/20100101 Firefox/37.0
UserHostName:
127.0.0.1
UserHostAddress:
127.0.0.1

System.Web.HttpException: 此请求是无效的脚本资源请求。
   在 System.Web.Handlers.ScriptResourceHandler.Throw404()
   在 System.Web.Handlers.ScriptResourceHandler.ProcessRequest(HttpContext context)
   在 System.Web.Handlers.ScriptResourceHandler.System.Web.IHttpHandler.ProcessRequest(HttpContext context)
   在 System.Web.HttpApplication.CallHandlerExecutionStep.System.Web.HttpApplication.IExecutionStep.Execute()
   在 System.Web.HttpApplication.ExecuteStep(IExecutionStep step, Boolean& completedSynchronously)
2015-04-27 09:49:46,539 [8] TREC.Web.Global ERROR - 错误:
UrlReferrer:
http://localhost:10080/admin/brand/brandlist.aspx
UserAgent:
Mozilla/5.0 (Windows NT 6.1; WOW64; rv:37.0) Gecko/20100101 Firefox/37.0
UserHostName:
127.0.0.1
UserHostAddress:
127.0.0.1

System.Web.HttpException: 此请求是无效的脚本资源请求。
   在 System.Web.Handlers.ScriptResourceHandler.Throw404()
   在 System.Web.Handlers.ScriptResourceHandler.ProcessRequest(HttpContext context)
   在 System.Web.Handlers.ScriptResourceHandler.System.Web.IHttpHandler.ProcessRequest(HttpContext context)
   在 System.Web.HttpApplication.CallHandlerExecutionStep.System.Web.HttpApplication.IExecutionStep.Execute()
   在 System.Web.HttpApplication.ExecuteStep(IExecutionStep step, Boolean& completedSynchronously)
2015-04-27 09:49:52,172 [8] TREC.Web.Global ERROR - 错误:
UrlReferrer:
http://localhost:10080/admin/brand/brandlist.aspx
UserAgent:
Mozilla/5.0 (Windows NT 6.1; WOW64; rv:37.0) Gecko/20100101 Firefox/37.0
UserHostName:
127.0.0.1
UserHostAddress:
127.0.0.1

System.Web.HttpException: 此请求是无效的脚本资源请求。
   在 System.Web.Handlers.ScriptResourceHandler.Throw404()
   在 System.Web.Handlers.ScriptResourceHandler.ProcessRequest(HttpContext context)
   在 System.Web.Handlers.ScriptResourceHandler.System.Web.IHttpHandler.ProcessRequest(HttpContext context)
   在 System.Web.HttpApplication.CallHandlerExecutionStep.System.Web.HttpApplication.IExecutionStep.Execute()
   在 System.Web.HttpApplication.ExecuteStep(IExecutionStep step, Boolean& completedSynchronously)
2015-04-27 09:49:52,274 [10] TREC.Web.Global ERROR - 错误:
UrlReferrer:
http://localhost:10080/admin/brand/brandlist.aspx
UserAgent:
Mozilla/5.0 (Windows NT 6.1; WOW64; rv:37.0) Gecko/20100101 Firefox/37.0
UserHostName:
127.0.0.1
UserHostAddress:
127.0.0.1

System.Web.HttpException: 这是一个无效的 Webresource 请求。
   在 System.Web.Handlers.AssemblyResourceLoader.System.Web.IHttpHandler.ProcessRequest(HttpContext context)
   在 System.Web.HttpApplication.CallHandlerExecutionStep.System.Web.HttpApplication.IExecutionStep.Execute()
   在 System.Web.HttpApplication.ExecuteStep(IExecutionStep step, Boolean& completedSynchronously)
2015-04-27 09:49:52,508 [8] TREC.Web.Global ERROR - 错误:
UrlReferrer:
http://localhost:10080/admin/brand/brandlist.aspx
UserAgent:
Mozilla/5.0 (Windows NT 6.1; WOW64; rv:37.0) Gecko/20100101 Firefox/37.0
UserHostName:
127.0.0.1
UserHostAddress:
127.0.0.1

System.Web.HttpException: 此请求是无效的脚本资源请求。
   在 System.Web.Handlers.ScriptResourceHandler.Throw404()
   在 System.Web.Handlers.ScriptResourceHandler.ProcessRequest(HttpContext context)
   在 System.Web.Handlers.ScriptResourceHandler.System.Web.IHttpHandler.ProcessRequest(HttpContext context)
   在 System.Web.HttpApplication.CallHandlerExecutionStep.System.Web.HttpApplication.IExecutionStep.Execute()
   在 System.Web.HttpApplication.ExecuteStep(IExecutionStep step, Boolean& completedSynchronously)
2015-04-27 09:49:52,932 [10] TREC.Web.Global ERROR - 错误:
UrlReferrer:
http://localhost:10080/admin/brand/brandlist.aspx
UserAgent:
Mozilla/5.0 (Windows NT 6.1; WOW64; rv:37.0) Gecko/20100101 Firefox/37.0
UserHostName:
127.0.0.1
UserHostAddress:
127.0.0.1

System.Web.HttpException: 此请求是无效的脚本资源请求。
   在 System.Web.Handlers.ScriptResourceHandler.Throw404()
   在 System.Web.Handlers.ScriptResourceHandler.ProcessRequest(HttpContext context)
   在 System.Web.Handlers.ScriptResourceHandler.System.Web.IHttpHandler.ProcessRequest(HttpContext context)
   在 System.Web.HttpApplication.CallHandlerExecutionStep.System.Web.HttpApplication.IExecutionStep.Execute()
   在 System.Web.HttpApplication.ExecuteStep(IExecutionStep step, Boolean& completedSynchronously)
2015-04-27 09:49:53,302 [8] TREC.Web.Global ERROR - 错误:
UrlReferrer:
http://localhost:10080/admin/brand/brandlist.aspx
UserAgent:
Mozilla/5.0 (Windows NT 6.1; WOW64; rv:37.0) Gecko/20100101 Firefox/37.0
UserHostName:
127.0.0.1
UserHostAddress:
127.0.0.1

System.Web.HttpException: 此请求是无效的脚本资源请求。
   在 System.Web.Handlers.ScriptResourceHandler.Throw404()
   在 System.Web.Handlers.ScriptResourceHandler.ProcessRequest(HttpContext context)
   在 System.Web.Handlers.ScriptResourceHandler.System.Web.IHttpHandler.ProcessRequest(HttpContext context)
   在 System.Web.HttpApplication.CallHandlerExecutionStep.System.Web.HttpApplication.IExecutionStep.Execute()
   在 System.Web.HttpApplication.ExecuteStep(IExecutionStep step, Boolean& completedSynchronously)
2015-04-27 09:49:56,526 [8] TREC.Web.Global ERROR - 错误:
UrlReferrer:
http://localhost:10080/admin/brand/brandlist.aspx
UserAgent:
Mozilla/5.0 (Windows NT 6.1; WOW64; rv:37.0) Gecko/20100101 Firefox/37.0
UserHostName:
127.0.0.1
UserHostAddress:
127.0.0.1

System.Web.HttpException: 这是一个无效的 Webresource 请求。
   在 System.Web.Handlers.AssemblyResourceLoader.System.Web.IHttpHandler.ProcessRequest(HttpContext context)
   在 System.Web.HttpApplication.CallHandlerExecutionStep.System.Web.HttpApplication.IExecutionStep.Execute()
   在 System.Web.HttpApplication.ExecuteStep(IExecutionStep step, Boolean& completedSynchronously)
2015-04-27 09:49:56,920 [8] TREC.Web.Global ERROR - 错误:
UrlReferrer:
http://localhost:10080/admin/brand/brandlist.aspx
UserAgent:
Mozilla/5.0 (Windows NT 6.1; WOW64; rv:37.0) Gecko/20100101 Firefox/37.0
UserHostName:
127.0.0.1
UserHostAddress:
127.0.0.1

System.Web.HttpException: 此请求是无效的脚本资源请求。
   在 System.Web.Handlers.ScriptResourceHandler.Throw404()
   在 System.Web.Handlers.ScriptResourceHandler.ProcessRequest(HttpContext context)
   在 System.Web.Handlers.ScriptResourceHandler.System.Web.IHttpHandler.ProcessRequest(HttpContext context)
   在 System.Web.HttpApplication.CallHandlerExecutionStep.System.Web.HttpApplication.IExecutionStep.Execute()
   在 System.Web.HttpApplication.ExecuteStep(IExecutionStep step, Boolean& completedSynchronously)
2015-04-27 09:49:57,253 [10] TREC.Web.Global ERROR - 错误:
UrlReferrer:
http://localhost:10080/admin/brand/brandlist.aspx
UserAgent:
Mozilla/5.0 (Windows NT 6.1; WOW64; rv:37.0) Gecko/20100101 Firefox/37.0
UserHostName:
127.0.0.1
UserHostAddress:
127.0.0.1

System.Web.HttpException: 此请求是无效的脚本资源请求。
   在 System.Web.Handlers.ScriptResourceHandler.Throw404()
   在 System.Web.Handlers.ScriptResourceHandler.ProcessRequest(HttpContext context)
   在 System.Web.Handlers.ScriptResourceHandler.System.Web.IHttpHandler.ProcessRequest(HttpContext context)
   在 System.Web.HttpApplication.CallHandlerExecutionStep.System.Web.HttpApplication.IExecutionStep.Execute()
   在 System.Web.HttpApplication.ExecuteStep(IExecutionStep step, Boolean& completedSynchronously)
2015-04-27 09:49:57,336 [8] TREC.Web.Global ERROR - 错误:
UrlReferrer:
http://localhost:10080/admin/brand/brandlist.aspx
UserAgent:
Mozilla/5.0 (Windows NT 6.1; WOW64; rv:37.0) Gecko/20100101 Firefox/37.0
UserHostName:
127.0.0.1
UserHostAddress:
127.0.0.1

System.Web.HttpException: 这是一个无效的 Webresource 请求。
   在 System.Web.Handlers.AssemblyResourceLoader.System.Web.IHttpHandler.ProcessRequest(HttpContext context)
   在 System.Web.HttpApplication.CallHandlerExecutionStep.System.Web.HttpApplication.IExecutionStep.Execute()
   在 System.Web.HttpApplication.ExecuteStep(IExecutionStep step, Boolean& completedSynchronously)
2015-04-27 09:49:57,782 [8] TREC.Web.Global ERROR - 错误:
UrlReferrer:
http://localhost:10080/admin/brand/brandlist.aspx
UserAgent:
Mozilla/5.0 (Windows NT 6.1; WOW64; rv:37.0) Gecko/20100101 Firefox/37.0
UserHostName:
127.0.0.1
UserHostAddress:
127.0.0.1

System.Web.HttpException: 此请求是无效的脚本资源请求。
   在 System.Web.Handlers.ScriptResourceHandler.Throw404()
   在 System.Web.Handlers.ScriptResourceHandler.ProcessRequest(HttpContext context)
   在 System.Web.Handlers.ScriptResourceHandler.System.Web.IHttpHandler.ProcessRequest(HttpContext context)
   在 System.Web.HttpApplication.CallHandlerExecutionStep.System.Web.HttpApplication.IExecutionStep.Execute()
   在 System.Web.HttpApplication.ExecuteStep(IExecutionStep step, Boolean& completedSynchronously)
2015-04-27 09:49:59,519 [10] TREC.Web.Global ERROR - 错误:
UrlReferrer:
http://localhost:10080/admin/brand/brandlist.aspx
UserAgent:
Mozilla/5.0 (Windows NT 6.1; WOW64; rv:37.0) Gecko/20100101 Firefox/37.0
UserHostName:
127.0.0.1
UserHostAddress:
127.0.0.1

System.Web.HttpException: 此请求是无效的脚本资源请求。
   在 System.Web.Handlers.ScriptResourceHandler.Throw404()
   在 System.Web.Handlers.ScriptResourceHandler.ProcessRequest(HttpContext context)
   在 System.Web.Handlers.ScriptResourceHandler.System.Web.IHttpHandler.ProcessRequest(HttpContext context)
   在 System.Web.HttpApplication.CallHandlerExecutionStep.System.Web.HttpApplication.IExecutionStep.Execute()
   在 System.Web.HttpApplication.ExecuteStep(IExecutionStep step, Boolean& completedSynchronously)
2015-04-27 09:50:49,754 [10] TREC.Web.Global DEBUG - 家具快搜停止
