2015-04-27 09:46:35,470 [9] TREC.Web.Global DEBUG - 家具快搜启动
2015-04-27 09:46:37,967 [9] TREC.Web.Global ERROR - 错误:
UrlReferrer:
http://localhost:10080/admin/brand/brandlist.aspx
UserAgent:
Mozilla/5.0 (Windows NT 6.1; WOW64; rv:37.0) Gecko/20100101 Firefox/37.0
UserHostName:
127.0.0.1
UserHostAddress:
127.0.0.1

System.Web.HttpException: 这是一个无效的 Webresource 请求。
   在 System.Web.Handlers.AssemblyResourceLoader.System.Web.IHttpHandler.ProcessRequest(HttpContext context)
   在 System.Web.HttpApplication.CallHandlerExecutionStep.System.Web.HttpApplication.IExecutionStep.Execute()
   在 System.Web.HttpApplication.ExecuteStep(IExecutionStep step, Boolean& completedSynchronously)
2015-04-27 09:46:38,304 [9] TREC.Web.Global ERROR - 错误:
UrlReferrer:
http://localhost:10080/admin/brand/brandlist.aspx
UserAgent:
Mozilla/5.0 (Windows NT 6.1; WOW64; rv:37.0) Gecko/20100101 Firefox/37.0
UserHostName:
127.0.0.1
UserHostAddress:
127.0.0.1

System.Web.HttpException: 此请求是无效的脚本资源请求。
   在 System.Web.Handlers.ScriptResourceHandler.Throw404()
   在 System.Web.Handlers.ScriptResourceHandler.ProcessRequest(HttpContext context)
   在 System.Web.Handlers.ScriptResourceHandler.System.Web.IHttpHandler.ProcessRequest(HttpContext context)
   在 System.Web.HttpApplication.CallHandlerExecutionStep.System.Web.HttpApplication.IExecutionStep.Execute()
   在 System.Web.HttpApplication.ExecuteStep(IExecutionStep step, Boolean& completedSynchronously)
2015-04-27 09:46:38,674 [9] TREC.Web.Global ERROR - 错误:
UrlReferrer:
http://localhost:10080/admin/brand/brandlist.aspx
UserAgent:
Mozilla/5.0 (Windows NT 6.1; WOW64; rv:37.0) Gecko/20100101 Firefox/37.0
UserHostName:
127.0.0.1
UserHostAddress:
127.0.0.1

System.Web.HttpException: 此请求是无效的脚本资源请求。
   在 System.Web.Handlers.ScriptResourceHandler.Throw404()
   在 System.Web.Handlers.ScriptResourceHandler.ProcessRequest(HttpContext context)
   在 System.Web.Handlers.ScriptResourceHandler.System.Web.IHttpHandler.ProcessRequest(HttpContext context)
   在 System.Web.HttpApplication.CallHandlerExecutionStep.System.Web.HttpApplication.IExecutionStep.Execute()
   在 System.Web.HttpApplication.ExecuteStep(IExecutionStep step, Boolean& completedSynchronously)
2015-04-27 09:47:09,541 [9] TREC.Web.Global ERROR - 错误:
UrlReferrer:
http://localhost:10080/admin/brand/brandlist.aspx
UserAgent:
Mozilla/5.0 (Windows NT 6.1; WOW64; rv:37.0) Gecko/20100101 Firefox/37.0
UserHostName:
127.0.0.1
UserHostAddress:
127.0.0.1

System.Web.HttpException: 这是一个无效的 Webresource 请求。
   在 System.Web.Handlers.AssemblyResourceLoader.System.Web.IHttpHandler.ProcessRequest(HttpContext context)
   在 System.Web.HttpApplication.CallHandlerExecutionStep.System.Web.HttpApplication.IExecutionStep.Execute()
   在 System.Web.HttpApplication.ExecuteStep(IExecutionStep step, Boolean& completedSynchronously)
2015-04-27 09:47:09,583 [8] TREC.Web.Global ERROR - 错误:
UrlReferrer:
http://localhost:10080/admin/brand/brandlist.aspx
UserAgent:
Mozilla/5.0 (Windows NT 6.1; WOW64; rv:37.0) Gecko/20100101 Firefox/37.0
UserHostName:
127.0.0.1
UserHostAddress:
127.0.0.1

System.Web.HttpException: 此请求是无效的脚本资源请求。
   在 System.Web.Handlers.ScriptResourceHandler.Throw404()
   在 System.Web.Handlers.ScriptResourceHandler.ProcessRequest(HttpContext context)
   在 System.Web.Handlers.ScriptResourceHandler.System.Web.IHttpHandler.ProcessRequest(HttpContext context)
   在 System.Web.HttpApplication.CallHandlerExecutionStep.System.Web.HttpApplication.IExecutionStep.Execute()
   在 System.Web.HttpApplication.ExecuteStep(IExecutionStep step, Boolean& completedSynchronously)
2015-04-27 09:47:09,649 [4] TREC.Web.Global ERROR - 错误:
UrlReferrer:
http://localhost:10080/admin/brand/brandlist.aspx
UserAgent:
Mozilla/5.0 (Windows NT 6.1; WOW64; rv:37.0) Gecko/20100101 Firefox/37.0
UserHostName:
127.0.0.1
UserHostAddress:
127.0.0.1

System.Web.HttpException: 此请求是无效的脚本资源请求。
   在 System.Web.Handlers.ScriptResourceHandler.Throw404()
   在 System.Web.Handlers.ScriptResourceHandler.ProcessRequest(HttpContext context)
   在 System.Web.Handlers.ScriptResourceHandler.System.Web.IHttpHandler.ProcessRequest(HttpContext context)
   在 System.Web.HttpApplication.CallHandlerExecutionStep.System.Web.HttpApplication.IExecutionStep.Execute()
   在 System.Web.HttpApplication.ExecuteStep(IExecutionStep step, Boolean& completedSynchronously)
2015-04-27 09:47:28,271 [9] TREC.Web.Global ERROR - 错误:
UrlReferrer:
http://localhost:10080/admin/brand/brandlist.aspx
UserAgent:
Mozilla/5.0 (Windows NT 6.1; WOW64; rv:37.0) Gecko/20100101 Firefox/37.0
UserHostName:
127.0.0.1
UserHostAddress:
127.0.0.1

System.Web.HttpException: 此请求是无效的脚本资源请求。
   在 System.Web.Handlers.ScriptResourceHandler.Throw404()
   在 System.Web.Handlers.ScriptResourceHandler.ProcessRequest(HttpContext context)
   在 System.Web.Handlers.ScriptResourceHandler.System.Web.IHttpHandler.ProcessRequest(HttpContext context)
   在 System.Web.HttpApplication.CallHandlerExecutionStep.System.Web.HttpApplication.IExecutionStep.Execute()
   在 System.Web.HttpApplication.ExecuteStep(IExecutionStep step, Boolean& completedSynchronously)
2015-04-27 09:47:28,329 [8] TREC.Web.Global ERROR - 错误:
UrlReferrer:
http://localhost:10080/admin/brand/brandlist.aspx
UserAgent:
Mozilla/5.0 (Windows NT 6.1; WOW64; rv:37.0) Gecko/20100101 Firefox/37.0
UserHostName:
127.0.0.1
UserHostAddress:
127.0.0.1

System.Web.HttpException: 这是一个无效的 Webresource 请求。
   在 System.Web.Handlers.AssemblyResourceLoader.System.Web.IHttpHandler.ProcessRequest(HttpContext context)
   在 System.Web.HttpApplication.CallHandlerExecutionStep.System.Web.HttpApplication.IExecutionStep.Execute()
   在 System.Web.HttpApplication.ExecuteStep(IExecutionStep step, Boolean& completedSynchronously)
2015-04-27 09:47:28,356 [4] TREC.Web.Global ERROR - 错误:
UrlReferrer:
http://localhost:10080/admin/brand/brandlist.aspx
UserAgent:
Mozilla/5.0 (Windows NT 6.1; WOW64; rv:37.0) Gecko/20100101 Firefox/37.0
UserHostName:
127.0.0.1
UserHostAddress:
127.0.0.1

System.Web.HttpException: 此请求是无效的脚本资源请求。
   在 System.Web.Handlers.ScriptResourceHandler.Throw404()
   在 System.Web.Handlers.ScriptResourceHandler.ProcessRequest(HttpContext context)
   在 System.Web.Handlers.ScriptResourceHandler.System.Web.IHttpHandler.ProcessRequest(HttpContext context)
   在 System.Web.HttpApplication.CallHandlerExecutionStep.System.Web.HttpApplication.IExecutionStep.Execute()
   在 System.Web.HttpApplication.ExecuteStep(IExecutionStep step, Boolean& completedSynchronously)
2015-04-27 09:47:28,775 [9] TREC.Web.Global ERROR - 错误:
UrlReferrer:
http://localhost:10080/admin/brand/brandlist.aspx
UserAgent:
Mozilla/5.0 (Windows NT 6.1; WOW64; rv:37.0) Gecko/20100101 Firefox/37.0
UserHostName:
127.0.0.1
UserHostAddress:
127.0.0.1

System.Web.HttpException: 此请求是无效的脚本资源请求。
   在 System.Web.Handlers.ScriptResourceHandler.Throw404()
   在 System.Web.Handlers.ScriptResourceHandler.ProcessRequest(HttpContext context)
   在 System.Web.Handlers.ScriptResourceHandler.System.Web.IHttpHandler.ProcessRequest(HttpContext context)
   在 System.Web.HttpApplication.CallHandlerExecutionStep.System.Web.HttpApplication.IExecutionStep.Execute()
   在 System.Web.HttpApplication.ExecuteStep(IExecutionStep step, Boolean& completedSynchronously)
2015-04-27 09:47:38,236 [8] TREC.Web.Global ERROR - 错误:
UrlReferrer:
http://localhost:10080/admin/brand/brandlist.aspx
UserAgent:
Mozilla/5.0 (Windows NT 6.1; WOW64; rv:37.0) Gecko/20100101 Firefox/37.0
UserHostName:
127.0.0.1
UserHostAddress:
127.0.0.1

System.Web.HttpException: 此请求是无效的脚本资源请求。
   在 System.Web.Handlers.ScriptResourceHandler.Throw404()
   在 System.Web.Handlers.ScriptResourceHandler.ProcessRequest(HttpContext context)
   在 System.Web.Handlers.ScriptResourceHandler.System.Web.IHttpHandler.ProcessRequest(HttpContext context)
   在 System.Web.HttpApplication.CallHandlerExecutionStep.System.Web.HttpApplication.IExecutionStep.Execute()
   在 System.Web.HttpApplication.ExecuteStep(IExecutionStep step, Boolean& completedSynchronously)
2015-04-27 09:47:38,273 [9] TREC.Web.Global ERROR - 错误:
UrlReferrer:
http://localhost:10080/admin/brand/brandlist.aspx
UserAgent:
Mozilla/5.0 (Windows NT 6.1; WOW64; rv:37.0) Gecko/20100101 Firefox/37.0
UserHostName:
127.0.0.1
UserHostAddress:
127.0.0.1

System.Web.HttpException: 这是一个无效的 Webresource 请求。
   在 System.Web.Handlers.AssemblyResourceLoader.System.Web.IHttpHandler.ProcessRequest(HttpContext context)
   在 System.Web.HttpApplication.CallHandlerExecutionStep.System.Web.HttpApplication.IExecutionStep.Execute()
   在 System.Web.HttpApplication.ExecuteStep(IExecutionStep step, Boolean& completedSynchronously)
2015-04-27 09:47:38,327 [4] TREC.Web.Global ERROR - 错误:
UrlReferrer:
http://localhost:10080/admin/brand/brandlist.aspx
UserAgent:
Mozilla/5.0 (Windows NT 6.1; WOW64; rv:37.0) Gecko/20100101 Firefox/37.0
UserHostName:
127.0.0.1
UserHostAddress:
127.0.0.1

System.Web.HttpException: 此请求是无效的脚本资源请求。
   在 System.Web.Handlers.ScriptResourceHandler.Throw404()
   在 System.Web.Handlers.ScriptResourceHandler.ProcessRequest(HttpContext context)
   在 System.Web.Handlers.ScriptResourceHandler.System.Web.IHttpHandler.ProcessRequest(HttpContext context)
   在 System.Web.HttpApplication.CallHandlerExecutionStep.System.Web.HttpApplication.IExecutionStep.Execute()
   在 System.Web.HttpApplication.ExecuteStep(IExecutionStep step, Boolean& completedSynchronously)
2015-04-27 09:47:38,793 [8] TREC.Web.Global ERROR - 错误:
UrlReferrer:
http://localhost:10080/admin/brand/brandlist.aspx
UserAgent:
Mozilla/5.0 (Windows NT 6.1; WOW64; rv:37.0) Gecko/20100101 Firefox/37.0
UserHostName:
127.0.0.1
UserHostAddress:
127.0.0.1

System.Web.HttpException: 此请求是无效的脚本资源请求。
   在 System.Web.Handlers.ScriptResourceHandler.Throw404()
   在 System.Web.Handlers.ScriptResourceHandler.ProcessRequest(HttpContext context)
   在 System.Web.Handlers.ScriptResourceHandler.System.Web.IHttpHandler.ProcessRequest(HttpContext context)
   在 System.Web.HttpApplication.CallHandlerExecutionStep.System.Web.HttpApplication.IExecutionStep.Execute()
   在 System.Web.HttpApplication.ExecuteStep(IExecutionStep step, Boolean& completedSynchronously)
2015-04-27 09:49:23,164 [4] TREC.Web.Global DEBUG - 家具快搜停止
